<?xml version="1.0" encoding="UTF-8"?>
<testsuites name="Selecting products updates the number in carts" time="47" tests="3" failures="1" errors="0">
   <testsuite name="Selecting products updates the number in carts" tests="3" failures="1" errors="0" time="47" timestamp="2018-04-30 14:28:44" hostname="Donut - 10.80.178.12" id="Test Suites/Selecting products updates the number in carts">
      <properties>
         <property name="deviceName" value=""/>
         <property name="devicePlatform" value=""/>
         <property name="logFolder" value="C:\\Users\\Donut\\git\\234-project-katalon-test\\Reports\\Selecting products updates the number in carts\\20180430_142842"/>
         <property name="logFiles" value="C:\\Users\\Donut\\git\\234-project-katalon-test\\Reports\\Selecting products updates the number in carts\\20180430_142842\\execution0.log"/>
         <property name="attachments" value="C:\\Users\\Donut\\git\\234-project-katalon-test\\Reports\\Selecting products updates the number in carts\\20180430_142842\\1525073370090.png"/>
         <property name="hostName" value="Donut - 10.80.178.12"/>
         <property name="os" value="Windows 10 64bit"/>
         <property name="katalonVersion" value="5.3.1.1"/>
         <property name="browser" value="Firefox 59.0"/>
         <property name="hostAddress" value="10.80.178.12"/>
         <property name="sessionId" value="bc88d913-4dd8-43a6-aa60-a0ca01ea6719"/>
         <property name="seleniumVersion" value="3.7.1"/>
         <property name="proxyInformation" value="ProxyInformation{proxyOption=NO_PROXY, proxyServerType=HTTP, password=, proxyServerAddress=, proxyServerPort=0}"/>
         <property name="platform" value="Windows 10"/>
      </properties>
      <testcase name="Test Cases/Navigate to web" classname="Test Cases/Navigate to web" status="PASSED">
         <system-out><![CDATA[2018-04-30 14:28:44 - [TEST_CASE][PASSED] - Test Cases/Navigate to web: Test Cases/Navigate to web

2018-04-30 14:28:44 - [TEST_STEP][PASSED] - openBrowser: Browser is opened with url: ''

2018-04-30 14:28:50 - [MESSAGE][PASSED] - Browser is opened with url: ''

2018-04-30 14:28:50 - [TEST_STEP][PASSED] - navigateToUrl: Navigate to 'http://54.71.80.147:8086/' successfully

2018-04-30 14:28:57 - [MESSAGE][PASSED] - Navigate to 'http://54.71.80.147:8086/' successfully]]></system-out>
         <system-err><![CDATA[]]></system-err>
      </testcase>
      <testcase name="Test Cases/Login with credentials" classname="Test Cases/Login with credentials" status="PASSED">
         <system-out><![CDATA[2018-04-30 14:28:57 - [TEST_CASE][PASSED] - Test Cases/Login with credentials: Test Cases/Login with credentials

2018-04-30 14:28:57 - [TEST_STEP][PASSED] - setText: Text 'user' is set on object 'Object Repository/Login_Page/input_username'

2018-04-30 14:28:57 - [MESSAGE][PASSED] - Text 'user' is set on object 'Object Repository/Login_Page/input_username'

2018-04-30 14:28:57 - [TEST_STEP][PASSED] - setText: Text 'user' is set on object 'Object Repository/Login_Page/input_password'

2018-04-30 14:28:57 - [MESSAGE][PASSED] - Text 'user' is set on object 'Object Repository/Login_Page/input_password'

2018-04-30 14:28:57 - [TEST_STEP][PASSED] - click: Object: 'Object Repository/Login_Page/button_Login' is clicked on

2018-04-30 14:28:58 - [MESSAGE][PASSED] - Object: 'Object Repository/Login_Page/button_Login' is clicked on]]></system-out>
         <system-err><![CDATA[]]></system-err>
      </testcase>
      <testcase name="Test Cases/Selecting product" classname="Test Cases/Selecting product" status="FAILED">
         <failure type="FAILED" message="Unable to click on object 'Object Repository/Product page/Page_ProjectBackend/td_Banana' (Root cause: com.kms.katalon.core.webui.exception.WebElementNotFoundException: Web element with id: 'Object Repository/Product page/Page_ProjectBackend/td_Banana' located by 'By.xpath: //td[(text() = 'Banana' or . = 'Banana')]' not found)"/>
         <system-out><![CDATA[2018-04-30 14:28:58 - [TEST_CASE][FAILED] - Test Cases/Selecting product: Test Cases/Selecting product FAILED because (of) Unable to click on object 'Object Repository/Product page/Page_ProjectBackend/td_Banana' (Root cause: com.kms.katalon.core.webui.exception.WebElementNotFoundException: Web element with id: 'Object Repository/Product page/Page_ProjectBackend/td_Banana' located by 'By.xpath: //td[(text() = 'Banana' or . = 'Banana')]' not found)

2018-04-30 14:28:58 - [TEST_STEP][FAILED] - click: Unable to click on object 'Object Repository/Product page/Page_ProjectBackend/td_Banana' (Root cause: com.kms.katalon.core.webui.exception.WebElementNotFoundException: Web element with id: 'Object Repository/Product page/Page_ProjectBackend/td_Banana' located by 'By.xpath: //td[(text() = 'Banana' or . = 'Banana')]' not found)

2018-04-30 14:29:30 - [MESSAGE][FAILED] - Unable to click on object 'Object Repository/Product page/Page_ProjectBackend/td_Banana' (Root cause: com.kms.katalon.core.webui.exception.WebElementNotFoundException: Web element with id: 'Object Repository/Product page/Page_ProjectBackend/td_Banana' located by 'By.xpath: //td[(text() = 'Banana' or . = 'Banana')]' not found)
[[ATTACHMENT|C:\\Users\\Donut\\git\\234-project-katalon-test\\Reports\\Selecting products updates the number in carts\\20180430_142842\\1525073370090.png]]]]></system-out>
         <system-err><![CDATA[2018-04-30 14:28:58 - [TEST_CASE][FAILED] - Test Cases/Selecting product: Test Cases/Selecting product FAILED because (of) Unable to click on object 'Object Repository/Product page/Page_ProjectBackend/td_Banana' (Root cause: com.kms.katalon.core.webui.exception.WebElementNotFoundException: Web element with id: 'Object Repository/Product page/Page_ProjectBackend/td_Banana' located by 'By.xpath: //td[(text() = 'Banana' or . = 'Banana')]' not found)]]></system-err>
      </testcase>
      <testcase name="Test Cases/Exit browser" classname="Test Cases/Exit browser" status="PASSED">
         <system-out><![CDATA[2018-04-30 14:29:30 - [TEST_CASE][PASSED] - Test Cases/Exit browser: Test Cases/Exit browser

2018-04-30 14:29:30 - [TEST_STEP][PASSED] - closeBrowser: Browser is closed

2018-04-30 14:29:31 - [MESSAGE][PASSED] - Browser is closed]]></system-out>
         <system-err><![CDATA[]]></system-err>
      </testcase>
      <system-out><![CDATA[2018-04-30 14:28:44 - [TEST_SUITE][FAILED] - Selecting products updates the number in carts: Test Cases/Selecting product FAILED because (of) Unable to click on object 'Object Repository/Product page/Page_ProjectBackend/td_Banana' (Root cause: com.kms.katalon.core.webui.exception.WebElementNotFoundException: Web element with id: 'Object Repository/Product page/Page_ProjectBackend/td_Banana' located by 'By.xpath: //td[(text() = 'Banana' or . = 'Banana')]' not found)]]></system-out>
      <system-err><![CDATA[2018-04-30 14:28:44 - [TEST_SUITE][FAILED] - Selecting products updates the number in carts: Test Cases/Selecting product FAILED because (of) Unable to click on object 'Object Repository/Product page/Page_ProjectBackend/td_Banana' (Root cause: com.kms.katalon.core.webui.exception.WebElementNotFoundException: Web element with id: 'Object Repository/Product page/Page_ProjectBackend/td_Banana' located by 'By.xpath: //td[(text() = 'Banana' or . = 'Banana')]' not found)]]></system-err>
   </testsuite>
</testsuites>
