{"devicePlatform":"","logFolder":"C:\\Users\\Donut\\git\\234-project-katalon-test\\Reports\\Selecting products updates the number in carts\\20180430_180250","runData":{"hostName":"Donut - 10.80.178.12","os":"Windows 10 64bit","katalonVersion":"5.3.1.1","browser":"Firefox 59.0","hostAddress":"10.80.178.12","sessionId":"83e96baa-c948-4155-8a23-2b220b29d6d6","seleniumVersion":"3.7.1","proxyInformation":"ProxyInformation{proxyOption\u003dNO_PROXY, proxyServerType\u003dHTTP, password\u003d, proxyServerAddress\u003d, proxyServerPort\u003d0}","platform":"Windows 10"},"type":"TEST_SUITE","name":"Selecting products updates the number in carts","id":"Test Suites/Selecting products updates the number in carts","source":"","message":"Test Cases/Selecting product FAILED because (of) Variable \u0027i\u0027 is not defined for test case.","description":"","startTime":1525086172399,"endTime":1525086192370,"childRecords":[{"isOptional":false,"type":"TEST_CASE","name":"Test Cases/Navigate to web","id":"Test Cases/Navigate to web","source":"C:\\\\Users\\\\Donut\\\\git\\\\234-project-katalon-test\\\\Test Cases\\\\Navigate to web.tc","message":"Test Cases/Navigate to web","description":"Use to navigate to certain urls","startTime":1525086172893,"endTime":1525086188440,"childRecords":[{"testStatus":{"stackTrace":"","statusValue":"INFO"},"type":"MESSAGE","name":"","message":"Evaluating variables for test case","startTime":1525086172927,"endTime":0,"childRecords":[],"interuppted":false},{"index":1,"isIgnoredIfFailed":false,"type":"TEST_STEP","name":"openBrowser","message":"Browser is opened with url: \u0027\u0027","description":"","startTime":1525086173297,"endTime":1525086178971,"childRecords":[{"testStatus":{"stackTrace":"","statusValue":"PASSED"},"type":"MESSAGE","name":"","message":"Browser is opened with url: \u0027\u0027","startTime":1525086178964,"endTime":0,"childRecords":[],"interuppted":false}],"interuppted":false},{"index":2,"isIgnoredIfFailed":false,"type":"TEST_STEP","name":"navigateToUrl","message":"Navigate to \u0027http://54.71.80.147:8086/\u0027 successfully","description":"","startTime":1525086178972,"endTime":1525086188439,"childRecords":[{"testStatus":{"stackTrace":"","statusValue":"PASSED"},"type":"MESSAGE","name":"","message":"Navigate to \u0027http://54.71.80.147:8086/\u0027 successfully","startTime":1525086188439,"endTime":0,"childRecords":[],"interuppted":false}],"interuppted":false},{"testStatus":{"stackTrace":"","statusValue":"PASSED"},"type":"MESSAGE","name":"","message":"Test Cases/Navigate to web","startTime":1525086188440,"endTime":0,"childRecords":[],"interuppted":false}],"interuppted":false},{"isOptional":false,"type":"TEST_CASE","name":"Test Cases/Login with credentials","id":"Test Cases/Login with credentials","source":"C:\\\\Users\\\\Donut\\\\git\\\\234-project-katalon-test\\\\Test Cases\\\\Login with credentials.tc","message":"Test Cases/Login with credentials","description":"This test case will login with given infos","startTime":1525086188443,"endTime":1525086189395,"childRecords":[{"testStatus":{"stackTrace":"","statusValue":"INFO"},"type":"MESSAGE","name":"","message":"Evaluating variables for test case","startTime":1525086188458,"endTime":0,"childRecords":[],"interuppted":false},{"testStatus":{"stackTrace":"","statusValue":"INFO"},"type":"MESSAGE","name":"","message":"Variable \u0027Username\u0027 is set to user","startTime":1525086188458,"endTime":0,"childRecords":[],"interuppted":false},{"testStatus":{"stackTrace":"","statusValue":"INFO"},"type":"MESSAGE","name":"","message":"Variable \u0027Password\u0027 is set to user","startTime":1525086188458,"endTime":0,"childRecords":[],"interuppted":false},{"index":1,"isIgnoredIfFailed":false,"type":"TEST_STEP","name":"setText","message":"Text \u0027user\u0027 is set on object \u0027Object Repository/Login_Page/input_username\u0027","description":"","startTime":1525086188677,"endTime":1525086188889,"childRecords":[{"testStatus":{"stackTrace":"","statusValue":"PASSED"},"type":"MESSAGE","name":"","message":"Text \u0027user\u0027 is set on object \u0027Object Repository/Login_Page/input_username\u0027","startTime":1525086188889,"endTime":0,"childRecords":[],"interuppted":false}],"interuppted":false},{"index":2,"isIgnoredIfFailed":false,"type":"TEST_STEP","name":"setText","message":"Text \u0027user\u0027 is set on object \u0027Object Repository/Login_Page/input_password\u0027","description":"","startTime":1525086188889,"endTime":1525086188999,"childRecords":[{"testStatus":{"stackTrace":"","statusValue":"PASSED"},"type":"MESSAGE","name":"","message":"Text \u0027user\u0027 is set on object \u0027Object Repository/Login_Page/input_password\u0027","startTime":1525086188999,"endTime":0,"childRecords":[],"interuppted":false}],"interuppted":false},{"index":3,"isIgnoredIfFailed":false,"type":"TEST_STEP","name":"click","message":"Object: \u0027Object Repository/Login_Page/button_Login\u0027 is clicked on","description":"","startTime":1525086189015,"endTime":1525086189395,"childRecords":[{"testStatus":{"stackTrace":"","statusValue":"PASSED"},"type":"MESSAGE","name":"","message":"Object: \u0027Object Repository/Login_Page/button_Login\u0027 is clicked on","startTime":1525086189395,"endTime":0,"childRecords":[],"interuppted":false}],"interuppted":false},{"testStatus":{"stackTrace":"","statusValue":"PASSED"},"type":"MESSAGE","name":"","message":"Test Cases/Login with credentials","startTime":1525086189395,"endTime":0,"childRecords":[],"interuppted":false}],"interuppted":false},{"isOptional":false,"type":"TEST_CASE","name":"Test Cases/Selecting product","id":"Test Cases/Selecting product","source":"C:\\\\Users\\\\Donut\\\\git\\\\234-project-katalon-test\\\\Test Cases\\\\Selecting product.tc","message":"Test Cases/Selecting product FAILED because (of) Variable \u0027i\u0027 is not defined for test case.","description":"","startTime":1525086189395,"endTime":1525086191821,"childRecords":[{"testStatus":{"stackTrace":"","statusValue":"INFO"},"type":"MESSAGE","name":"","message":"Evaluating variables for test case","startTime":1525086189410,"endTime":0,"childRecords":[],"interuppted":false},{"index":1,"isIgnoredIfFailed":false,"type":"TEST_STEP","name":"delay","message":"Delayed 2 second(s)","description":"","startTime":1525086189705,"endTime":1525086191722,"childRecords":[{"testStatus":{"stackTrace":"","statusValue":"PASSED"},"type":"MESSAGE","name":"","message":"Delayed 2 second(s)","startTime":1525086191722,"endTime":0,"childRecords":[],"interuppted":false}],"interuppted":false},{"index":2,"isIgnoredIfFailed":false,"type":"TEST_STEP","name":"Statement - driver \u003d com.kms.katalon.core.webui.driver.DriverFactory.getWebDriver()","description":"","startTime":1525086191723,"endTime":1525086191726,"childRecords":[],"interuppted":false},{"index":3,"isIgnoredIfFailed":false,"type":"TEST_STEP","name":"Statement - Products \u003d driver.findElement(org.openqa.selenium.By.xpath(\"/html/body/app-root/app-product-list/div/div[2]/div\"))","description":"","startTime":1525086191726,"endTime":1525086191767,"childRecords":[],"interuppted":false},{"index":4,"isIgnoredIfFailed":false,"type":"TEST_STEP","name":"Statement - farmerCards \u003d Products.findElements(org.openqa.selenium.By.className(\"farmer-card\"))","description":"","startTime":1525086191767,"endTime":1525086191809,"childRecords":[],"interuppted":false},{"index":5,"isIgnoredIfFailed":false,"type":"TEST_STEP","name":"Statement - buttonAddProduct \u003d driver.findElement(org.openqa.selenium.By.xpath(\"/html/body/app-root/app-product-list/div/div[2]/div/div[\" + i + \"]/a/div[2]/div[2]/button\"))","description":"","startTime":1525086191809,"endTime":1525086191809,"childRecords":[],"interuppted":false},{"testStatus":{"stackTrace":"","statusValue":"ERROR"},"type":"MESSAGE","name":"","message":"Test Cases/Selecting product FAILED because (of) Variable \u0027i\u0027 is not defined for test case.","startTime":1525086191809,"endTime":0,"childRecords":[],"interuppted":false}],"interuppted":false},{"isOptional":false,"type":"TEST_CASE","name":"Test Cases/Exit browser","id":"Test Cases/Exit browser","source":"C:\\\\Users\\\\Donut\\\\git\\\\234-project-katalon-test\\\\Test Cases\\\\Exit browser.tc","message":"Test Cases/Exit browser","description":"use to terminate browser when testcase is done","startTime":1525086191821,"endTime":1525086192335,"childRecords":[{"testStatus":{"stackTrace":"","statusValue":"INFO"},"type":"MESSAGE","name":"","message":"Evaluating variables for test case","startTime":1525086191837,"endTime":0,"childRecords":[],"interuppted":false},{"index":1,"isIgnoredIfFailed":false,"type":"TEST_STEP","name":"closeBrowser","message":"Browser is closed","description":"","startTime":1525086192035,"endTime":1525086192335,"childRecords":[{"testStatus":{"stackTrace":"","statusValue":"PASSED"},"type":"MESSAGE","name":"","message":"Browser is closed","startTime":1525086192335,"endTime":0,"childRecords":[],"interuppted":false}],"interuppted":false},{"testStatus":{"stackTrace":"","statusValue":"PASSED"},"type":"MESSAGE","name":"","message":"Test Cases/Exit browser","startTime":1525086192335,"endTime":0,"childRecords":[],"interuppted":false}],"interuppted":false}],"interuppted":false}