<?xml version="1.0" encoding="UTF-8"?>
<testsuites name="Login dirty field test" time="34" tests="2" failures="2" errors="0">
   <testsuite name="Login dirty field test" tests="2" failures="2" errors="0" time="34" timestamp="2018-04-29 11:46:41" hostname="Donut - DESKTOP-IGTTMO3" id="Test Suites/Login dirty field test">
      <properties>
         <property name="deviceName" value=""/>
         <property name="devicePlatform" value=""/>
         <property name="logFolder" value="C:\\Users\\Donut\\git\\234-project-katalon-test\\Reports\\Login dirty field test\\20180429_114639"/>
         <property name="logFiles" value="C:\\Users\\Donut\\git\\234-project-katalon-test\\Reports\\Login dirty field test\\20180429_114639\\execution0.log"/>
         <property name="attachments" value=""/>
         <property name="hostName" value="Donut - DESKTOP-IGTTMO3"/>
         <property name="os" value="Windows 10 64bit"/>
         <property name="katalonVersion" value="5.3.1.1"/>
         <property name="browser" value="Firefox 59.0"/>
         <property name="hostAddress" value="172.20.10.2"/>
         <property name="sessionId" value="a81dc72d-7120-4dbc-8d3c-cba00c189319"/>
         <property name="seleniumVersion" value="3.7.1"/>
         <property name="proxyInformation" value="ProxyInformation{proxyOption=NO_PROXY, proxyServerType=HTTP, password=, proxyServerAddress=, proxyServerPort=0}"/>
         <property name="platform" value="Windows 10"/>
      </properties>
      <testcase name="Test Cases/Navigate to web" classname="Test Cases/Navigate to web" status="PASSED">
         <system-out><![CDATA[2018-04-29 11:46:42 - [TEST_CASE][PASSED] - Test Cases/Navigate to web: Test Cases/Navigate to web

2018-04-29 11:46:42 - [TEST_STEP][PASSED] - openBrowser: Browser is opened with url: ''

2018-04-29 11:46:48 - [MESSAGE][PASSED] - Browser is opened with url: ''

2018-04-29 11:46:48 - [TEST_STEP][PASSED] - navigateToUrl: Navigate to 'http://54.71.80.147:8086/' successfully

2018-04-29 11:47:02 - [MESSAGE][PASSED] - Navigate to 'http://54.71.80.147:8086/' successfully]]></system-out>
         <system-err><![CDATA[]]></system-err>
      </testcase>
      <testcase name="Test Cases/Login with credentials" classname="Test Cases/Login with credentials" status="PASSED">
         <system-out><![CDATA[2018-04-29 11:47:02 - [TEST_CASE][PASSED] - Test Cases/Login with credentials: Test Cases/Login with credentials

2018-04-29 11:47:02 - [TEST_STEP][PASSED] - setText: Text '1' is set on object 'Object Repository/Login_Page/input_username'

2018-04-29 11:47:02 - [MESSAGE][PASSED] - Text '1' is set on object 'Object Repository/Login_Page/input_username'

2018-04-29 11:47:02 - [TEST_STEP][PASSED] - setText: Text '1' is set on object 'Object Repository/Login_Page/input_password'

2018-04-29 11:47:02 - [MESSAGE][PASSED] - Text '1' is set on object 'Object Repository/Login_Page/input_password'

2018-04-29 11:47:02 - [TEST_STEP][PASSED] - click: Object: 'Object Repository/Login_Page/button_Login' is clicked on

2018-04-29 11:47:03 - [MESSAGE][PASSED] - Object: 'Object Repository/Login_Page/button_Login' is clicked on]]></system-out>
         <system-err><![CDATA[]]></system-err>
      </testcase>
      <testcase name="Test Cases/Empty and check dirty messages for form" classname="Test Cases/Empty and check dirty messages for form" status="FAILED">
         <failure type="FAILED" message="Unable to verify object 'Object Repository/Login_Page/label_Username is required' is present (Root cause: org.openqa.selenium.NoSuchWindowException: Browsing context has been discarded
Build info: version: '3.7.1', revision: '8a0099a', time: '2017-11-06T21:07:36.161Z'
System info: host: 'DESKTOP-IGTTMO3', ip: '172.20.10.2', os.name: 'Windows 10', os.arch: 'amd64', os.version: '10.0', java.version: '1.8.0_102'
Driver info: com.kms.katalon.core.webui.driver.firefox.CGeckoDriver
Capabilities {acceptInsecureCerts: true, browserName: firefox, browserVersion: 59.0.2, javascriptEnabled: true, moz:accessibilityChecks: false, moz:headless: false, moz:processID: 12860, moz:profile: C:\Users\Donut\AppData\Loca..., moz:useNonSpecCompliantPointerOrigin: false, moz:webdriverClick: true, pageLoadStrategy: normal, platform: XP, platformName: XP, platformVersion: 10.0, proxy: Proxy(direct), rotatable: false, timeouts: {implicit: 0, pageLoad: 300000, script: 30000}}
Session ID: a81dc72d-7120-4dbc-8d3c-cba00c189319
*** Element info: {Using=xpath, value=/html[1]/body[1]/app-root[1]/app-login[1]/div[@class=&quot;col-md-6 col-md-offset-3&quot;]/form[@class=&quot;ng-pristine ng-invalid ng-touched&quot;]/div[@class=&quot;form-group text-danger&quot;]/label[@class=&quot;text-danger&quot;][count(. | //*[(text() = 'Username is required' or . = 'Username is required')]) = count(//*[(text() = 'Username is required' or . = 'Username is required')])]})"/>
         <system-out><![CDATA[2018-04-29 11:47:03 - [TEST_CASE][FAILED] - Test Cases/Empty and check dirty messages for form: Test Cases/Empty and check dirty messages for form FAILED because (of) Unable to verify object 'Object Repository/Login_Page/label_Username is required' is present (Root cause: org.openqa.selenium.NoSuchWindowException: Browsing context has been discarded
Build info: version: '3.7.1', revision: '8a0099a', time: '2017-11-06T21:07:36.161Z'
System info: host: 'DESKTOP-IGTTMO3', ip: '172.20.10.2', os.name: 'Windows 10', os.arch: 'amd64', os.version: '10.0', java.version: '1.8.0_102'
Driver info: com.kms.katalon.core.webui.driver.firefox.CGeckoDriver
Capabilities {acceptInsecureCerts: true, browserName: firefox, browserVersion: 59.0.2, javascriptEnabled: true, moz:accessibilityChecks: false, moz:headless: false, moz:processID: 12860, moz:profile: C:\Users\Donut\AppData\Loca..., moz:useNonSpecCompliantPointerOrigin: false, moz:webdriverClick: true, pageLoadStrategy: normal, platform: XP, platformName: XP, platformVersion: 10.0, proxy: Proxy(direct), rotatable: false, timeouts: {implicit: 0, pageLoad: 300000, script: 30000}}
Session ID: a81dc72d-7120-4dbc-8d3c-cba00c189319
*** Element info: {Using=xpath, value=/html[1]/body[1]/app-root[1]/app-login[1]/div[@class="col-md-6 col-md-offset-3"]/form[@class="ng-pristine ng-invalid ng-touched"]/div[@class="form-group text-danger"]/label[@class="text-danger"][count(. | //*[(text() = 'Username is required' or . = 'Username is required')]) = count(//*[(text() = 'Username is required' or . = 'Username is required')])]})

2018-04-29 11:47:03 - [TEST_STEP][PASSED] - delay: Delayed 2 second(s)

2018-04-29 11:47:05 - [MESSAGE][PASSED] - Delayed 2 second(s)

2018-04-29 11:47:05 - [TEST_STEP][PASSED] - doubleClick: Object: 'Object Repository/Login_Page/input_username' is double clicked on

2018-04-29 11:47:05 - [MESSAGE][PASSED] - Object: 'Object Repository/Login_Page/input_username' is double clicked on

2018-04-29 11:47:05 - [TEST_STEP][PASSED] - delay: Delayed 1 second(s)

2018-04-29 11:47:06 - [MESSAGE][PASSED] - Delayed 1 second(s)

2018-04-29 11:47:06 - [TEST_STEP][PASSED] - doubleClick: Object: 'Object Repository/Login_Page/input_password' is double clicked on

2018-04-29 11:47:06 - [MESSAGE][PASSED] - Object: 'Object Repository/Login_Page/input_password' is double clicked on

2018-04-29 11:47:06 - [TEST_STEP][PASSED] - delay: Delayed 1 second(s)

2018-04-29 11:47:07 - [MESSAGE][PASSED] - Delayed 1 second(s)

2018-04-29 11:47:07 - [TEST_STEP][PASSED] - doubleClick: Object: 'Object Repository/Login_Page/input_username' is double clicked on

2018-04-29 11:47:08 - [MESSAGE][PASSED] - Object: 'Object Repository/Login_Page/input_username' is double clicked on

2018-04-29 11:47:08 - [TEST_STEP][PASSED] - delay: Delayed 1 second(s)

2018-04-29 11:47:09 - [MESSAGE][PASSED] - Delayed 1 second(s)

2018-04-29 11:47:09 - [TEST_STEP][PASSED] - doubleClick: Object: 'Object Repository/Login_Page/input_password' is double clicked on

2018-04-29 11:47:09 - [MESSAGE][PASSED] - Object: 'Object Repository/Login_Page/input_password' is double clicked on

2018-04-29 11:47:09 - [TEST_STEP][PASSED] - delay: Delayed 1 second(s)

2018-04-29 11:47:10 - [MESSAGE][PASSED] - Delayed 1 second(s)

2018-04-29 11:47:10 - [TEST_STEP][FAILED] - verifyElementPresent: Unable to verify object 'Object Repository/Login_Page/label_Username is required' is present (Root cause: org.openqa.selenium.NoSuchWindowException: Browsing context has been discarded
Build info: version: '3.7.1', revision: '8a0099a', time: '2017-11-06T21:07:36.161Z'
System info: host: 'DESKTOP-IGTTMO3', ip: '172.20.10.2', os.name: 'Windows 10', os.arch: 'amd64', os.version: '10.0', java.version: '1.8.0_102'
Driver info: com.kms.katalon.core.webui.driver.firefox.CGeckoDriver
Capabilities {acceptInsecureCerts: true, browserName: firefox, browserVersion: 59.0.2, javascriptEnabled: true, moz:accessibilityChecks: false, moz:headless: false, moz:processID: 12860, moz:profile: C:\Users\Donut\AppData\Loca..., moz:useNonSpecCompliantPointerOrigin: false, moz:webdriverClick: true, pageLoadStrategy: normal, platform: XP, platformName: XP, platformVersion: 10.0, proxy: Proxy(direct), rotatable: false, timeouts: {implicit: 0, pageLoad: 300000, script: 30000}}
Session ID: a81dc72d-7120-4dbc-8d3c-cba00c189319
*** Element info: {Using=xpath, value=/html[1]/body[1]/app-root[1]/app-login[1]/div[@class="col-md-6 col-md-offset-3"]/form[@class="ng-pristine ng-invalid ng-touched"]/div[@class="form-group text-danger"]/label[@class="text-danger"][count(. | //*[(text() = 'Username is required' or . = 'Username is required')]) = count(//*[(text() = 'Username is required' or . = 'Username is required')])]})

2018-04-29 11:47:10 - [MESSAGE][WARNING] - Timeout '0' is invalid. Using default page load timeout: '30'

2018-04-29 11:47:16 - [MESSAGE][WARNING] - Cannot take screenshot

2018-04-29 11:47:16 - [MESSAGE][FAILED] - Unable to verify object 'Object Repository/Login_Page/label_Username is required' is present (Root cause: org.openqa.selenium.NoSuchWindowException: Browsing context has been discarded
Build info: version: '3.7.1', revision: '8a0099a', time: '2017-11-06T21:07:36.161Z'
System info: host: 'DESKTOP-IGTTMO3', ip: '172.20.10.2', os.name: 'Windows 10', os.arch: 'amd64', os.version: '10.0', java.version: '1.8.0_102'
Driver info: com.kms.katalon.core.webui.driver.firefox.CGeckoDriver
Capabilities {acceptInsecureCerts: true, browserName: firefox, browserVersion: 59.0.2, javascriptEnabled: true, moz:accessibilityChecks: false, moz:headless: false, moz:processID: 12860, moz:profile: C:\Users\Donut\AppData\Loca..., moz:useNonSpecCompliantPointerOrigin: false, moz:webdriverClick: true, pageLoadStrategy: normal, platform: XP, platformName: XP, platformVersion: 10.0, proxy: Proxy(direct), rotatable: false, timeouts: {implicit: 0, pageLoad: 300000, script: 30000}}
Session ID: a81dc72d-7120-4dbc-8d3c-cba00c189319
*** Element info: {Using=xpath, value=/html[1]/body[1]/app-root[1]/app-login[1]/div[@class="col-md-6 col-md-offset-3"]/form[@class="ng-pristine ng-invalid ng-touched"]/div[@class="form-group text-danger"]/label[@class="text-danger"][count(. | //*[(text() = 'Username is required' or . = 'Username is required')]) = count(//*[(text() = 'Username is required' or . = 'Username is required')])]})]]></system-out>
         <system-err><![CDATA[2018-04-29 11:47:03 - [TEST_CASE][FAILED] - Test Cases/Empty and check dirty messages for form: Test Cases/Empty and check dirty messages for form FAILED because (of) Unable to verify object 'Object Repository/Login_Page/label_Username is required' is present (Root cause: org.openqa.selenium.NoSuchWindowException: Browsing context has been discarded
Build info: version: '3.7.1', revision: '8a0099a', time: '2017-11-06T21:07:36.161Z'
System info: host: 'DESKTOP-IGTTMO3', ip: '172.20.10.2', os.name: 'Windows 10', os.arch: 'amd64', os.version: '10.0', java.version: '1.8.0_102'
Driver info: com.kms.katalon.core.webui.driver.firefox.CGeckoDriver
Capabilities {acceptInsecureCerts: true, browserName: firefox, browserVersion: 59.0.2, javascriptEnabled: true, moz:accessibilityChecks: false, moz:headless: false, moz:processID: 12860, moz:profile: C:\Users\Donut\AppData\Loca..., moz:useNonSpecCompliantPointerOrigin: false, moz:webdriverClick: true, pageLoadStrategy: normal, platform: XP, platformName: XP, platformVersion: 10.0, proxy: Proxy(direct), rotatable: false, timeouts: {implicit: 0, pageLoad: 300000, script: 30000}}
Session ID: a81dc72d-7120-4dbc-8d3c-cba00c189319
*** Element info: {Using=xpath, value=/html[1]/body[1]/app-root[1]/app-login[1]/div[@class="col-md-6 col-md-offset-3"]/form[@class="ng-pristine ng-invalid ng-touched"]/div[@class="form-group text-danger"]/label[@class="text-danger"][count(. | //*[(text() = 'Username is required' or . = 'Username is required')]) = count(//*[(text() = 'Username is required' or . = 'Username is required')])]})]]></system-err>
      </testcase>
      <testcase name="Test Cases/Exit browser" classname="Test Cases/Exit browser" status="FAILED">
         <failure type="FAILED" message="Unable to close browser (Root cause: org.openqa.selenium.SessionNotCreatedException: Tried to run command without establishing a connection
Build info: version: '3.7.1', revision: '8a0099a', time: '2017-11-06T21:07:36.161Z'
System info: host: 'DESKTOP-IGTTMO3', ip: '172.20.10.2', os.name: 'Windows 10', os.arch: 'amd64', os.version: '10.0', java.version: '1.8.0_102'
Driver info: com.kms.katalon.core.webui.driver.firefox.CGeckoDriver
Capabilities {acceptInsecureCerts: true, browserName: firefox, browserVersion: 59.0.2, javascriptEnabled: true, moz:accessibilityChecks: false, moz:headless: false, moz:processID: 12860, moz:profile: C:\Users\Donut\AppData\Loca..., moz:useNonSpecCompliantPointerOrigin: false, moz:webdriverClick: true, pageLoadStrategy: normal, platform: XP, platformName: XP, platformVersion: 10.0, proxy: Proxy(direct), rotatable: false, timeouts: {implicit: 0, pageLoad: 300000, script: 30000}}
Session ID: a81dc72d-7120-4dbc-8d3c-cba00c189319)"/>
         <system-out><![CDATA[2018-04-29 11:47:16 - [TEST_CASE][FAILED] - Test Cases/Exit browser: Test Cases/Exit browser FAILED because (of) Unable to close browser (Root cause: org.openqa.selenium.SessionNotCreatedException: Tried to run command without establishing a connection
Build info: version: '3.7.1', revision: '8a0099a', time: '2017-11-06T21:07:36.161Z'
System info: host: 'DESKTOP-IGTTMO3', ip: '172.20.10.2', os.name: 'Windows 10', os.arch: 'amd64', os.version: '10.0', java.version: '1.8.0_102'
Driver info: com.kms.katalon.core.webui.driver.firefox.CGeckoDriver
Capabilities {acceptInsecureCerts: true, browserName: firefox, browserVersion: 59.0.2, javascriptEnabled: true, moz:accessibilityChecks: false, moz:headless: false, moz:processID: 12860, moz:profile: C:\Users\Donut\AppData\Loca..., moz:useNonSpecCompliantPointerOrigin: false, moz:webdriverClick: true, pageLoadStrategy: normal, platform: XP, platformName: XP, platformVersion: 10.0, proxy: Proxy(direct), rotatable: false, timeouts: {implicit: 0, pageLoad: 300000, script: 30000}}
Session ID: a81dc72d-7120-4dbc-8d3c-cba00c189319)

2018-04-29 11:47:16 - [TEST_STEP][FAILED] - closeBrowser: Unable to close browser (Root cause: org.openqa.selenium.SessionNotCreatedException: Tried to run command without establishing a connection
Build info: version: '3.7.1', revision: '8a0099a', time: '2017-11-06T21:07:36.161Z'
System info: host: 'DESKTOP-IGTTMO3', ip: '172.20.10.2', os.name: 'Windows 10', os.arch: 'amd64', os.version: '10.0', java.version: '1.8.0_102'
Driver info: com.kms.katalon.core.webui.driver.firefox.CGeckoDriver
Capabilities {acceptInsecureCerts: true, browserName: firefox, browserVersion: 59.0.2, javascriptEnabled: true, moz:accessibilityChecks: false, moz:headless: false, moz:processID: 12860, moz:profile: C:\Users\Donut\AppData\Loca..., moz:useNonSpecCompliantPointerOrigin: false, moz:webdriverClick: true, pageLoadStrategy: normal, platform: XP, platformName: XP, platformVersion: 10.0, proxy: Proxy(direct), rotatable: false, timeouts: {implicit: 0, pageLoad: 300000, script: 30000}}
Session ID: a81dc72d-7120-4dbc-8d3c-cba00c189319)

2018-04-29 11:47:16 - [MESSAGE][WARNING] - Cannot take screenshot

2018-04-29 11:47:16 - [MESSAGE][FAILED] - Unable to close browser (Root cause: org.openqa.selenium.SessionNotCreatedException: Tried to run command without establishing a connection
Build info: version: '3.7.1', revision: '8a0099a', time: '2017-11-06T21:07:36.161Z'
System info: host: 'DESKTOP-IGTTMO3', ip: '172.20.10.2', os.name: 'Windows 10', os.arch: 'amd64', os.version: '10.0', java.version: '1.8.0_102'
Driver info: com.kms.katalon.core.webui.driver.firefox.CGeckoDriver
Capabilities {acceptInsecureCerts: true, browserName: firefox, browserVersion: 59.0.2, javascriptEnabled: true, moz:accessibilityChecks: false, moz:headless: false, moz:processID: 12860, moz:profile: C:\Users\Donut\AppData\Loca..., moz:useNonSpecCompliantPointerOrigin: false, moz:webdriverClick: true, pageLoadStrategy: normal, platform: XP, platformName: XP, platformVersion: 10.0, proxy: Proxy(direct), rotatable: false, timeouts: {implicit: 0, pageLoad: 300000, script: 30000}}
Session ID: a81dc72d-7120-4dbc-8d3c-cba00c189319)]]></system-out>
         <system-err><![CDATA[2018-04-29 11:47:16 - [TEST_CASE][FAILED] - Test Cases/Exit browser: Test Cases/Exit browser FAILED because (of) Unable to close browser (Root cause: org.openqa.selenium.SessionNotCreatedException: Tried to run command without establishing a connection
Build info: version: '3.7.1', revision: '8a0099a', time: '2017-11-06T21:07:36.161Z'
System info: host: 'DESKTOP-IGTTMO3', ip: '172.20.10.2', os.name: 'Windows 10', os.arch: 'amd64', os.version: '10.0', java.version: '1.8.0_102'
Driver info: com.kms.katalon.core.webui.driver.firefox.CGeckoDriver
Capabilities {acceptInsecureCerts: true, browserName: firefox, browserVersion: 59.0.2, javascriptEnabled: true, moz:accessibilityChecks: false, moz:headless: false, moz:processID: 12860, moz:profile: C:\Users\Donut\AppData\Loca..., moz:useNonSpecCompliantPointerOrigin: false, moz:webdriverClick: true, pageLoadStrategy: normal, platform: XP, platformName: XP, platformVersion: 10.0, proxy: Proxy(direct), rotatable: false, timeouts: {implicit: 0, pageLoad: 300000, script: 30000}}
Session ID: a81dc72d-7120-4dbc-8d3c-cba00c189319)]]></system-err>
      </testcase>
      <system-out><![CDATA[2018-04-29 11:46:41 - [TEST_SUITE][FAILED] - Login dirty field test: Test Cases/Empty and check dirty messages for form FAILED because (of) Unable to verify object 'Object Repository/Login_Page/label_Username is required' is present (Root cause: org.openqa.selenium.NoSuchWindowException: Browsing context has been discarded
Build info: version: '3.7.1', revision: '8a0099a', time: '2017-11-06T21:07:36.161Z'
System info: host: 'DESKTOP-IGTTMO3', ip: '172.20.10.2', os.name: 'Windows 10', os.arch: 'amd64', os.version: '10.0', java.version: '1.8.0_102'
Driver info: com.kms.katalon.core.webui.driver.firefox.CGeckoDriver
Capabilities {acceptInsecureCerts: true, browserName: firefox, browserVersion: 59.0.2, javascriptEnabled: true, moz:accessibilityChecks: false, moz:headless: false, moz:processID: 12860, moz:profile: C:\Users\Donut\AppData\Loca..., moz:useNonSpecCompliantPointerOrigin: false, moz:webdriverClick: true, pageLoadStrategy: normal, platform: XP, platformName: XP, platformVersion: 10.0, proxy: Proxy(direct), rotatable: false, timeouts: {implicit: 0, pageLoad: 300000, script: 30000}}
Session ID: a81dc72d-7120-4dbc-8d3c-cba00c189319
*** Element info: {Using=xpath, value=/html[1]/body[1]/app-root[1]/app-login[1]/div[@class="col-md-6 col-md-offset-3"]/form[@class="ng-pristine ng-invalid ng-touched"]/div[@class="form-group text-danger"]/label[@class="text-danger"][count(. | //*[(text() = 'Username is required' or . = 'Username is required')]) = count(//*[(text() = 'Username is required' or . = 'Username is required')])]})]]></system-out>
      <system-err><![CDATA[2018-04-29 11:46:41 - [TEST_SUITE][FAILED] - Login dirty field test: Test Cases/Empty and check dirty messages for form FAILED because (of) Unable to verify object 'Object Repository/Login_Page/label_Username is required' is present (Root cause: org.openqa.selenium.NoSuchWindowException: Browsing context has been discarded
Build info: version: '3.7.1', revision: '8a0099a', time: '2017-11-06T21:07:36.161Z'
System info: host: 'DESKTOP-IGTTMO3', ip: '172.20.10.2', os.name: 'Windows 10', os.arch: 'amd64', os.version: '10.0', java.version: '1.8.0_102'
Driver info: com.kms.katalon.core.webui.driver.firefox.CGeckoDriver
Capabilities {acceptInsecureCerts: true, browserName: firefox, browserVersion: 59.0.2, javascriptEnabled: true, moz:accessibilityChecks: false, moz:headless: false, moz:processID: 12860, moz:profile: C:\Users\Donut\AppData\Loca..., moz:useNonSpecCompliantPointerOrigin: false, moz:webdriverClick: true, pageLoadStrategy: normal, platform: XP, platformName: XP, platformVersion: 10.0, proxy: Proxy(direct), rotatable: false, timeouts: {implicit: 0, pageLoad: 300000, script: 30000}}
Session ID: a81dc72d-7120-4dbc-8d3c-cba00c189319
*** Element info: {Using=xpath, value=/html[1]/body[1]/app-root[1]/app-login[1]/div[@class="col-md-6 col-md-offset-3"]/form[@class="ng-pristine ng-invalid ng-touched"]/div[@class="form-group text-danger"]/label[@class="text-danger"][count(. | //*[(text() = 'Username is required' or . = 'Username is required')]) = count(//*[(text() = 'Username is required' or . = 'Username is required')])]})]]></system-err>
   </testsuite>
</testsuites>
