{"devicePlatform":"","logFolder":"C:\\Users\\Donut\\git\\234-project-katalon-test\\Reports\\Login as user\\20180428_233306","runData":{"hostName":"Donut - DESKTOP-IGTTMO3","os":"Windows 10 64bit","katalonVersion":"5.3.1.1","browser":"Firefox 59.0","hostAddress":"172.20.10.2","sessionId":"9bd72c28-6cab-4f16-98c8-99f2d5e543f0","seleniumVersion":"3.7.1","proxyInformation":"ProxyInformation{proxyOption\u003dNO_PROXY, proxyServerType\u003dHTTP, password\u003d, proxyServerAddress\u003d, proxyServerPort\u003d0}","platform":"Windows 10"},"type":"TEST_SUITE","name":"Login as user","id":"Test Suites/Login as user","source":"","message":"Test Cases/Verify user landing page FAILED because (of) Verify element text of test object \u0027Object Repository/Page_ProjectBackend (1)/a_Products\u0027 FAILED. (Root cause: Actual text \u0027Products\u0027 and expected text \u0027Product\u0027 of test object \u0027Object Repository/Page_ProjectBackend (1)/a_Products\u0027 are NOT matched.)","description":"","startTime":1524933188869,"endTime":1524933211330,"childRecords":[{"isOptional":false,"type":"TEST_CASE","name":"Test Cases/Navigate to web","id":"Test Cases/Navigate to web","source":"C:\\\\Users\\\\Donut\\\\git\\\\234-project-katalon-test\\\\Test Cases\\\\Navigate to web.tc","message":"Test Cases/Navigate to web","description":"Use to navigate to certain urls","startTime":1524933189337,"endTime":1524933208586,"childRecords":[{"testStatus":{"stackTrace":"","statusValue":"INFO"},"type":"MESSAGE","name":"","message":"Evaluating variables for test case","startTime":1524933189377,"endTime":0,"childRecords":[],"interuppted":false},{"index":1,"isIgnoredIfFailed":false,"type":"TEST_STEP","name":"openBrowser","message":"Browser is opened with url: \u0027\u0027","description":"","startTime":1524933189769,"endTime":1524933195513,"childRecords":[{"testStatus":{"stackTrace":"","statusValue":"PASSED"},"type":"MESSAGE","name":"","message":"Browser is opened with url: \u0027\u0027","startTime":1524933195508,"endTime":0,"childRecords":[],"interuppted":false}],"interuppted":false},{"index":2,"isIgnoredIfFailed":false,"type":"TEST_STEP","name":"navigateToUrl","message":"Navigate to \u0027http://54.71.80.147:8086/\u0027 successfully","description":"","startTime":1524933195513,"endTime":1524933208584,"childRecords":[{"testStatus":{"stackTrace":"","statusValue":"PASSED"},"type":"MESSAGE","name":"","message":"Navigate to \u0027http://54.71.80.147:8086/\u0027 successfully","startTime":1524933208583,"endTime":0,"childRecords":[],"interuppted":false}],"interuppted":false},{"testStatus":{"stackTrace":"","statusValue":"PASSED"},"type":"MESSAGE","name":"","message":"Test Cases/Navigate to web","startTime":1524933208584,"endTime":0,"childRecords":[],"interuppted":false}],"interuppted":false},{"isOptional":false,"type":"TEST_CASE","name":"Test Cases/Login with credentials","id":"Test Cases/Login with credentials","source":"C:\\\\Users\\\\Donut\\\\git\\\\234-project-katalon-test\\\\Test Cases\\\\Login with credentials.tc","message":"Test Cases/Login with credentials","description":"This test case will login with given infos","startTime":1524933208588,"endTime":1524933209713,"childRecords":[{"testStatus":{"stackTrace":"","statusValue":"INFO"},"type":"MESSAGE","name":"","message":"Evaluating variables for test case","startTime":1524933208604,"endTime":0,"childRecords":[],"interuppted":false},{"testStatus":{"stackTrace":"","statusValue":"INFO"},"type":"MESSAGE","name":"","message":"Variable \u0027Username\u0027 is set to user","startTime":1524933208604,"endTime":0,"childRecords":[],"interuppted":false},{"testStatus":{"stackTrace":"","statusValue":"INFO"},"type":"MESSAGE","name":"","message":"Variable \u0027Password\u0027 is set to user","startTime":1524933208604,"endTime":0,"childRecords":[],"interuppted":false},{"index":1,"isIgnoredIfFailed":false,"type":"TEST_STEP","name":"setText","message":"Text \u0027user\u0027 is set on object \u0027Object Repository/Page_ProjectBackend/input_username\u0027","description":"","startTime":1524933208946,"endTime":1524933209164,"childRecords":[{"testStatus":{"stackTrace":"","statusValue":"PASSED"},"type":"MESSAGE","name":"","message":"Text \u0027user\u0027 is set on object \u0027Object Repository/Page_ProjectBackend/input_username\u0027","startTime":1524933209164,"endTime":0,"childRecords":[],"interuppted":false}],"interuppted":false},{"index":2,"isIgnoredIfFailed":false,"type":"TEST_STEP","name":"setText","message":"Text \u0027user\u0027 is set on object \u0027Object Repository/Page_ProjectBackend/input_password\u0027","description":"","startTime":1524933209164,"endTime":1524933209292,"childRecords":[{"testStatus":{"stackTrace":"","statusValue":"PASSED"},"type":"MESSAGE","name":"","message":"Text \u0027user\u0027 is set on object \u0027Object Repository/Page_ProjectBackend/input_password\u0027","startTime":1524933209292,"endTime":0,"childRecords":[],"interuppted":false}],"interuppted":false},{"index":3,"isIgnoredIfFailed":false,"type":"TEST_STEP","name":"click","message":"Object: \u0027Object Repository/Page_ProjectBackend/button_Login\u0027 is clicked on","description":"","startTime":1524933209292,"endTime":1524933209712,"childRecords":[{"testStatus":{"stackTrace":"","statusValue":"PASSED"},"type":"MESSAGE","name":"","message":"Object: \u0027Object Repository/Page_ProjectBackend/button_Login\u0027 is clicked on","startTime":1524933209706,"endTime":0,"childRecords":[],"interuppted":false}],"interuppted":false},{"testStatus":{"stackTrace":"","statusValue":"PASSED"},"type":"MESSAGE","name":"","message":"Test Cases/Login with credentials","startTime":1524933209712,"endTime":0,"childRecords":[],"interuppted":false}],"interuppted":false},{"isOptional":false,"type":"TEST_CASE","name":"Test Cases/Verify user landing page","id":"Test Cases/Verify user landing page","source":"C:\\\\Users\\\\Donut\\\\git\\\\234-project-katalon-test\\\\Test Cases\\\\Verify user landing page.tc","message":"Test Cases/Verify user landing page FAILED because (of) Verify element text of test object \u0027Object Repository/Page_ProjectBackend (1)/a_Products\u0027 FAILED. (Root cause: Actual text \u0027Products\u0027 and expected text \u0027Product\u0027 of test object \u0027Object Repository/Page_ProjectBackend (1)/a_Products\u0027 are NOT matched.)","description":"","startTime":1524933209714,"endTime":1524933210781,"childRecords":[{"testStatus":{"stackTrace":"","statusValue":"INFO"},"type":"MESSAGE","name":"","message":"Evaluating variables for test case","startTime":1524933209729,"endTime":0,"childRecords":[],"interuppted":false},{"attachment":"1524933210671.png","index":1,"isIgnoredIfFailed":false,"type":"TEST_STEP","name":"verifyElementText","message":"Verify element text of test object \u0027Object Repository/Page_ProjectBackend (1)/a_Products\u0027 FAILED. (Root cause: Actual text \u0027Products\u0027 and expected text \u0027Product\u0027 of test object \u0027Object Repository/Page_ProjectBackend (1)/a_Products\u0027 are NOT matched.)","description":"","startTime":1524933209952,"endTime":1524933210777,"childRecords":[{"testStatus":{"stackTrace":"","statusValue":"FAILED"},"attachment":"1524933210540.png","type":"MESSAGE","name":"","message":"Actual text \u0027Products\u0027 and expected text \u0027Product\u0027 of test object \u0027Object Repository/Page_ProjectBackend (1)/a_Products\u0027 are NOT matched.","startTime":1524933210668,"endTime":0,"childRecords":[],"interuppted":false},{"testStatus":{"stackTrace":"","statusValue":"FAILED"},"attachment":"1524933210671.png","type":"MESSAGE","name":"","message":"Verify element text of test object \u0027Object Repository/Page_ProjectBackend (1)/a_Products\u0027 FAILED. (Root cause: Actual text \u0027Products\u0027 and expected text \u0027Product\u0027 of test object \u0027Object Repository/Page_ProjectBackend (1)/a_Products\u0027 are NOT matched.)","startTime":1524933210776,"endTime":0,"childRecords":[],"interuppted":false}],"interuppted":false},{"testStatus":{"stackTrace":"","statusValue":"FAILED"},"type":"MESSAGE","name":"","message":"Test Cases/Verify user landing page FAILED because (of) Verify element text of test object \u0027Object Repository/Page_ProjectBackend (1)/a_Products\u0027 FAILED. (Root cause: Actual text \u0027Products\u0027 and expected text \u0027Product\u0027 of test object \u0027Object Repository/Page_ProjectBackend (1)/a_Products\u0027 are NOT matched.)","startTime":1524933210778,"endTime":0,"childRecords":[],"interuppted":false}],"interuppted":false},{"isOptional":false,"type":"TEST_CASE","name":"Test Cases/Exit browser","id":"Test Cases/Exit browser","source":"C:\\\\Users\\\\Donut\\\\git\\\\234-project-katalon-test\\\\Test Cases\\\\Exit browser.tc","message":"Test Cases/Exit browser","description":"use to terminate browser when testcase is done","startTime":1524933210784,"endTime":1524933211296,"childRecords":[{"testStatus":{"stackTrace":"","statusValue":"INFO"},"type":"MESSAGE","name":"","message":"Evaluating variables for test case","startTime":1524933210784,"endTime":0,"childRecords":[],"interuppted":false},{"index":1,"isIgnoredIfFailed":false,"type":"TEST_STEP","name":"closeBrowser","message":"Browser is closed","description":"","startTime":1524933211020,"endTime":1524933211296,"childRecords":[{"testStatus":{"stackTrace":"","statusValue":"PASSED"},"type":"MESSAGE","name":"","message":"Browser is closed","startTime":1524933211294,"endTime":0,"childRecords":[],"interuppted":false}],"interuppted":false},{"testStatus":{"stackTrace":"","statusValue":"PASSED"},"type":"MESSAGE","name":"","message":"Test Cases/Exit browser","startTime":1524933211296,"endTime":0,"childRecords":[],"interuppted":false}],"interuppted":false}],"interuppted":false}