<?xml version="1.0" encoding="UTF-8"?>
<testsuites name="Login as user" time="22" tests="3" failures="1" errors="0">
   <testsuite name="Login as user" tests="3" failures="1" errors="0" time="22" timestamp="2018-04-28 23:33:08" hostname="Donut - DESKTOP-IGTTMO3" id="Test Suites/Login as user">
      <properties>
         <property name="deviceName" value=""/>
         <property name="devicePlatform" value=""/>
         <property name="logFolder" value="C:\\Users\\Donut\\git\\234-project-katalon-test\\Reports\\Login as user\\20180428_233306"/>
         <property name="logFiles" value="C:\\Users\\Donut\\git\\234-project-katalon-test\\Reports\\Login as user\\20180428_233306\\execution0.log"/>
         <property name="attachments" value="C:\\Users\\Donut\\git\\234-project-katalon-test\\Reports\\Login as user\\20180428_233306\\1524933210540.png, C:\\Users\\Donut\\git\\234-project-katalon-test\\Reports\\Login as user\\20180428_233306\\1524933210671.png"/>
         <property name="hostName" value="Donut - DESKTOP-IGTTMO3"/>
         <property name="os" value="Windows 10 64bit"/>
         <property name="katalonVersion" value="5.3.1.1"/>
         <property name="browser" value="Firefox 59.0"/>
         <property name="hostAddress" value="172.20.10.2"/>
         <property name="sessionId" value="9bd72c28-6cab-4f16-98c8-99f2d5e543f0"/>
         <property name="seleniumVersion" value="3.7.1"/>
         <property name="proxyInformation" value="ProxyInformation{proxyOption=NO_PROXY, proxyServerType=HTTP, password=, proxyServerAddress=, proxyServerPort=0}"/>
         <property name="platform" value="Windows 10"/>
      </properties>
      <testcase name="Test Cases/Navigate to web" classname="Test Cases/Navigate to web" status="PASSED">
         <system-out><![CDATA[2018-04-28 23:33:09 - [TEST_CASE][PASSED] - Test Cases/Navigate to web: Test Cases/Navigate to web

2018-04-28 23:33:09 - [TEST_STEP][PASSED] - openBrowser: Browser is opened with url: ''

2018-04-28 23:33:15 - [MESSAGE][PASSED] - Browser is opened with url: ''

2018-04-28 23:33:15 - [TEST_STEP][PASSED] - navigateToUrl: Navigate to 'http://54.71.80.147:8086/' successfully

2018-04-28 23:33:28 - [MESSAGE][PASSED] - Navigate to 'http://54.71.80.147:8086/' successfully]]></system-out>
         <system-err><![CDATA[]]></system-err>
      </testcase>
      <testcase name="Test Cases/Login with credentials" classname="Test Cases/Login with credentials" status="PASSED">
         <system-out><![CDATA[2018-04-28 23:33:28 - [TEST_CASE][PASSED] - Test Cases/Login with credentials: Test Cases/Login with credentials

2018-04-28 23:33:28 - [TEST_STEP][PASSED] - setText: Text 'user' is set on object 'Object Repository/Page_ProjectBackend/input_username'

2018-04-28 23:33:29 - [MESSAGE][PASSED] - Text 'user' is set on object 'Object Repository/Page_ProjectBackend/input_username'

2018-04-28 23:33:29 - [TEST_STEP][PASSED] - setText: Text 'user' is set on object 'Object Repository/Page_ProjectBackend/input_password'

2018-04-28 23:33:29 - [MESSAGE][PASSED] - Text 'user' is set on object 'Object Repository/Page_ProjectBackend/input_password'

2018-04-28 23:33:29 - [TEST_STEP][PASSED] - click: Object: 'Object Repository/Page_ProjectBackend/button_Login' is clicked on

2018-04-28 23:33:29 - [MESSAGE][PASSED] - Object: 'Object Repository/Page_ProjectBackend/button_Login' is clicked on]]></system-out>
         <system-err><![CDATA[]]></system-err>
      </testcase>
      <testcase name="Test Cases/Verify user landing page" classname="Test Cases/Verify user landing page" status="FAILED">
         <failure type="FAILED" message="Verify element text of test object 'Object Repository/Page_ProjectBackend (1)/a_Products' FAILED. (Root cause: Actual text 'Products' and expected text 'Product' of test object 'Object Repository/Page_ProjectBackend (1)/a_Products' are NOT matched.)"/>
         <system-out><![CDATA[2018-04-28 23:33:29 - [TEST_CASE][FAILED] - Test Cases/Verify user landing page: Test Cases/Verify user landing page FAILED because (of) Verify element text of test object 'Object Repository/Page_ProjectBackend (1)/a_Products' FAILED. (Root cause: Actual text 'Products' and expected text 'Product' of test object 'Object Repository/Page_ProjectBackend (1)/a_Products' are NOT matched.)

2018-04-28 23:33:29 - [TEST_STEP][FAILED] - verifyElementText: Verify element text of test object 'Object Repository/Page_ProjectBackend (1)/a_Products' FAILED. (Root cause: Actual text 'Products' and expected text 'Product' of test object 'Object Repository/Page_ProjectBackend (1)/a_Products' are NOT matched.)

2018-04-28 23:33:30 - [MESSAGE][FAILED] - Actual text 'Products' and expected text 'Product' of test object 'Object Repository/Page_ProjectBackend (1)/a_Products' are NOT matched.
[[ATTACHMENT|C:\\Users\\Donut\\git\\234-project-katalon-test\\Reports\\Login as user\\20180428_233306\\1524933210540.png]]

2018-04-28 23:33:30 - [MESSAGE][FAILED] - Verify element text of test object 'Object Repository/Page_ProjectBackend (1)/a_Products' FAILED. (Root cause: Actual text 'Products' and expected text 'Product' of test object 'Object Repository/Page_ProjectBackend (1)/a_Products' are NOT matched.)
[[ATTACHMENT|C:\\Users\\Donut\\git\\234-project-katalon-test\\Reports\\Login as user\\20180428_233306\\1524933210671.png]]]]></system-out>
         <system-err><![CDATA[2018-04-28 23:33:29 - [TEST_CASE][FAILED] - Test Cases/Verify user landing page: Test Cases/Verify user landing page FAILED because (of) Verify element text of test object 'Object Repository/Page_ProjectBackend (1)/a_Products' FAILED. (Root cause: Actual text 'Products' and expected text 'Product' of test object 'Object Repository/Page_ProjectBackend (1)/a_Products' are NOT matched.)]]></system-err>
      </testcase>
      <testcase name="Test Cases/Exit browser" classname="Test Cases/Exit browser" status="PASSED">
         <system-out><![CDATA[2018-04-28 23:33:30 - [TEST_CASE][PASSED] - Test Cases/Exit browser: Test Cases/Exit browser

2018-04-28 23:33:31 - [TEST_STEP][PASSED] - closeBrowser: Browser is closed

2018-04-28 23:33:31 - [MESSAGE][PASSED] - Browser is closed]]></system-out>
         <system-err><![CDATA[]]></system-err>
      </testcase>
      <system-out><![CDATA[2018-04-28 23:33:08 - [TEST_SUITE][FAILED] - Login as user: Test Cases/Verify user landing page FAILED because (of) Verify element text of test object 'Object Repository/Page_ProjectBackend (1)/a_Products' FAILED. (Root cause: Actual text 'Products' and expected text 'Product' of test object 'Object Repository/Page_ProjectBackend (1)/a_Products' are NOT matched.)]]></system-out>
      <system-err><![CDATA[2018-04-28 23:33:08 - [TEST_SUITE][FAILED] - Login as user: Test Cases/Verify user landing page FAILED because (of) Verify element text of test object 'Object Repository/Page_ProjectBackend (1)/a_Products' FAILED. (Root cause: Actual text 'Products' and expected text 'Product' of test object 'Object Repository/Page_ProjectBackend (1)/a_Products' are NOT matched.)]]></system-err>
   </testsuite>
</testsuites>
