<?xml version="1.0" encoding="UTF-8"?>
<testsuites name="Verify all available product is shown" time="27" tests="3" failures="1" errors="0">
   <testsuite name="Verify all available product is shown" tests="3" failures="1" errors="0" time="27" timestamp="2018-04-29 12:36:54" hostname="Donut - DESKTOP-IGTTMO3" id="Test Suites/Verify all available product is shown">
      <properties>
         <property name="deviceName" value=""/>
         <property name="devicePlatform" value=""/>
         <property name="logFolder" value="C:\\Users\\Donut\\git\\234-project-katalon-test\\Reports\\Verify all available product is shown\\20180429_123651"/>
         <property name="logFiles" value="C:\\Users\\Donut\\git\\234-project-katalon-test\\Reports\\Verify all available product is shown\\20180429_123651\\execution0.log"/>
         <property name="attachments" value=""/>
         <property name="hostName" value="Donut - DESKTOP-IGTTMO3"/>
         <property name="os" value="Windows 10 64bit"/>
         <property name="katalonVersion" value="5.3.1.1"/>
         <property name="browser" value="Firefox 59.0"/>
         <property name="hostAddress" value="172.20.10.2"/>
         <property name="sessionId" value="cc7e7935-b554-4825-8ead-c7e71d454e4e"/>
         <property name="seleniumVersion" value="3.7.1"/>
         <property name="proxyInformation" value="ProxyInformation{proxyOption=NO_PROXY, proxyServerType=HTTP, password=, proxyServerAddress=, proxyServerPort=0}"/>
         <property name="platform" value="Windows 10"/>
      </properties>
      <testcase name="Test Cases/Navigate to web" classname="Test Cases/Navigate to web" status="PASSED">
         <system-out><![CDATA[2018-04-29 12:36:54 - [TEST_CASE][PASSED] - Test Cases/Navigate to web: Test Cases/Navigate to web

2018-04-29 12:36:55 - [TEST_STEP][PASSED] - openBrowser: Browser is opened with url: ''

2018-04-29 12:37:02 - [MESSAGE][PASSED] - Browser is opened with url: ''

2018-04-29 12:37:02 - [TEST_STEP][PASSED] - navigateToUrl: Navigate to 'http://54.71.80.147:8086/' successfully

2018-04-29 12:37:16 - [MESSAGE][PASSED] - Navigate to 'http://54.71.80.147:8086/' successfully]]></system-out>
         <system-err><![CDATA[]]></system-err>
      </testcase>
      <testcase name="Test Cases/Login with credentials" classname="Test Cases/Login with credentials" status="PASSED">
         <system-out><![CDATA[2018-04-29 12:37:16 - [TEST_CASE][PASSED] - Test Cases/Login with credentials: Test Cases/Login with credentials

2018-04-29 12:37:16 - [TEST_STEP][PASSED] - setText: Text 'user' is set on object 'Object Repository/Login_Page/input_username'

2018-04-29 12:37:17 - [MESSAGE][PASSED] - Text 'user' is set on object 'Object Repository/Login_Page/input_username'

2018-04-29 12:37:17 - [TEST_STEP][PASSED] - setText: Text 'user' is set on object 'Object Repository/Login_Page/input_password'

2018-04-29 12:37:17 - [MESSAGE][PASSED] - Text 'user' is set on object 'Object Repository/Login_Page/input_password'

2018-04-29 12:37:17 - [TEST_STEP][PASSED] - click: Object: 'Object Repository/Login_Page/button_Login' is clicked on

2018-04-29 12:37:17 - [MESSAGE][PASSED] - Object: 'Object Repository/Login_Page/button_Login' is clicked on]]></system-out>
         <system-err><![CDATA[]]></system-err>
      </testcase>
      <testcase name="Test Cases/Test product add" classname="Test Cases/Test product add" status="FAILED">
         <failure type="FAILED" message="Unable to verify equal between actual object '8' and expected object '5' (Root cause: Actual object '8' and expected object '5' are not equal)"/>
         <system-out><![CDATA[2018-04-29 12:37:17 - [TEST_CASE][FAILED] - Test Cases/Test product add: Test Cases/Test product add FAILED because (of) Unable to verify equal between actual object '8' and expected object '5' (Root cause: Actual object '8' and expected object '5' are not equal)

2018-04-29 12:37:17 - [TEST_STEP][PASSED] - waitForElementPresent: Object 'Object Repository/Main_Page/h2_Products' is present

2018-04-29 12:37:17 - [MESSAGE][WARNING] - Timeout '0' is invalid. Using default page load timeout: '30'

2018-04-29 12:37:18 - [MESSAGE][PASSED] - Object 'Object Repository/Main_Page/h2_Products' is present

2018-04-29 12:37:18 - [TEST_STEP][PASSED] - delay: Delayed 2 second(s)

2018-04-29 12:37:20 - [MESSAGE][PASSED] - Delayed 2 second(s)

2018-04-29 12:37:20 - [TEST_STEP][PASSED] - Statement - driver = com.kms.katalon.core.webui.driver.DriverFactory.getWebDriver(): null

2018-04-29 12:37:20 - [TEST_STEP][PASSED] - Statement - Products = driver.findElement(org.openqa.selenium.By.xpath("/html/body/app-root/app-product-list/div/div[2]/div")): null

2018-04-29 12:37:20 - [TEST_STEP][PASSED] - Statement - farmerCards = Products.findElements(org.openqa.selenium.By.className("farmer-card")): null

2018-04-29 12:37:20 - [TEST_STEP][PASSED] - Statement - println("Amount of product: " + farmerCards.size()): null

2018-04-29 12:37:21 - [TEST_STEP][FAILED] - verifyEqual: Unable to verify equal between actual object '8' and expected object '5' (Root cause: Actual object '8' and expected object '5' are not equal)

2018-04-29 12:37:21 - [MESSAGE][FAILED] - Unable to verify equal between actual object '8' and expected object '5' (Root cause: Actual object '8' and expected object '5' are not equal)]]></system-out>
         <system-err><![CDATA[2018-04-29 12:37:17 - [TEST_CASE][FAILED] - Test Cases/Test product add: Test Cases/Test product add FAILED because (of) Unable to verify equal between actual object '8' and expected object '5' (Root cause: Actual object '8' and expected object '5' are not equal)]]></system-err>
      </testcase>
      <testcase name="Test Cases/Exit browser" classname="Test Cases/Exit browser" status="PASSED">
         <system-out><![CDATA[2018-04-29 12:37:21 - [TEST_CASE][PASSED] - Test Cases/Exit browser: Test Cases/Exit browser

2018-04-29 12:37:21 - [TEST_STEP][PASSED] - closeBrowser: Browser is closed

2018-04-29 12:37:21 - [MESSAGE][PASSED] - Browser is closed]]></system-out>
         <system-err><![CDATA[]]></system-err>
      </testcase>
      <system-out><![CDATA[2018-04-29 12:36:54 - [TEST_SUITE][FAILED] - Verify all available product is shown: Test Cases/Test product add FAILED because (of) Unable to verify equal between actual object '8' and expected object '5' (Root cause: Actual object '8' and expected object '5' are not equal)]]></system-out>
      <system-err><![CDATA[2018-04-29 12:36:54 - [TEST_SUITE][FAILED] - Verify all available product is shown: Test Cases/Test product add FAILED because (of) Unable to verify equal between actual object '8' and expected object '5' (Root cause: Actual object '8' and expected object '5' are not equal)]]></system-err>
   </testsuite>
</testsuites>
