{"devicePlatform":"","logFolder":"C:\\Users\\Donut\\git\\234-project-katalon-test\\Reports\\Selecting products updates the number in carts\\20180430_150539","runData":{"hostName":"Donut - 10.80.178.12","os":"Windows 10 64bit","katalonVersion":"5.3.1.1","browser":"Firefox 59.0","hostAddress":"10.80.178.12","sessionId":"41a138ec-5b45-4db7-86fa-f011000dcdb0","seleniumVersion":"3.7.1","proxyInformation":"ProxyInformation{proxyOption\u003dNO_PROXY, proxyServerType\u003dHTTP, password\u003d, proxyServerAddress\u003d, proxyServerPort\u003d0}","platform":"Windows 10"},"type":"TEST_SUITE","name":"Selecting products updates the number in carts","id":"Test Suites/Selecting products updates the number in carts","source":"","message":"Test Cases/Selecting product FAILED because (of) org.openqa.selenium.InvalidSelectorException: Given xpath expression \"/html/body/app-root/app-product-list/div/div[2]/div/div[[[[[CGeckoDriver: firefox on XP (41a138ec-5b45-4db7-86fa-f011000dcdb0)] -\u003e xpath: /html/body/app-root/app-product-list/div/div[2]/div]] -\u003e class name: farmer-card]]/a/div[2]/div[2]/button\" is invalid: SyntaxError: The expression is not a legal expression.\nFor documentation on this error, please visit: http://seleniumhq.org/exceptions/invalid_selector_exception.html\nBuild info: version: \u00273.7.1\u0027, revision: \u00278a0099a\u0027, time: \u00272017-11-06T21:07:36.161Z\u0027\nSystem info: host: \u0027DESKTOP-IGTTMO3\u0027, ip: \u002710.80.178.12\u0027, os.name: \u0027Windows 10\u0027, os.arch: \u0027amd64\u0027, os.version: \u002710.0\u0027, java.version: \u00271.8.0_102\u0027\nDriver info: com.kms.katalon.core.webui.driver.firefox.CGeckoDriver\nCapabilities {acceptInsecureCerts: true, browserName: firefox, browserVersion: 59.0.2, javascriptEnabled: true, moz:accessibilityChecks: false, moz:headless: false, moz:processID: 10376, moz:profile: C:\\Users\\Donut\\AppData\\Loca..., moz:useNonSpecCompliantPointerOrigin: false, moz:webdriverClick: true, pageLoadStrategy: normal, platform: XP, platformName: XP, platformVersion: 10.0, proxy: Proxy(direct), rotatable: false, timeouts: {implicit: 0, pageLoad: 300000, script: 30000}}\nSession ID: 41a138ec-5b45-4db7-86fa-f011000dcdb0\n*** Element info: {Using\u003dxpath, value\u003d/html/body/app-root/app-product-list/div/div[2]/div/div[[[[[CGeckoDriver: firefox on XP (41a138ec-5b45-4db7-86fa-f011000dcdb0)] -\u003e xpath: /html/body/app-root/app-product-list/div/div[2]/div]] -\u003e class name: farmer-card]]/a/div[2]/div[2]/button}","description":"","startTime":1525075541229,"endTime":1525075564406,"childRecords":[{"isOptional":false,"type":"TEST_CASE","name":"Test Cases/Navigate to web","id":"Test Cases/Navigate to web","source":"C:\\\\Users\\\\Donut\\\\git\\\\234-project-katalon-test\\\\Test Cases\\\\Navigate to web.tc","message":"Test Cases/Navigate to web","description":"Use to navigate to certain urls","startTime":1525075541687,"endTime":1525075560725,"childRecords":[{"testStatus":{"stackTrace":"","statusValue":"INFO"},"type":"MESSAGE","name":"","message":"Evaluating variables for test case","startTime":1525075541721,"endTime":0,"childRecords":[],"interuppted":false},{"index":1,"isIgnoredIfFailed":false,"type":"TEST_STEP","name":"openBrowser","message":"Browser is opened with url: \u0027\u0027","description":"","startTime":1525075542103,"endTime":1525075547878,"childRecords":[{"testStatus":{"stackTrace":"","statusValue":"PASSED"},"type":"MESSAGE","name":"","message":"Browser is opened with url: \u0027\u0027","startTime":1525075547872,"endTime":0,"childRecords":[],"interuppted":false}],"interuppted":false},{"index":2,"isIgnoredIfFailed":false,"type":"TEST_STEP","name":"navigateToUrl","message":"Navigate to \u0027http://54.71.80.147:8086/\u0027 successfully","description":"","startTime":1525075547879,"endTime":1525075560724,"childRecords":[{"testStatus":{"stackTrace":"","statusValue":"PASSED"},"type":"MESSAGE","name":"","message":"Navigate to \u0027http://54.71.80.147:8086/\u0027 successfully","startTime":1525075560723,"endTime":0,"childRecords":[],"interuppted":false}],"interuppted":false},{"testStatus":{"stackTrace":"","statusValue":"PASSED"},"type":"MESSAGE","name":"","message":"Test Cases/Navigate to web","startTime":1525075560724,"endTime":0,"childRecords":[],"interuppted":false}],"interuppted":false},{"isOptional":false,"type":"TEST_CASE","name":"Test Cases/Login with credentials","id":"Test Cases/Login with credentials","source":"C:\\\\Users\\\\Donut\\\\git\\\\234-project-katalon-test\\\\Test Cases\\\\Login with credentials.tc","message":"Test Cases/Login with credentials","description":"This test case will login with given infos","startTime":1525075560727,"endTime":1525075561565,"childRecords":[{"testStatus":{"stackTrace":"","statusValue":"INFO"},"type":"MESSAGE","name":"","message":"Evaluating variables for test case","startTime":1525075560742,"endTime":0,"childRecords":[],"interuppted":false},{"testStatus":{"stackTrace":"","statusValue":"INFO"},"type":"MESSAGE","name":"","message":"Variable \u0027Username\u0027 is set to user","startTime":1525075560742,"endTime":0,"childRecords":[],"interuppted":false},{"testStatus":{"stackTrace":"","statusValue":"INFO"},"type":"MESSAGE","name":"","message":"Variable \u0027Password\u0027 is set to user","startTime":1525075560742,"endTime":0,"childRecords":[],"interuppted":false},{"index":1,"isIgnoredIfFailed":false,"type":"TEST_STEP","name":"setText","message":"Text \u0027user\u0027 is set on object \u0027Object Repository/Login_Page/input_username\u0027","description":"","startTime":1525075560966,"endTime":1525075561150,"childRecords":[{"testStatus":{"stackTrace":"","statusValue":"PASSED"},"type":"MESSAGE","name":"","message":"Text \u0027user\u0027 is set on object \u0027Object Repository/Login_Page/input_username\u0027","startTime":1525075561150,"endTime":0,"childRecords":[],"interuppted":false}],"interuppted":false},{"index":2,"isIgnoredIfFailed":false,"type":"TEST_STEP","name":"setText","message":"Text \u0027user\u0027 is set on object \u0027Object Repository/Login_Page/input_password\u0027","description":"","startTime":1525075561150,"endTime":1525075561250,"childRecords":[{"testStatus":{"stackTrace":"","statusValue":"PASSED"},"type":"MESSAGE","name":"","message":"Text \u0027user\u0027 is set on object \u0027Object Repository/Login_Page/input_password\u0027","startTime":1525075561250,"endTime":0,"childRecords":[],"interuppted":false}],"interuppted":false},{"index":3,"isIgnoredIfFailed":false,"type":"TEST_STEP","name":"click","message":"Object: \u0027Object Repository/Login_Page/button_Login\u0027 is clicked on","description":"","startTime":1525075561250,"endTime":1525075561565,"childRecords":[{"testStatus":{"stackTrace":"","statusValue":"PASSED"},"type":"MESSAGE","name":"","message":"Object: \u0027Object Repository/Login_Page/button_Login\u0027 is clicked on","startTime":1525075561565,"endTime":0,"childRecords":[],"interuppted":false}],"interuppted":false},{"testStatus":{"stackTrace":"","statusValue":"PASSED"},"type":"MESSAGE","name":"","message":"Test Cases/Login with credentials","startTime":1525075561565,"endTime":0,"childRecords":[],"interuppted":false}],"interuppted":false},{"isOptional":false,"type":"TEST_CASE","name":"Test Cases/Selecting product","id":"Test Cases/Selecting product","source":"C:\\\\Users\\\\Donut\\\\git\\\\234-project-katalon-test\\\\Test Cases\\\\Selecting product.tc","message":"Test Cases/Selecting product FAILED because (of) org.openqa.selenium.InvalidSelectorException: Given xpath expression \"/html/body/app-root/app-product-list/div/div[2]/div/div[[[[[CGeckoDriver: firefox on XP (41a138ec-5b45-4db7-86fa-f011000dcdb0)] -\u003e xpath: /html/body/app-root/app-product-list/div/div[2]/div]] -\u003e class name: farmer-card]]/a/div[2]/div[2]/button\" is invalid: SyntaxError: The expression is not a legal expression.\nFor documentation on this error, please visit: http://seleniumhq.org/exceptions/invalid_selector_exception.html\nBuild info: version: \u00273.7.1\u0027, revision: \u00278a0099a\u0027, time: \u00272017-11-06T21:07:36.161Z\u0027\nSystem info: host: \u0027DESKTOP-IGTTMO3\u0027, ip: \u002710.80.178.12\u0027, os.name: \u0027Windows 10\u0027, os.arch: \u0027amd64\u0027, os.version: \u002710.0\u0027, java.version: \u00271.8.0_102\u0027\nDriver info: com.kms.katalon.core.webui.driver.firefox.CGeckoDriver\nCapabilities {acceptInsecureCerts: true, browserName: firefox, browserVersion: 59.0.2, javascriptEnabled: true, moz:accessibilityChecks: false, moz:headless: false, moz:processID: 10376, moz:profile: C:\\Users\\Donut\\AppData\\Loca..., moz:useNonSpecCompliantPointerOrigin: false, moz:webdriverClick: true, pageLoadStrategy: normal, platform: XP, platformName: XP, platformVersion: 10.0, proxy: Proxy(direct), rotatable: false, timeouts: {implicit: 0, pageLoad: 300000, script: 30000}}\nSession ID: 41a138ec-5b45-4db7-86fa-f011000dcdb0\n*** Element info: {Using\u003dxpath, value\u003d/html/body/app-root/app-product-list/div/div[2]/div/div[[[[[CGeckoDriver: firefox on XP (41a138ec-5b45-4db7-86fa-f011000dcdb0)] -\u003e xpath: /html/body/app-root/app-product-list/div/div[2]/div]] -\u003e class name: farmer-card]]/a/div[2]/div[2]/button}","description":"","startTime":1525075561565,"endTime":1525075563947,"childRecords":[{"testStatus":{"stackTrace":"","statusValue":"INFO"},"type":"MESSAGE","name":"","message":"Evaluating variables for test case","startTime":1525075561581,"endTime":0,"childRecords":[],"interuppted":false},{"index":1,"isIgnoredIfFailed":false,"type":"TEST_STEP","name":"delay","message":"Delayed 2 second(s)","description":"","startTime":1525075561823,"endTime":1525075563843,"childRecords":[{"testStatus":{"stackTrace":"","statusValue":"PASSED"},"type":"MESSAGE","name":"","message":"Delayed 2 second(s)","startTime":1525075563843,"endTime":0,"childRecords":[],"interuppted":false}],"interuppted":false},{"index":2,"isIgnoredIfFailed":false,"type":"TEST_STEP","name":"Statement - driver \u003d com.kms.katalon.core.webui.driver.DriverFactory.getWebDriver()","description":"","startTime":1525075563844,"endTime":1525075563846,"childRecords":[],"interuppted":false},{"index":3,"isIgnoredIfFailed":false,"type":"TEST_STEP","name":"Statement - Products \u003d driver.findElement(org.openqa.selenium.By.xpath(\"/html/body/app-root/app-product-list/div/div[2]/div\"))","description":"","startTime":1525075563846,"endTime":1525075563885,"childRecords":[],"interuppted":false},{"index":4,"isIgnoredIfFailed":false,"type":"TEST_STEP","name":"Statement - farmerCards \u003d Products.findElements(org.openqa.selenium.By.className(\"farmer-card\"))","description":"","startTime":1525075563885,"endTime":1525075563907,"childRecords":[],"interuppted":false},{"index":5,"isIgnoredIfFailed":false,"type":"TEST_STEP","name":"Statement - For (def i : farmerCards)","description":"","startTime":1525075563907,"endTime":1525075563933,"childRecords":[{"index":1,"isIgnoredIfFailed":false,"type":"TEST_STEP","name":"Statement - println(\"hi: \" + i)","description":"","startTime":1525075563907,"endTime":1525075563917,"childRecords":[],"interuppted":false},{"index":2,"isIgnoredIfFailed":false,"type":"TEST_STEP","name":"Statement - buttonAddProduct \u003d driver.findElement(org.openqa.selenium.By.xpath(\"/html/body/app-root/app-product-list/div/div[2]/div/div[\" + i + \"]/a/div[2]/div[2]/button\"))","description":"","startTime":1525075563917,"endTime":1525075563933,"childRecords":[],"interuppted":false}],"interuppted":false},{"testStatus":{"stackTrace":"","statusValue":"ERROR"},"type":"MESSAGE","name":"","message":"Test Cases/Selecting product FAILED because (of) org.openqa.selenium.InvalidSelectorException: Given xpath expression \"/html/body/app-root/app-product-list/div/div[2]/div/div[[[[[CGeckoDriver: firefox on XP (41a138ec-5b45-4db7-86fa-f011000dcdb0)] -\u003e xpath: /html/body/app-root/app-product-list/div/div[2]/div]] -\u003e class name: farmer-card]]/a/div[2]/div[2]/button\" is invalid: SyntaxError: The expression is not a legal expression.\nFor documentation on this error, please visit: http://seleniumhq.org/exceptions/invalid_selector_exception.html\nBuild info: version: \u00273.7.1\u0027, revision: \u00278a0099a\u0027, time: \u00272017-11-06T21:07:36.161Z\u0027\nSystem info: host: \u0027DESKTOP-IGTTMO3\u0027, ip: \u002710.80.178.12\u0027, os.name: \u0027Windows 10\u0027, os.arch: \u0027amd64\u0027, os.version: \u002710.0\u0027, java.version: \u00271.8.0_102\u0027\nDriver info: com.kms.katalon.core.webui.driver.firefox.CGeckoDriver\nCapabilities {acceptInsecureCerts: true, browserName: firefox, browserVersion: 59.0.2, javascriptEnabled: true, moz:accessibilityChecks: false, moz:headless: false, moz:processID: 10376, moz:profile: C:\\Users\\Donut\\AppData\\Loca..., moz:useNonSpecCompliantPointerOrigin: false, moz:webdriverClick: true, pageLoadStrategy: normal, platform: XP, platformName: XP, platformVersion: 10.0, proxy: Proxy(direct), rotatable: false, timeouts: {implicit: 0, pageLoad: 300000, script: 30000}}\nSession ID: 41a138ec-5b45-4db7-86fa-f011000dcdb0\n*** Element info: {Using\u003dxpath, value\u003d/html/body/app-root/app-product-list/div/div[2]/div/div[[[[[CGeckoDriver: firefox on XP (41a138ec-5b45-4db7-86fa-f011000dcdb0)] -\u003e xpath: /html/body/app-root/app-product-list/div/div[2]/div]] -\u003e class name: farmer-card]]/a/div[2]/div[2]/button}","startTime":1525075563933,"endTime":0,"childRecords":[],"interuppted":false}],"interuppted":false},{"isOptional":false,"type":"TEST_CASE","name":"Test Cases/Exit browser","id":"Test Cases/Exit browser","source":"C:\\\\Users\\\\Donut\\\\git\\\\234-project-katalon-test\\\\Test Cases\\\\Exit browser.tc","message":"Test Cases/Exit browser","description":"use to terminate browser when testcase is done","startTime":1525075563947,"endTime":1525075564373,"childRecords":[{"testStatus":{"stackTrace":"","statusValue":"INFO"},"type":"MESSAGE","name":"","message":"Evaluating variables for test case","startTime":1525075563955,"endTime":0,"childRecords":[],"interuppted":false},{"index":1,"isIgnoredIfFailed":false,"type":"TEST_STEP","name":"closeBrowser","message":"Browser is closed","description":"","startTime":1525075564105,"endTime":1525075564373,"childRecords":[{"testStatus":{"stackTrace":"","statusValue":"PASSED"},"type":"MESSAGE","name":"","message":"Browser is closed","startTime":1525075564373,"endTime":0,"childRecords":[],"interuppted":false}],"interuppted":false},{"testStatus":{"stackTrace":"","statusValue":"PASSED"},"type":"MESSAGE","name":"","message":"Test Cases/Exit browser","startTime":1525075564373,"endTime":0,"childRecords":[],"interuppted":false}],"interuppted":false}],"interuppted":false}