{"devicePlatform":"","logFolder":"C:\\Users\\Donut\\git\\234-project-katalon-test\\Reports\\Select product and view cart\\20180510_211717","runData":{"hostName":"Donut - DESKTOP-IGTTMO3","os":"Windows 10 64bit","katalonVersion":"5.3.1.1","browser":"Chrome 66.0.3359.139","hostAddress":"172.20.10.2","sessionId":"aab085f2f1dd2ced42a8c79366be23b8","seleniumVersion":"3.7.1","proxyInformation":"ProxyInformation{proxyOption\u003dNO_PROXY, proxyServerType\u003dHTTP, password\u003d, proxyServerAddress\u003d, proxyServerPort\u003d0}","platform":"Windows 10"},"type":"TEST_SUITE","name":"Select product and view cart","id":"Test Suites/Select product and view cart","source":"","message":"Test Cases/4-Selecting product and view cart FAILED because (of) Unable to click on object (Root cause: java.lang.IllegalArgumentException: Object is null)","description":"","startTime":1525961839739,"endTime":1525961876860,"childRecords":[{"isOptional":false,"type":"TEST_CASE","name":"Test Cases/Navigate to web","id":"Test Cases/Navigate to web","source":"C:\\\\Users\\\\Donut\\\\git\\\\234-project-katalon-test\\\\Test Cases\\\\Navigate to web.tc","message":"Test Cases/Navigate to web","description":"Use to navigate to certain urls","startTime":1525961840245,"endTime":1525961855862,"childRecords":[{"testStatus":{"stackTrace":"","statusValue":"INFO"},"type":"MESSAGE","name":"","message":"Evaluating variables for test case","startTime":1525961840273,"endTime":0,"childRecords":[],"interuppted":false},{"index":1,"isIgnoredIfFailed":false,"type":"TEST_STEP","name":"openBrowser","message":"Browser is opened with url: \u0027\u0027","description":"","startTime":1525961840649,"endTime":1525961844848,"childRecords":[{"testStatus":{"stackTrace":"","statusValue":"PASSED"},"type":"MESSAGE","name":"","message":"Browser is opened with url: \u0027\u0027","startTime":1525961844848,"endTime":0,"childRecords":[],"interuppted":false}],"interuppted":false},{"index":2,"isIgnoredIfFailed":false,"type":"TEST_STEP","name":"navigateToUrl","message":"Navigate to \u0027http://54.71.80.147:8086/\u0027 successfully","description":"","startTime":1525961844849,"endTime":1525961855860,"childRecords":[{"testStatus":{"stackTrace":"","statusValue":"PASSED"},"type":"MESSAGE","name":"","message":"Navigate to \u0027http://54.71.80.147:8086/\u0027 successfully","startTime":1525961855859,"endTime":0,"childRecords":[],"interuppted":false}],"interuppted":false},{"testStatus":{"stackTrace":"","statusValue":"PASSED"},"type":"MESSAGE","name":"","message":"Test Cases/Navigate to web","startTime":1525961855861,"endTime":0,"childRecords":[],"interuppted":false}],"interuppted":false},{"isOptional":false,"type":"TEST_CASE","name":"Test Cases/4-Selecting product and view cart","id":"Test Cases/4-Selecting product and view cart","source":"C:\\\\Users\\\\Donut\\\\git\\\\234-project-katalon-test\\\\Test Cases\\\\4-Selecting product and view cart.tc","message":"Test Cases/4-Selecting product and view cart FAILED because (of) Unable to click on object (Root cause: java.lang.IllegalArgumentException: Object is null)","description":"","startTime":1525961855867,"endTime":1525961861879,"childRecords":[{"testStatus":{"stackTrace":"","statusValue":"INFO"},"type":"MESSAGE","name":"","message":"Evaluating variables for test case","startTime":1525961855900,"endTime":0,"childRecords":[],"interuppted":false},{"testStatus":{"stackTrace":"","statusValue":"INFO"},"type":"MESSAGE","name":"","message":"Variable \u0027username\u0027 is set to user","startTime":1525961855902,"endTime":0,"childRecords":[],"interuppted":false},{"testStatus":{"stackTrace":"","statusValue":"INFO"},"type":"MESSAGE","name":"","message":"Variable \u0027password\u0027 is set to user","startTime":1525961855903,"endTime":0,"childRecords":[],"interuppted":false},{"index":1,"isIgnoredIfFailed":false,"type":"TEST_STEP","name":"delay","message":"Delayed 1 second(s)","description":"","startTime":1525961856177,"endTime":1525961857198,"childRecords":[{"testStatus":{"stackTrace":"","statusValue":"PASSED"},"type":"MESSAGE","name":"","message":"Delayed 1 second(s)","startTime":1525961857197,"endTime":0,"childRecords":[],"interuppted":false}],"interuppted":false},{"index":2,"isIgnoredIfFailed":false,"type":"TEST_STEP","name":"setText","message":"Text \u0027user\u0027 is set on object \u0027Object Repository/Login_Page/input_username\u0027","description":"","startTime":1525961857198,"endTime":1525961857492,"childRecords":[{"testStatus":{"stackTrace":"","statusValue":"PASSED"},"type":"MESSAGE","name":"","message":"Text \u0027user\u0027 is set on object \u0027Object Repository/Login_Page/input_username\u0027","startTime":1525961857491,"endTime":0,"childRecords":[],"interuppted":false}],"interuppted":false},{"index":3,"isIgnoredIfFailed":false,"type":"TEST_STEP","name":"setText","message":"Text \u0027user\u0027 is set on object \u0027Object Repository/Login_Page/input_password\u0027","description":"","startTime":1525961857493,"endTime":1525961857706,"childRecords":[{"testStatus":{"stackTrace":"","statusValue":"PASSED"},"type":"MESSAGE","name":"","message":"Text \u0027user\u0027 is set on object \u0027Object Repository/Login_Page/input_password\u0027","startTime":1525961857705,"endTime":0,"childRecords":[],"interuppted":false}],"interuppted":false},{"index":4,"isIgnoredIfFailed":false,"type":"TEST_STEP","name":"click","message":"Object: \u0027Object Repository/Login_Page/button_Login\u0027 is clicked on","description":"","startTime":1525961857706,"endTime":1525961857893,"childRecords":[{"testStatus":{"stackTrace":"","statusValue":"PASSED"},"type":"MESSAGE","name":"","message":"Object: \u0027Object Repository/Login_Page/button_Login\u0027 is clicked on","startTime":1525961857892,"endTime":0,"childRecords":[],"interuppted":false}],"interuppted":false},{"index":5,"isIgnoredIfFailed":false,"type":"TEST_STEP","name":"waitForElementPresent","message":"Object \u0027Object Repository/Product page/Header_Products\u0027 is present","description":"","startTime":1525961857894,"endTime":1525961858989,"childRecords":[{"testStatus":{"stackTrace":"","statusValue":"WARNING"},"type":"MESSAGE","name":"","message":"Timeout \u00270\u0027 is invalid. Using default page load timeout: \u002730\u0027","startTime":1525961857916,"endTime":0,"childRecords":[],"interuppted":false},{"testStatus":{"stackTrace":"","statusValue":"PASSED"},"type":"MESSAGE","name":"","message":"Object \u0027Object Repository/Product page/Header_Products\u0027 is present","startTime":1525961858988,"endTime":0,"childRecords":[],"interuppted":false}],"interuppted":false},{"index":6,"isIgnoredIfFailed":false,"type":"TEST_STEP","name":"delay","message":"Delayed 2 second(s)","description":"","startTime":1525961858989,"endTime":1525961860992,"childRecords":[{"testStatus":{"stackTrace":"","statusValue":"PASSED"},"type":"MESSAGE","name":"","message":"Delayed 2 second(s)","startTime":1525961860992,"endTime":0,"childRecords":[],"interuppted":false}],"interuppted":false},{"index":7,"isIgnoredIfFailed":false,"type":"TEST_STEP","name":"Statement - driver \u003d com.kms.katalon.core.webui.driver.DriverFactory.getWebDriver()","description":"","startTime":1525961860993,"endTime":1525961861006,"childRecords":[],"interuppted":false},{"index":8,"isIgnoredIfFailed":false,"type":"TEST_STEP","name":"Statement - Products \u003d driver.findElement(org.openqa.selenium.By.xpath(\"/html/body/app-root/app-product-list/div/div[2]/div\"))","description":"","startTime":1525961861007,"endTime":1525961861065,"childRecords":[],"interuppted":false},{"index":9,"isIgnoredIfFailed":false,"type":"TEST_STEP","name":"Statement - farmerCards \u003d Products.findElements(org.openqa.selenium.By.className(\"farmer-card\"))","description":"","startTime":1525961861065,"endTime":1525961861121,"childRecords":[],"interuppted":false},{"attachment":"1525961861359.png","index":10,"isIgnoredIfFailed":false,"type":"TEST_STEP","name":"Statement - For ([i \u003d 1, i \u003c\u003d farmerCards.size(), (i++)])","message":"Unable to click on object (Root cause: java.lang.IllegalArgumentException: Object is null)","description":"","startTime":1525961861121,"endTime":1525961861877,"childRecords":[{"index":1,"isIgnoredIfFailed":false,"type":"TEST_STEP","name":"Statement - buttonAddProduct \u003d new com.kms.katalon.core.testobject.TestObject()","description":"","startTime":1525961861121,"endTime":1525961861136,"childRecords":[],"interuppted":false},{"index":2,"isIgnoredIfFailed":false,"type":"TEST_STEP","name":"Statement - buttonAddProduct.addProperty(\"xpath\", EQUALS, \"/html/body/app-root/app-product-list/div/div[2]/div/div[\" + i + \"]/a/div[2]/div[2]/button\")","description":"","startTime":1525961861136,"endTime":1525961861150,"childRecords":[],"interuppted":false},{"index":3,"isIgnoredIfFailed":false,"type":"TEST_STEP","name":"click","message":"Object: \u0027\u0027 is clicked on","description":"","startTime":1525961861150,"endTime":1525961861340,"childRecords":[{"testStatus":{"stackTrace":"","statusValue":"PASSED"},"type":"MESSAGE","name":"","message":"Object: \u0027\u0027 is clicked on","startTime":1525961861337,"endTime":0,"childRecords":[],"interuppted":false}],"interuppted":false},{"attachment":"1525961861359.png","index":4,"isIgnoredIfFailed":false,"type":"TEST_STEP","name":"click","message":"Unable to click on object (Root cause: java.lang.IllegalArgumentException: Object is null)","description":"","startTime":1525961861340,"endTime":1525961861876,"childRecords":[{"testStatus":{"stackTrace":"","statusValue":"WARNING"},"type":"MESSAGE","name":"","message":"Test object with id \u0027Object Repository/Cart page/Redirect to cart\u0027 does not exist","startTime":1525961861343,"endTime":0,"childRecords":[],"interuppted":false},{"testStatus":{"stackTrace":"","statusValue":"WARNING"},"type":"MESSAGE","name":"","message":"Test object with id \u0027Object Repository/\u0027 does not exist","startTime":1525961861356,"endTime":0,"childRecords":[],"interuppted":false},{"testStatus":{"stackTrace":"","statusValue":"FAILED"},"attachment":"1525961861359.png","type":"MESSAGE","name":"","message":"Unable to click on object (Root cause: java.lang.IllegalArgumentException: Object is null)","startTime":1525961861875,"endTime":0,"childRecords":[],"interuppted":false}],"interuppted":false}],"interuppted":false},{"testStatus":{"stackTrace":"","statusValue":"FAILED"},"type":"MESSAGE","name":"","message":"Test Cases/4-Selecting product and view cart FAILED because (of) Unable to click on object (Root cause: java.lang.IllegalArgumentException: Object is null)","startTime":1525961861877,"endTime":0,"childRecords":[],"interuppted":false}],"interuppted":false},{"isOptional":false,"type":"TEST_CASE","name":"Test Cases/4-Selecting product and view cart","id":"Test Cases/4-Selecting product and view cart","source":"C:\\\\Users\\\\Donut\\\\git\\\\234-project-katalon-test\\\\Test Cases\\\\4-Selecting product and view cart.tc","message":"Test Cases/4-Selecting product and view cart FAILED because (of) Unable to set text \u0027hello\u0027 of object \u0027Object Repository/Login_Page/input_username\u0027 (Root cause: org.openqa.selenium.WebDriverException: chrome not reachable\n  (Session info: chrome\u003d66.0.3359.139)\n  (Driver info: chromedriver\u003d2.35.528161 (5b82f2d2aae0ca24b877009200ced9065a772e73),platform\u003dWindows NT 10.0.16299 x86_64) (WARNING: The server did not provide any stacktrace information)\nCommand duration or timeout: 0 milliseconds\nBuild info: version: \u00273.7.1\u0027, revision: \u00278a0099a\u0027, time: \u00272017-11-06T21:07:36.161Z\u0027\nSystem info: host: \u0027DESKTOP-IGTTMO3\u0027, ip: \u0027172.20.10.2\u0027, os.name: \u0027Windows 10\u0027, os.arch: \u0027amd64\u0027, os.version: \u002710.0\u0027, java.version: \u00271.8.0_102\u0027\nDriver info: com.kms.katalon.selenium.driver.CChromeDriver\nCapabilities {acceptInsecureCerts: false, acceptSslCerts: false, applicationCacheEnabled: false, browserConnectionEnabled: false, browserName: chrome, chrome: {chromedriverVersion: 2.35.528161 (5b82f2d2aae0ca..., userDataDir: C:\\Users\\Donut\\AppData\\Loca...}, cssSelectorsEnabled: true, databaseEnabled: false, handlesAlerts: true, hasTouchScreen: false, javascriptEnabled: true, locationContextEnabled: true, mobileEmulationEnabled: false, nativeEvents: true, networkConnectionEnabled: false, pageLoadStrategy: normal, platform: XP, platformName: XP, rotatable: false, setWindowRect: true, takesHeapSnapshot: true, takesScreenshot: true, unexpectedAlertBehaviour: , unhandledPromptBehavior: , version: 66.0.3359.139, webStorageEnabled: true}\nSession ID: aab085f2f1dd2ced42a8c79366be23b8\n*** Element info: {Using\u003dxpath, value\u003d/html/body/app-root/app-login/div/form/div[1]/input})","description":"","startTime":1525961861881,"endTime":1525961876092,"childRecords":[{"testStatus":{"stackTrace":"","statusValue":"INFO"},"type":"MESSAGE","name":"","message":"Evaluating variables for test case","startTime":1525961861897,"endTime":0,"childRecords":[],"interuppted":false},{"testStatus":{"stackTrace":"","statusValue":"INFO"},"type":"MESSAGE","name":"","message":"Variable \u0027username\u0027 is set to hello","startTime":1525961861897,"endTime":0,"childRecords":[],"interuppted":false},{"testStatus":{"stackTrace":"","statusValue":"INFO"},"type":"MESSAGE","name":"","message":"Variable \u0027password\u0027 is set to hello","startTime":1525961861897,"endTime":0,"childRecords":[],"interuppted":false},{"index":1,"isIgnoredIfFailed":false,"type":"TEST_STEP","name":"delay","message":"Delayed 1 second(s)","description":"","startTime":1525961861897,"endTime":1525961862897,"childRecords":[{"testStatus":{"stackTrace":"","statusValue":"PASSED"},"type":"MESSAGE","name":"","message":"Delayed 1 second(s)","startTime":1525961862897,"endTime":0,"childRecords":[],"interuppted":false}],"interuppted":false},{"index":2,"isIgnoredIfFailed":false,"type":"TEST_STEP","name":"setText","message":"Unable to set text \u0027hello\u0027 of object \u0027Object Repository/Login_Page/input_username\u0027 (Root cause: org.openqa.selenium.WebDriverException: chrome not reachable\n  (Session info: chrome\u003d66.0.3359.139)\n  (Driver info: chromedriver\u003d2.35.528161 (5b82f2d2aae0ca24b877009200ced9065a772e73),platform\u003dWindows NT 10.0.16299 x86_64) (WARNING: The server did not provide any stacktrace information)\nCommand duration or timeout: 0 milliseconds\nBuild info: version: \u00273.7.1\u0027, revision: \u00278a0099a\u0027, time: \u00272017-11-06T21:07:36.161Z\u0027\nSystem info: host: \u0027DESKTOP-IGTTMO3\u0027, ip: \u0027172.20.10.2\u0027, os.name: \u0027Windows 10\u0027, os.arch: \u0027amd64\u0027, os.version: \u002710.0\u0027, java.version: \u00271.8.0_102\u0027\nDriver info: com.kms.katalon.selenium.driver.CChromeDriver\nCapabilities {acceptInsecureCerts: false, acceptSslCerts: false, applicationCacheEnabled: false, browserConnectionEnabled: false, browserName: chrome, chrome: {chromedriverVersion: 2.35.528161 (5b82f2d2aae0ca..., userDataDir: C:\\Users\\Donut\\AppData\\Loca...}, cssSelectorsEnabled: true, databaseEnabled: false, handlesAlerts: true, hasTouchScreen: false, javascriptEnabled: true, locationContextEnabled: true, mobileEmulationEnabled: false, nativeEvents: true, networkConnectionEnabled: false, pageLoadStrategy: normal, platform: XP, platformName: XP, rotatable: false, setWindowRect: true, takesHeapSnapshot: true, takesScreenshot: true, unexpectedAlertBehaviour: , unhandledPromptBehavior: , version: 66.0.3359.139, webStorageEnabled: true}\nSession ID: aab085f2f1dd2ced42a8c79366be23b8\n*** Element info: {Using\u003dxpath, value\u003d/html/body/app-root/app-login/div/form/div[1]/input})","description":"","startTime":1525961862899,"endTime":1525961876091,"childRecords":[{"testStatus":{"stackTrace":"","statusValue":"WARNING"},"type":"MESSAGE","name":"","message":"Cannot take screenshot","startTime":1525961876089,"endTime":0,"childRecords":[],"interuppted":false},{"testStatus":{"stackTrace":"","statusValue":"FAILED"},"type":"MESSAGE","name":"","message":"Unable to set text \u0027hello\u0027 of object \u0027Object Repository/Login_Page/input_username\u0027 (Root cause: org.openqa.selenium.WebDriverException: chrome not reachable\n  (Session info: chrome\u003d66.0.3359.139)\n  (Driver info: chromedriver\u003d2.35.528161 (5b82f2d2aae0ca24b877009200ced9065a772e73),platform\u003dWindows NT 10.0.16299 x86_64) (WARNING: The server did not provide any stacktrace information)\nCommand duration or timeout: 0 milliseconds\nBuild info: version: \u00273.7.1\u0027, revision: \u00278a0099a\u0027, time: \u00272017-11-06T21:07:36.161Z\u0027\nSystem info: host: \u0027DESKTOP-IGTTMO3\u0027, ip: \u0027172.20.10.2\u0027, os.name: \u0027Windows 10\u0027, os.arch: \u0027amd64\u0027, os.version: \u002710.0\u0027, java.version: \u00271.8.0_102\u0027\nDriver info: com.kms.katalon.selenium.driver.CChromeDriver\nCapabilities {acceptInsecureCerts: false, acceptSslCerts: false, applicationCacheEnabled: false, browserConnectionEnabled: false, browserName: chrome, chrome: {chromedriverVersion: 2.35.528161 (5b82f2d2aae0ca..., userDataDir: C:\\Users\\Donut\\AppData\\Loca...}, cssSelectorsEnabled: true, databaseEnabled: false, handlesAlerts: true, hasTouchScreen: false, javascriptEnabled: true, locationContextEnabled: true, mobileEmulationEnabled: false, nativeEvents: true, networkConnectionEnabled: false, pageLoadStrategy: normal, platform: XP, platformName: XP, rotatable: false, setWindowRect: true, takesHeapSnapshot: true, takesScreenshot: true, unexpectedAlertBehaviour: , unhandledPromptBehavior: , version: 66.0.3359.139, webStorageEnabled: true}\nSession ID: aab085f2f1dd2ced42a8c79366be23b8\n*** Element info: {Using\u003dxpath, value\u003d/html/body/app-root/app-login/div/form/div[1]/input})","startTime":1525961876090,"endTime":0,"childRecords":[],"interuppted":false}],"interuppted":false},{"testStatus":{"stackTrace":"","statusValue":"FAILED"},"type":"MESSAGE","name":"","message":"Test Cases/4-Selecting product and view cart FAILED because (of) Unable to set text \u0027hello\u0027 of object \u0027Object Repository/Login_Page/input_username\u0027 (Root cause: org.openqa.selenium.WebDriverException: chrome not reachable\n  (Session info: chrome\u003d66.0.3359.139)\n  (Driver info: chromedriver\u003d2.35.528161 (5b82f2d2aae0ca24b877009200ced9065a772e73),platform\u003dWindows NT 10.0.16299 x86_64) (WARNING: The server did not provide any stacktrace information)\nCommand duration or timeout: 0 milliseconds\nBuild info: version: \u00273.7.1\u0027, revision: \u00278a0099a\u0027, time: \u00272017-11-06T21:07:36.161Z\u0027\nSystem info: host: \u0027DESKTOP-IGTTMO3\u0027, ip: \u0027172.20.10.2\u0027, os.name: \u0027Windows 10\u0027, os.arch: \u0027amd64\u0027, os.version: \u002710.0\u0027, java.version: \u00271.8.0_102\u0027\nDriver info: com.kms.katalon.selenium.driver.CChromeDriver\nCapabilities {acceptInsecureCerts: false, acceptSslCerts: false, applicationCacheEnabled: false, browserConnectionEnabled: false, browserName: chrome, chrome: {chromedriverVersion: 2.35.528161 (5b82f2d2aae0ca..., userDataDir: C:\\Users\\Donut\\AppData\\Loca...}, cssSelectorsEnabled: true, databaseEnabled: false, handlesAlerts: true, hasTouchScreen: false, javascriptEnabled: true, locationContextEnabled: true, mobileEmulationEnabled: false, nativeEvents: true, networkConnectionEnabled: false, pageLoadStrategy: normal, platform: XP, platformName: XP, rotatable: false, setWindowRect: true, takesHeapSnapshot: true, takesScreenshot: true, unexpectedAlertBehaviour: , unhandledPromptBehavior: , version: 66.0.3359.139, webStorageEnabled: true}\nSession ID: aab085f2f1dd2ced42a8c79366be23b8\n*** Element info: {Using\u003dxpath, value\u003d/html/body/app-root/app-login/div/form/div[1]/input})","startTime":1525961876091,"endTime":0,"childRecords":[],"interuppted":false}],"interuppted":false},{"isOptional":false,"type":"TEST_CASE","name":"Test Cases/Exit browser","id":"Test Cases/Exit browser","source":"C:\\\\Users\\\\Donut\\\\git\\\\234-project-katalon-test\\\\Test Cases\\\\Exit browser.tc","message":"Test Cases/Exit browser","description":"use to terminate browser when testcase is done","startTime":1525961876093,"endTime":1525961876833,"childRecords":[{"testStatus":{"stackTrace":"","statusValue":"INFO"},"type":"MESSAGE","name":"","message":"Evaluating variables for test case","startTime":1525961876093,"endTime":0,"childRecords":[],"interuppted":false},{"index":1,"isIgnoredIfFailed":false,"type":"TEST_STEP","name":"closeBrowser","message":"Browser is closed","description":"","startTime":1525961876237,"endTime":1525961876833,"childRecords":[{"testStatus":{"stackTrace":"","statusValue":"PASSED"},"type":"MESSAGE","name":"","message":"Browser is closed","startTime":1525961876832,"endTime":0,"childRecords":[],"interuppted":false}],"interuppted":false},{"testStatus":{"stackTrace":"","statusValue":"PASSED"},"type":"MESSAGE","name":"","message":"Test Cases/Exit browser","startTime":1525961876833,"endTime":0,"childRecords":[],"interuppted":false}],"interuppted":false}],"interuppted":false}