<?xml version="1.0" encoding="UTF-8"?>
<testsuites name="Selecting products updates the number in carts" time="18" tests="3" failures="0" errors="1">
   <testsuite name="Selecting products updates the number in carts" tests="3" failures="0" errors="1" time="18" timestamp="2018-04-30 15:04:26" hostname="Donut - 10.80.178.12" id="Test Suites/Selecting products updates the number in carts">
      <properties>
         <property name="deviceName" value=""/>
         <property name="devicePlatform" value=""/>
         <property name="logFolder" value="C:\\Users\\Donut\\git\\234-project-katalon-test\\Reports\\Selecting products updates the number in carts\\20180430_150424"/>
         <property name="logFiles" value="C:\\Users\\Donut\\git\\234-project-katalon-test\\Reports\\Selecting products updates the number in carts\\20180430_150424\\execution0.log"/>
         <property name="attachments" value=""/>
         <property name="hostName" value="Donut - 10.80.178.12"/>
         <property name="os" value="Windows 10 64bit"/>
         <property name="katalonVersion" value="5.3.1.1"/>
         <property name="browser" value="Firefox 59.0"/>
         <property name="hostAddress" value="10.80.178.12"/>
         <property name="sessionId" value="22e757aa-d4c8-4a3a-918c-1020a88cce7c"/>
         <property name="seleniumVersion" value="3.7.1"/>
         <property name="proxyInformation" value="ProxyInformation{proxyOption=NO_PROXY, proxyServerType=HTTP, password=, proxyServerAddress=, proxyServerPort=0}"/>
         <property name="platform" value="Windows 10"/>
      </properties>
      <testcase name="Test Cases/Navigate to web" classname="Test Cases/Navigate to web" status="PASSED">
         <system-out><![CDATA[2018-04-30 15:04:27 - [TEST_CASE][PASSED] - Test Cases/Navigate to web: Test Cases/Navigate to web

2018-04-30 15:04:27 - [TEST_STEP][PASSED] - openBrowser: Browser is opened with url: ''

2018-04-30 15:04:33 - [MESSAGE][PASSED] - Browser is opened with url: ''

2018-04-30 15:04:33 - [TEST_STEP][PASSED] - navigateToUrl: Navigate to 'http://54.71.80.147:8086/' successfully

2018-04-30 15:04:41 - [MESSAGE][PASSED] - Navigate to 'http://54.71.80.147:8086/' successfully]]></system-out>
         <system-err><![CDATA[]]></system-err>
      </testcase>
      <testcase name="Test Cases/Login with credentials" classname="Test Cases/Login with credentials" status="PASSED">
         <system-out><![CDATA[2018-04-30 15:04:41 - [TEST_CASE][PASSED] - Test Cases/Login with credentials: Test Cases/Login with credentials

2018-04-30 15:04:41 - [TEST_STEP][PASSED] - setText: Text 'user' is set on object 'Object Repository/Login_Page/input_username'

2018-04-30 15:04:41 - [MESSAGE][PASSED] - Text 'user' is set on object 'Object Repository/Login_Page/input_username'

2018-04-30 15:04:41 - [TEST_STEP][PASSED] - setText: Text 'user' is set on object 'Object Repository/Login_Page/input_password'

2018-04-30 15:04:42 - [MESSAGE][PASSED] - Text 'user' is set on object 'Object Repository/Login_Page/input_password'

2018-04-30 15:04:42 - [TEST_STEP][PASSED] - click: Object: 'Object Repository/Login_Page/button_Login' is clicked on

2018-04-30 15:04:42 - [MESSAGE][PASSED] - Object: 'Object Repository/Login_Page/button_Login' is clicked on]]></system-out>
         <system-err><![CDATA[]]></system-err>
      </testcase>
      <testcase name="Test Cases/Selecting product" classname="Test Cases/Selecting product" status="ERROR">
         <error type="ERROR" message="Test Cases/Selecting product FAILED because (of) org.openqa.selenium.NoSuchElementException: Unable to locate element: /html/body/app-root/app-product-list/div/div[2]/div/div[i]/a/div[2]/div[2]/button
For documentation on this error, please visit: http://seleniumhq.org/exceptions/no_such_element.html
Build info: version: '3.7.1', revision: '8a0099a', time: '2017-11-06T21:07:36.161Z'
System info: host: 'DESKTOP-IGTTMO3', ip: '10.80.178.12', os.name: 'Windows 10', os.arch: 'amd64', os.version: '10.0', java.version: '1.8.0_102'
Driver info: com.kms.katalon.core.webui.driver.firefox.CGeckoDriver
Capabilities {acceptInsecureCerts: true, browserName: firefox, browserVersion: 59.0.2, javascriptEnabled: true, moz:accessibilityChecks: false, moz:headless: false, moz:processID: 9416, moz:profile: C:\Users\Donut\AppData\Loca..., moz:useNonSpecCompliantPointerOrigin: false, moz:webdriverClick: true, pageLoadStrategy: normal, platform: XP, platformName: XP, platformVersion: 10.0, proxy: Proxy(direct), rotatable: false, timeouts: {implicit: 0, pageLoad: 300000, script: 30000}}
Session ID: 22e757aa-d4c8-4a3a-918c-1020a88cce7c
*** Element info: {Using=xpath, value=/html/body/app-root/app-product-list/div/div[2]/div/div[i]/a/div[2]/div[2]/button}"/>
         <system-out><![CDATA[2018-04-30 15:04:42 - [TEST_CASE][ERROR] - Test Cases/Selecting product: Test Cases/Selecting product FAILED because (of) org.openqa.selenium.NoSuchElementException: Unable to locate element: /html/body/app-root/app-product-list/div/div[2]/div/div[i]/a/div[2]/div[2]/button
For documentation on this error, please visit: http://seleniumhq.org/exceptions/no_such_element.html
Build info: version: '3.7.1', revision: '8a0099a', time: '2017-11-06T21:07:36.161Z'
System info: host: 'DESKTOP-IGTTMO3', ip: '10.80.178.12', os.name: 'Windows 10', os.arch: 'amd64', os.version: '10.0', java.version: '1.8.0_102'
Driver info: com.kms.katalon.core.webui.driver.firefox.CGeckoDriver
Capabilities {acceptInsecureCerts: true, browserName: firefox, browserVersion: 59.0.2, javascriptEnabled: true, moz:accessibilityChecks: false, moz:headless: false, moz:processID: 9416, moz:profile: C:\Users\Donut\AppData\Loca..., moz:useNonSpecCompliantPointerOrigin: false, moz:webdriverClick: true, pageLoadStrategy: normal, platform: XP, platformName: XP, platformVersion: 10.0, proxy: Proxy(direct), rotatable: false, timeouts: {implicit: 0, pageLoad: 300000, script: 30000}}
Session ID: 22e757aa-d4c8-4a3a-918c-1020a88cce7c
*** Element info: {Using=xpath, value=/html/body/app-root/app-product-list/div/div[2]/div/div[i]/a/div[2]/div[2]/button}

2018-04-30 15:04:42 - [TEST_STEP][PASSED] - delay: Delayed 2 second(s)

2018-04-30 15:04:44 - [MESSAGE][PASSED] - Delayed 2 second(s)

2018-04-30 15:04:44 - [TEST_STEP][PASSED] - Statement - driver = com.kms.katalon.core.webui.driver.DriverFactory.getWebDriver(): null

2018-04-30 15:04:44 - [TEST_STEP][PASSED] - Statement - Products = driver.findElement(org.openqa.selenium.By.xpath("/html/body/app-root/app-product-list/div/div[2]/div")): null

2018-04-30 15:04:44 - [TEST_STEP][PASSED] - Statement - farmerCards = Products.findElements(org.openqa.selenium.By.className("farmer-card")): null

2018-04-30 15:04:44 - [TEST_STEP][PASSED] - Statement - For (def i : farmerCards): null

2018-04-30 15:04:44 - [TEST_STEP][PASSED] - Statement - println("hi: " + i): null

2018-04-30 15:04:44 - [TEST_STEP][PASSED] - Statement - buttonAddProduct = driver.findElement(org.openqa.selenium.By.xpath("/html/body/app-root/app-product-list/div/div[2]/div/div[i]/a/div[2]/div[2]/button")): null]]></system-out>
         <system-err><![CDATA[2018-04-30 15:04:42 - [TEST_CASE][ERROR] - Test Cases/Selecting product: Test Cases/Selecting product FAILED because (of) org.openqa.selenium.NoSuchElementException: Unable to locate element: /html/body/app-root/app-product-list/div/div[2]/div/div[i]/a/div[2]/div[2]/button
For documentation on this error, please visit: http://seleniumhq.org/exceptions/no_such_element.html
Build info: version: '3.7.1', revision: '8a0099a', time: '2017-11-06T21:07:36.161Z'
System info: host: 'DESKTOP-IGTTMO3', ip: '10.80.178.12', os.name: 'Windows 10', os.arch: 'amd64', os.version: '10.0', java.version: '1.8.0_102'
Driver info: com.kms.katalon.core.webui.driver.firefox.CGeckoDriver
Capabilities {acceptInsecureCerts: true, browserName: firefox, browserVersion: 59.0.2, javascriptEnabled: true, moz:accessibilityChecks: false, moz:headless: false, moz:processID: 9416, moz:profile: C:\Users\Donut\AppData\Loca..., moz:useNonSpecCompliantPointerOrigin: false, moz:webdriverClick: true, pageLoadStrategy: normal, platform: XP, platformName: XP, platformVersion: 10.0, proxy: Proxy(direct), rotatable: false, timeouts: {implicit: 0, pageLoad: 300000, script: 30000}}
Session ID: 22e757aa-d4c8-4a3a-918c-1020a88cce7c
*** Element info: {Using=xpath, value=/html/body/app-root/app-product-list/div/div[2]/div/div[i]/a/div[2]/div[2]/button}]]></system-err>
      </testcase>
      <testcase name="Test Cases/Exit browser" classname="Test Cases/Exit browser" status="PASSED">
         <system-out><![CDATA[2018-04-30 15:04:44 - [TEST_CASE][PASSED] - Test Cases/Exit browser: Test Cases/Exit browser

2018-04-30 15:04:45 - [TEST_STEP][PASSED] - closeBrowser: Browser is closed

2018-04-30 15:04:45 - [MESSAGE][PASSED] - Browser is closed]]></system-out>
         <system-err><![CDATA[]]></system-err>
      </testcase>
      <system-out><![CDATA[2018-04-30 15:04:26 - [TEST_SUITE][ERROR] - Selecting products updates the number in carts: Test Cases/Selecting product FAILED because (of) org.openqa.selenium.NoSuchElementException: Unable to locate element: /html/body/app-root/app-product-list/div/div[2]/div/div[i]/a/div[2]/div[2]/button
For documentation on this error, please visit: http://seleniumhq.org/exceptions/no_such_element.html
Build info: version: '3.7.1', revision: '8a0099a', time: '2017-11-06T21:07:36.161Z'
System info: host: 'DESKTOP-IGTTMO3', ip: '10.80.178.12', os.name: 'Windows 10', os.arch: 'amd64', os.version: '10.0', java.version: '1.8.0_102'
Driver info: com.kms.katalon.core.webui.driver.firefox.CGeckoDriver
Capabilities {acceptInsecureCerts: true, browserName: firefox, browserVersion: 59.0.2, javascriptEnabled: true, moz:accessibilityChecks: false, moz:headless: false, moz:processID: 9416, moz:profile: C:\Users\Donut\AppData\Loca..., moz:useNonSpecCompliantPointerOrigin: false, moz:webdriverClick: true, pageLoadStrategy: normal, platform: XP, platformName: XP, platformVersion: 10.0, proxy: Proxy(direct), rotatable: false, timeouts: {implicit: 0, pageLoad: 300000, script: 30000}}
Session ID: 22e757aa-d4c8-4a3a-918c-1020a88cce7c
*** Element info: {Using=xpath, value=/html/body/app-root/app-product-list/div/div[2]/div/div[i]/a/div[2]/div[2]/button}]]></system-out>
      <system-err><![CDATA[2018-04-30 15:04:26 - [TEST_SUITE][ERROR] - Selecting products updates the number in carts: Test Cases/Selecting product FAILED because (of) org.openqa.selenium.NoSuchElementException: Unable to locate element: /html/body/app-root/app-product-list/div/div[2]/div/div[i]/a/div[2]/div[2]/button
For documentation on this error, please visit: http://seleniumhq.org/exceptions/no_such_element.html
Build info: version: '3.7.1', revision: '8a0099a', time: '2017-11-06T21:07:36.161Z'
System info: host: 'DESKTOP-IGTTMO3', ip: '10.80.178.12', os.name: 'Windows 10', os.arch: 'amd64', os.version: '10.0', java.version: '1.8.0_102'
Driver info: com.kms.katalon.core.webui.driver.firefox.CGeckoDriver
Capabilities {acceptInsecureCerts: true, browserName: firefox, browserVersion: 59.0.2, javascriptEnabled: true, moz:accessibilityChecks: false, moz:headless: false, moz:processID: 9416, moz:profile: C:\Users\Donut\AppData\Loca..., moz:useNonSpecCompliantPointerOrigin: false, moz:webdriverClick: true, pageLoadStrategy: normal, platform: XP, platformName: XP, platformVersion: 10.0, proxy: Proxy(direct), rotatable: false, timeouts: {implicit: 0, pageLoad: 300000, script: 30000}}
Session ID: 22e757aa-d4c8-4a3a-918c-1020a88cce7c
*** Element info: {Using=xpath, value=/html/body/app-root/app-product-list/div/div[2]/div/div[i]/a/div[2]/div[2]/button}]]></system-err>
   </testsuite>
</testsuites>
