{"devicePlatform":"","logFolder":"C:\\Users\\Donut\\git\\234-project-katalon-test\\Reports\\Verify all available product is shown\\20180429_122502","runData":{"hostName":"Donut - DESKTOP-IGTTMO3","os":"Windows 10 64bit","katalonVersion":"5.3.1.1","browser":"Firefox 59.0","hostAddress":"172.20.10.2","sessionId":"69ca5993-0778-48c2-bc8b-59363e4974b0","seleniumVersion":"3.7.1","proxyInformation":"ProxyInformation{proxyOption\u003dNO_PROXY, proxyServerType\u003dHTTP, password\u003d, proxyServerAddress\u003d, proxyServerPort\u003d0}","platform":"Windows 10"},"type":"TEST_SUITE","name":"Verify all available product is shown","id":"Test Suites/Verify all available product is shown","source":"","message":"Test Cases/Test product add FAILED because (of) org.openqa.selenium.NoSuchElementException: Unable to locate element: /html/body/app-root/app-product-list/div/div[2]\nFor documentation on this error, please visit: http://seleniumhq.org/exceptions/no_such_element.html\nBuild info: version: \u00273.7.1\u0027, revision: \u00278a0099a\u0027, time: \u00272017-11-06T21:07:36.161Z\u0027\nSystem info: host: \u0027DESKTOP-IGTTMO3\u0027, ip: \u0027172.20.10.2\u0027, os.name: \u0027Windows 10\u0027, os.arch: \u0027amd64\u0027, os.version: \u002710.0\u0027, java.version: \u00271.8.0_102\u0027\nDriver info: com.kms.katalon.core.webui.driver.firefox.CGeckoDriver\nCapabilities {acceptInsecureCerts: true, browserName: firefox, browserVersion: 59.0.2, javascriptEnabled: true, moz:accessibilityChecks: false, moz:headless: false, moz:processID: 11368, moz:profile: C:\\Users\\Donut\\AppData\\Loca..., moz:useNonSpecCompliantPointerOrigin: false, moz:webdriverClick: true, pageLoadStrategy: normal, platform: XP, platformName: XP, platformVersion: 10.0, proxy: Proxy(direct), rotatable: false, timeouts: {implicit: 0, pageLoad: 300000, script: 30000}}\nSession ID: 69ca5993-0778-48c2-bc8b-59363e4974b0\n*** Element info: {Using\u003dxpath, value\u003d/html/body/app-root/app-product-list/div/div[2]}","description":"","startTime":1524979505478,"endTime":1524979541612,"childRecords":[{"isOptional":false,"type":"TEST_CASE","name":"Test Cases/Navigate to web","id":"Test Cases/Navigate to web","source":"C:\\\\Users\\\\Donut\\\\git\\\\234-project-katalon-test\\\\Test Cases\\\\Navigate to web.tc","message":"Test Cases/Navigate to web","description":"Use to navigate to certain urls","startTime":1524979506274,"endTime":1524979539472,"childRecords":[{"testStatus":{"stackTrace":"","statusValue":"INFO"},"type":"MESSAGE","name":"","message":"Evaluating variables for test case","startTime":1524979506312,"endTime":0,"childRecords":[],"interuppted":false},{"index":1,"isIgnoredIfFailed":false,"type":"TEST_STEP","name":"openBrowser","message":"Browser is opened with url: \u0027\u0027","description":"","startTime":1524979507234,"endTime":1524979514829,"childRecords":[{"testStatus":{"stackTrace":"","statusValue":"PASSED"},"type":"MESSAGE","name":"","message":"Browser is opened with url: \u0027\u0027","startTime":1524979514828,"endTime":0,"childRecords":[],"interuppted":false}],"interuppted":false},{"index":2,"isIgnoredIfFailed":false,"type":"TEST_STEP","name":"navigateToUrl","message":"Navigate to \u0027http://54.71.80.147:8086/\u0027 successfully","description":"","startTime":1524979514831,"endTime":1524979539469,"childRecords":[{"testStatus":{"stackTrace":"","statusValue":"PASSED"},"type":"MESSAGE","name":"","message":"Navigate to \u0027http://54.71.80.147:8086/\u0027 successfully","startTime":1524979539468,"endTime":0,"childRecords":[],"interuppted":false}],"interuppted":false},{"testStatus":{"stackTrace":"","statusValue":"PASSED"},"type":"MESSAGE","name":"","message":"Test Cases/Navigate to web","startTime":1524979539471,"endTime":0,"childRecords":[],"interuppted":false}],"interuppted":false},{"isOptional":false,"type":"TEST_CASE","name":"Test Cases/Login with credentials","id":"Test Cases/Login with credentials","source":"C:\\\\Users\\\\Donut\\\\git\\\\234-project-katalon-test\\\\Test Cases\\\\Login with credentials.tc","message":"Test Cases/Login with credentials","description":"This test case will login with given infos","startTime":1524979539478,"endTime":1524979540597,"childRecords":[{"testStatus":{"stackTrace":"","statusValue":"INFO"},"type":"MESSAGE","name":"","message":"Evaluating variables for test case","startTime":1524979539495,"endTime":0,"childRecords":[],"interuppted":false},{"testStatus":{"stackTrace":"","statusValue":"INFO"},"type":"MESSAGE","name":"","message":"Variable \u0027Username\u0027 is set to user","startTime":1524979539497,"endTime":0,"childRecords":[],"interuppted":false},{"testStatus":{"stackTrace":"","statusValue":"INFO"},"type":"MESSAGE","name":"","message":"Variable \u0027Password\u0027 is set to user","startTime":1524979539498,"endTime":0,"childRecords":[],"interuppted":false},{"index":1,"isIgnoredIfFailed":false,"type":"TEST_STEP","name":"setText","message":"Text \u0027user\u0027 is set on object \u0027Object Repository/Login_Page/input_username\u0027","description":"","startTime":1524979539808,"endTime":1524979540044,"childRecords":[{"testStatus":{"stackTrace":"","statusValue":"PASSED"},"type":"MESSAGE","name":"","message":"Text \u0027user\u0027 is set on object \u0027Object Repository/Login_Page/input_username\u0027","startTime":1524979540043,"endTime":0,"childRecords":[],"interuppted":false}],"interuppted":false},{"index":2,"isIgnoredIfFailed":false,"type":"TEST_STEP","name":"setText","message":"Text \u0027user\u0027 is set on object \u0027Object Repository/Login_Page/input_password\u0027","description":"","startTime":1524979540045,"endTime":1524979540206,"childRecords":[{"testStatus":{"stackTrace":"","statusValue":"PASSED"},"type":"MESSAGE","name":"","message":"Text \u0027user\u0027 is set on object \u0027Object Repository/Login_Page/input_password\u0027","startTime":1524979540205,"endTime":0,"childRecords":[],"interuppted":false}],"interuppted":false},{"index":3,"isIgnoredIfFailed":false,"type":"TEST_STEP","name":"click","message":"Object: \u0027Object Repository/Login_Page/button_Login\u0027 is clicked on","description":"","startTime":1524979540206,"endTime":1524979540596,"childRecords":[{"testStatus":{"stackTrace":"","statusValue":"PASSED"},"type":"MESSAGE","name":"","message":"Object: \u0027Object Repository/Login_Page/button_Login\u0027 is clicked on","startTime":1524979540595,"endTime":0,"childRecords":[],"interuppted":false}],"interuppted":false},{"testStatus":{"stackTrace":"","statusValue":"PASSED"},"type":"MESSAGE","name":"","message":"Test Cases/Login with credentials","startTime":1524979540596,"endTime":0,"childRecords":[],"interuppted":false}],"interuppted":false},{"isOptional":false,"type":"TEST_CASE","name":"Test Cases/Test product add","id":"Test Cases/Test product add","source":"C:\\\\Users\\\\Donut\\\\git\\\\234-project-katalon-test\\\\Test Cases\\\\Test product add.tc","message":"Test Cases/Test product add FAILED because (of) org.openqa.selenium.NoSuchElementException: Unable to locate element: /html/body/app-root/app-product-list/div/div[2]\nFor documentation on this error, please visit: http://seleniumhq.org/exceptions/no_such_element.html\nBuild info: version: \u00273.7.1\u0027, revision: \u00278a0099a\u0027, time: \u00272017-11-06T21:07:36.161Z\u0027\nSystem info: host: \u0027DESKTOP-IGTTMO3\u0027, ip: \u0027172.20.10.2\u0027, os.name: \u0027Windows 10\u0027, os.arch: \u0027amd64\u0027, os.version: \u002710.0\u0027, java.version: \u00271.8.0_102\u0027\nDriver info: com.kms.katalon.core.webui.driver.firefox.CGeckoDriver\nCapabilities {acceptInsecureCerts: true, browserName: firefox, browserVersion: 59.0.2, javascriptEnabled: true, moz:accessibilityChecks: false, moz:headless: false, moz:processID: 11368, moz:profile: C:\\Users\\Donut\\AppData\\Loca..., moz:useNonSpecCompliantPointerOrigin: false, moz:webdriverClick: true, pageLoadStrategy: normal, platform: XP, platformName: XP, platformVersion: 10.0, proxy: Proxy(direct), rotatable: false, timeouts: {implicit: 0, pageLoad: 300000, script: 30000}}\nSession ID: 69ca5993-0778-48c2-bc8b-59363e4974b0\n*** Element info: {Using\u003dxpath, value\u003d/html/body/app-root/app-product-list/div/div[2]}","description":"","startTime":1524979540604,"endTime":1524979541038,"childRecords":[{"testStatus":{"stackTrace":"","statusValue":"INFO"},"type":"MESSAGE","name":"","message":"Evaluating variables for test case","startTime":1524979540623,"endTime":0,"childRecords":[],"interuppted":false},{"index":1,"isIgnoredIfFailed":false,"type":"TEST_STEP","name":"Statement - driver \u003d com.kms.katalon.core.webui.driver.DriverFactory.getWebDriver()","description":"","startTime":1524979540930,"endTime":1524979540947,"childRecords":[],"interuppted":false},{"index":2,"isIgnoredIfFailed":false,"type":"TEST_STEP","name":"Statement - Products \u003d driver.findElement(org.openqa.selenium.By.xpath(\"/html/body/app-root/app-product-list/div/div[2]\"))","description":"","startTime":1524979540948,"endTime":1524979541030,"childRecords":[],"interuppted":false},{"testStatus":{"stackTrace":"","statusValue":"ERROR"},"type":"MESSAGE","name":"","message":"Test Cases/Test product add FAILED because (of) org.openqa.selenium.NoSuchElementException: Unable to locate element: /html/body/app-root/app-product-list/div/div[2]\nFor documentation on this error, please visit: http://seleniumhq.org/exceptions/no_such_element.html\nBuild info: version: \u00273.7.1\u0027, revision: \u00278a0099a\u0027, time: \u00272017-11-06T21:07:36.161Z\u0027\nSystem info: host: \u0027DESKTOP-IGTTMO3\u0027, ip: \u0027172.20.10.2\u0027, os.name: \u0027Windows 10\u0027, os.arch: \u0027amd64\u0027, os.version: \u002710.0\u0027, java.version: \u00271.8.0_102\u0027\nDriver info: com.kms.katalon.core.webui.driver.firefox.CGeckoDriver\nCapabilities {acceptInsecureCerts: true, browserName: firefox, browserVersion: 59.0.2, javascriptEnabled: true, moz:accessibilityChecks: false, moz:headless: false, moz:processID: 11368, moz:profile: C:\\Users\\Donut\\AppData\\Loca..., moz:useNonSpecCompliantPointerOrigin: false, moz:webdriverClick: true, pageLoadStrategy: normal, platform: XP, platformName: XP, platformVersion: 10.0, proxy: Proxy(direct), rotatable: false, timeouts: {implicit: 0, pageLoad: 300000, script: 30000}}\nSession ID: 69ca5993-0778-48c2-bc8b-59363e4974b0\n*** Element info: {Using\u003dxpath, value\u003d/html/body/app-root/app-product-list/div/div[2]}","startTime":1524979541033,"endTime":0,"childRecords":[],"interuppted":false}],"interuppted":false},{"isOptional":false,"type":"TEST_CASE","name":"Test Cases/Exit browser","id":"Test Cases/Exit browser","source":"C:\\\\Users\\\\Donut\\\\git\\\\234-project-katalon-test\\\\Test Cases\\\\Exit browser.tc","message":"Test Cases/Exit browser","description":"use to terminate browser when testcase is done","startTime":1524979541043,"endTime":1524979541579,"childRecords":[{"testStatus":{"stackTrace":"","statusValue":"INFO"},"type":"MESSAGE","name":"","message":"Evaluating variables for test case","startTime":1524979541059,"endTime":0,"childRecords":[],"interuppted":false},{"index":1,"isIgnoredIfFailed":false,"type":"TEST_STEP","name":"closeBrowser","message":"Browser is closed","description":"","startTime":1524979541278,"endTime":1524979541578,"childRecords":[{"testStatus":{"stackTrace":"","statusValue":"PASSED"},"type":"MESSAGE","name":"","message":"Browser is closed","startTime":1524979541577,"endTime":0,"childRecords":[],"interuppted":false}],"interuppted":false},{"testStatus":{"stackTrace":"","statusValue":"PASSED"},"type":"MESSAGE","name":"","message":"Test Cases/Exit browser","startTime":1524979541578,"endTime":0,"childRecords":[],"interuppted":false}],"interuppted":false}],"interuppted":false}