<?xml version="1.0" encoding="UTF-8"?>
<testsuites name="Login dirty field test" time="52" tests="3" failures="1" errors="0">
   <testsuite name="Login dirty field test" tests="3" failures="1" errors="0" time="52" timestamp="2018-04-28 23:59:35" hostname="Donut - DESKTOP-IGTTMO3" id="Test Suites/Login dirty field test">
      <properties>
         <property name="deviceName" value=""/>
         <property name="devicePlatform" value=""/>
         <property name="logFolder" value="C:\\Users\\Donut\\git\\234-project-katalon-test\\Reports\\Login dirty field test\\20180428_235933"/>
         <property name="logFiles" value="C:\\Users\\Donut\\git\\234-project-katalon-test\\Reports\\Login dirty field test\\20180428_235933\\execution0.log"/>
         <property name="attachments" value="C:\\Users\\Donut\\git\\234-project-katalon-test\\Reports\\Login dirty field test\\20180428_235933\\1524934827148.png, C:\\Users\\Donut\\git\\234-project-katalon-test\\Reports\\Login dirty field test\\20180428_235933\\1524934827272.png"/>
         <property name="hostName" value="Donut - DESKTOP-IGTTMO3"/>
         <property name="os" value="Windows 10 64bit"/>
         <property name="katalonVersion" value="5.3.1.1"/>
         <property name="browser" value="Firefox 59.0"/>
         <property name="hostAddress" value="172.20.10.2"/>
         <property name="sessionId" value="ba209088-33bf-40e6-8aeb-fabf2c2d85bd"/>
         <property name="seleniumVersion" value="3.7.1"/>
         <property name="proxyInformation" value="ProxyInformation{proxyOption=NO_PROXY, proxyServerType=HTTP, password=, proxyServerAddress=, proxyServerPort=0}"/>
         <property name="platform" value="Windows 10"/>
      </properties>
      <testcase name="Test Cases/Navigate to web" classname="Test Cases/Navigate to web" status="PASSED">
         <system-out><![CDATA[2018-04-28 23:59:35 - [TEST_CASE][PASSED] - Test Cases/Navigate to web: Test Cases/Navigate to web

2018-04-28 23:59:36 - [TEST_STEP][PASSED] - openBrowser: Browser is opened with url: ''

2018-04-28 23:59:41 - [MESSAGE][PASSED] - Browser is opened with url: ''

2018-04-28 23:59:41 - [TEST_STEP][PASSED] - navigateToUrl: Navigate to 'http://54.71.80.147:8086/' successfully

2018-04-28 23:59:55 - [MESSAGE][PASSED] - Navigate to 'http://54.71.80.147:8086/' successfully]]></system-out>
         <system-err><![CDATA[]]></system-err>
      </testcase>
      <testcase name="Test Cases/Login with credentials" classname="Test Cases/Login with credentials" status="PASSED">
         <system-out><![CDATA[2018-04-28 23:59:55 - [TEST_CASE][PASSED] - Test Cases/Login with credentials: Test Cases/Login with credentials

2018-04-28 23:59:55 - [TEST_STEP][PASSED] - setText: Text '123' is set on object 'Object Repository/Login_Page/input_username'

2018-04-28 23:59:55 - [MESSAGE][PASSED] - Text '123' is set on object 'Object Repository/Login_Page/input_username'

2018-04-28 23:59:55 - [TEST_STEP][PASSED] - setText: Text '123' is set on object 'Object Repository/Login_Page/input_password'

2018-04-28 23:59:55 - [MESSAGE][PASSED] - Text '123' is set on object 'Object Repository/Login_Page/input_password'

2018-04-28 23:59:55 - [TEST_STEP][PASSED] - click: Object: 'Object Repository/Login_Page/button_Login' is clicked on

2018-04-28 23:59:56 - [MESSAGE][PASSED] - Object: 'Object Repository/Login_Page/button_Login' is clicked on]]></system-out>
         <system-err><![CDATA[]]></system-err>
      </testcase>
      <testcase name="Test Cases/Empty and check dirty messages for form" classname="Test Cases/Empty and check dirty messages for form" status="FAILED">
         <failure type="FAILED" message="Unable to verify object 'Object Repository/Login_Page/label_Username is required' is present (Root cause: com.kms.katalon.core.webui.exception.WebElementNotFoundException: Web element with id: 'Object Repository/Login_Page/label_Username is required' located by 'By.xpath: //label[(text() = 'Username is required' or . = 'Username is required')]' not found)"/>
         <system-out><![CDATA[2018-04-28 23:59:56 - [TEST_CASE][FAILED] - Test Cases/Empty and check dirty messages for form: Test Cases/Empty and check dirty messages for form FAILED because (of) Unable to verify object 'Object Repository/Login_Page/label_Username is required' is present (Root cause: com.kms.katalon.core.webui.exception.WebElementNotFoundException: Web element with id: 'Object Repository/Login_Page/label_Username is required' located by 'By.xpath: //label[(text() = 'Username is required' or . = 'Username is required')]' not found)

2018-04-28 23:59:56 - [TEST_STEP][PASSED] - setText: Text '' is set on object 'Object Repository/Login_Page/input_username'

2018-04-28 23:59:56 - [MESSAGE][PASSED] - Text '' is set on object 'Object Repository/Login_Page/input_username'

2018-04-28 23:59:56 - [TEST_STEP][PASSED] - setText: Text '' is set on object 'Object Repository/Login_Page/input_password'

2018-04-28 23:59:56 - [MESSAGE][PASSED] - Text '' is set on object 'Object Repository/Login_Page/input_password'

2018-04-28 23:59:56 - [TEST_STEP][FAILED] - verifyElementPresent: Unable to verify object 'Object Repository/Login_Page/label_Username is required' is present (Root cause: com.kms.katalon.core.webui.exception.WebElementNotFoundException: Web element with id: 'Object Repository/Login_Page/label_Username is required' located by 'By.xpath: //label[(text() = 'Username is required' or . = 'Username is required')]' not found)

2018-04-28 23:59:56 - [MESSAGE][WARNING] - Timeout '0' is invalid. Using default page load timeout: '30'

2018-04-29 00:00:27 - [MESSAGE][FAILED] - com.kms.katalon.core.webui.exception.WebElementNotFoundException: Web element with id: 'Object Repository/Login_Page/label_Username is required' located by 'By.xpath: //label[(text() = 'Username is required' or . = 'Username is required')]' not found
[[ATTACHMENT|C:\\Users\\Donut\\git\\234-project-katalon-test\\Reports\\Login dirty field test\\20180428_235933\\1524934827148.png]]

2018-04-29 00:00:27 - [MESSAGE][FAILED] - Unable to verify object 'Object Repository/Login_Page/label_Username is required' is present (Root cause: com.kms.katalon.core.webui.exception.WebElementNotFoundException: Web element with id: 'Object Repository/Login_Page/label_Username is required' located by 'By.xpath: //label[(text() = 'Username is required' or . = 'Username is required')]' not found)
[[ATTACHMENT|C:\\Users\\Donut\\git\\234-project-katalon-test\\Reports\\Login dirty field test\\20180428_235933\\1524934827272.png]]]]></system-out>
         <system-err><![CDATA[2018-04-28 23:59:56 - [TEST_CASE][FAILED] - Test Cases/Empty and check dirty messages for form: Test Cases/Empty and check dirty messages for form FAILED because (of) Unable to verify object 'Object Repository/Login_Page/label_Username is required' is present (Root cause: com.kms.katalon.core.webui.exception.WebElementNotFoundException: Web element with id: 'Object Repository/Login_Page/label_Username is required' located by 'By.xpath: //label[(text() = 'Username is required' or . = 'Username is required')]' not found)]]></system-err>
      </testcase>
      <testcase name="Test Cases/Exit browser" classname="Test Cases/Exit browser" status="PASSED">
         <system-out><![CDATA[2018-04-29 00:00:27 - [TEST_CASE][PASSED] - Test Cases/Exit browser: Test Cases/Exit browser

2018-04-29 00:00:27 - [TEST_STEP][PASSED] - closeBrowser: Browser is closed

2018-04-29 00:00:27 - [MESSAGE][PASSED] - Browser is closed]]></system-out>
         <system-err><![CDATA[]]></system-err>
      </testcase>
      <system-out><![CDATA[2018-04-28 23:59:35 - [TEST_SUITE][FAILED] - Login dirty field test: Test Cases/Empty and check dirty messages for form FAILED because (of) Unable to verify object 'Object Repository/Login_Page/label_Username is required' is present (Root cause: com.kms.katalon.core.webui.exception.WebElementNotFoundException: Web element with id: 'Object Repository/Login_Page/label_Username is required' located by 'By.xpath: //label[(text() = 'Username is required' or . = 'Username is required')]' not found)]]></system-out>
      <system-err><![CDATA[2018-04-28 23:59:35 - [TEST_SUITE][FAILED] - Login dirty field test: Test Cases/Empty and check dirty messages for form FAILED because (of) Unable to verify object 'Object Repository/Login_Page/label_Username is required' is present (Root cause: com.kms.katalon.core.webui.exception.WebElementNotFoundException: Web element with id: 'Object Repository/Login_Page/label_Username is required' located by 'By.xpath: //label[(text() = 'Username is required' or . = 'Username is required')]' not found)]]></system-err>
   </testsuite>
</testsuites>
