<?xml version="1.0" encoding="UTF-8"?>
<testsuites name="Test selecting and updating amount in cart page" time="44" tests="0" failures="0" errors="1">
   <testsuite name="Test selecting and updating amount in cart page" tests="0" failures="0" errors="1" time="44" timestamp="2018-05-08 21:22:26" hostname="Donut - DESKTOP-IGTTMO3" id="Test Suites/Test selecting and updating amount in cart page">
      <properties>
         <property name="deviceName" value=""/>
         <property name="devicePlatform" value=""/>
         <property name="logFolder" value="C:\\Users\\Donut\\git\\234-project-katalon-test\\Reports\\Test selecting and updating amount in cart page\\20180508_212223"/>
         <property name="logFiles" value="C:\\Users\\Donut\\git\\234-project-katalon-test\\Reports\\Test selecting and updating amount in cart page\\20180508_212223\\execution0.log"/>
         <property name="attachments" value=""/>
         <property name="hostName" value="Donut - DESKTOP-IGTTMO3"/>
         <property name="os" value="Windows 10 64bit"/>
         <property name="katalonVersion" value="5.3.1.1"/>
         <property name="browser" value="Chrome 66.0.3359.139"/>
         <property name="hostAddress" value="172.20.10.2"/>
         <property name="sessionId" value="f3b618be265e4d49b8591dd072eff5c1"/>
         <property name="seleniumVersion" value="3.7.1"/>
         <property name="proxyInformation" value="ProxyInformation{proxyOption=NO_PROXY, proxyServerType=HTTP, password=, proxyServerAddress=, proxyServerPort=0}"/>
         <property name="platform" value="Windows 10"/>
      </properties>
      <testcase name="Test Cases/Get price" classname="Test Cases/Get price" status="ERROR">
         <error type="ERROR" message="Test Cases/Get price FAILED because (of) groovy.lang.MissingMethodException: No signature of method: static com.kms.katalon.core.webui.keyword.WebUiBuiltInKeywords.setText() is applicable for argument types: (com.kms.katalon.core.testobject.TestObject, java.lang.Integer) values: [TestObject - 'Object Repository/carting/Page_ProjectBackend/item1', ...]
Possible solutions: setText(com.kms.katalon.core.testobject.TestObject, java.lang.String), getText(com.kms.katalon.core.testobject.TestObject), getText(com.kms.katalon.core.testobject.TestObject, com.kms.katalon.core.model.FailureHandling), setText(com.kms.katalon.core.testobject.TestObject, java.lang.String, com.kms.katalon.core.model.FailureHandling), clearText(com.kms.katalon.core.testobject.TestObject), clearText(com.kms.katalon.core.testobject.TestObject, com.kms.katalon.core.model.FailureHandling)"/>
         <system-out><![CDATA[2018-05-08 21:22:27 - [TEST_CASE][ERROR] - Test Cases/Get price: Test Cases/Get price FAILED because (of) groovy.lang.MissingMethodException: No signature of method: static com.kms.katalon.core.webui.keyword.WebUiBuiltInKeywords.setText() is applicable for argument types: (com.kms.katalon.core.testobject.TestObject, java.lang.Integer) values: [TestObject - 'Object Repository/carting/Page_ProjectBackend/item1', ...]
Possible solutions: setText(com.kms.katalon.core.testobject.TestObject, java.lang.String), getText(com.kms.katalon.core.testobject.TestObject), getText(com.kms.katalon.core.testobject.TestObject, com.kms.katalon.core.model.FailureHandling), setText(com.kms.katalon.core.testobject.TestObject, java.lang.String, com.kms.katalon.core.model.FailureHandling), clearText(com.kms.katalon.core.testobject.TestObject), clearText(com.kms.katalon.core.testobject.TestObject, com.kms.katalon.core.model.FailureHandling)

2018-05-08 21:22:29 - [TEST_STEP][PASSED] - openBrowser: Browser is opened with url: ''

2018-05-08 21:22:33 - [MESSAGE][PASSED] - Browser is opened with url: ''

2018-05-08 21:22:33 - [TEST_STEP][PASSED] - navigateToUrl: Navigate to 'http://54.71.80.147:8086/' successfully

2018-05-08 21:22:50 - [MESSAGE][PASSED] - Navigate to 'http://54.71.80.147:8086/' successfully

2018-05-08 21:22:50 - [TEST_STEP][PASSED] - setText: Text 'user' is set on object 'Object Repository/Login_Page/input_username'

2018-05-08 21:22:50 - [MESSAGE][PASSED] - Text 'user' is set on object 'Object Repository/Login_Page/input_username'

2018-05-08 21:22:50 - [TEST_STEP][PASSED] - setText: Text 'user' is set on object 'Object Repository/Login_Page/input_password'

2018-05-08 21:22:50 - [MESSAGE][PASSED] - Text 'user' is set on object 'Object Repository/Login_Page/input_password'

2018-05-08 21:22:50 - [TEST_STEP][PASSED] - click: Object: 'Object Repository/Login_Page/button_Login' is clicked on

2018-05-08 21:22:51 - [MESSAGE][PASSED] - Object: 'Object Repository/Login_Page/button_Login' is clicked on

2018-05-08 21:22:51 - [TEST_STEP][PASSED] - delay: Delayed 2 second(s)

2018-05-08 21:22:53 - [MESSAGE][PASSED] - Delayed 2 second(s)

2018-05-08 21:22:53 - [TEST_STEP][PASSED] - waitForElementPresent: Object 'Object Repository/Main_Page/h2_Products' is present

2018-05-08 21:22:53 - [MESSAGE][PASSED] - Object 'Object Repository/Main_Page/h2_Products' is present

2018-05-08 21:22:53 - [TEST_STEP][PASSED] - delay: Delayed 5 second(s)

2018-05-08 21:22:58 - [MESSAGE][PASSED] - Delayed 5 second(s)

2018-05-08 21:22:58 - [TEST_STEP][PASSED] - Statement - driver = com.kms.katalon.core.webui.driver.DriverFactory.getWebDriver(): null

2018-05-08 21:22:58 - [TEST_STEP][PASSED] - Statement - Products = driver.findElement(org.openqa.selenium.By.xpath("/html/body/app-root/app-product-list/div/div[2]/div")): null

2018-05-08 21:22:58 - [TEST_STEP][PASSED] - Statement - farmerCards = Products.findElements(org.openqa.selenium.By.className("farmer-card")): null

2018-05-08 21:22:58 - [TEST_STEP][PASSED] - Statement - For ([i = 1, i <= farmerCards.size(), (i++)]): Delayed 1 second(s)

2018-05-08 21:22:58 - [TEST_STEP][PASSED] - Statement - buttonAddProduct = new com.kms.katalon.core.testobject.TestObject(): null

2018-05-08 21:22:58 - [TEST_STEP][PASSED] - Statement - buttonAddProduct.addProperty("xpath", EQUALS, "/html/body/app-root/app-product-list/div/div[2]/div/div[" + i + "]/a/div[2]/div[2]/button"): null

2018-05-08 21:22:58 - [TEST_STEP][PASSED] - verifyElementText: Actual text and expected text of test object '' are matched.

2018-05-08 21:22:58 - [MESSAGE][PASSED] - Actual text and expected text of test object '' are matched.

2018-05-08 21:22:58 - [TEST_STEP][PASSED] - click: Object: '' is clicked on

2018-05-08 21:22:58 - [MESSAGE][PASSED] - Object: '' is clicked on

2018-05-08 21:22:58 - [TEST_STEP][PASSED] - verifyElementText: Actual text and expected text of test object '' are matched.

2018-05-08 21:22:58 - [MESSAGE][PASSED] - Actual text and expected text of test object '' are matched.

2018-05-08 21:22:58 - [TEST_STEP][PASSED] - Statement - println(buttonAddProduct): null

2018-05-08 21:22:58 - [TEST_STEP][PASSED] - verifyElementText: Actual text and expected text of test object 'Object Repository/Product page/cart amount label' are matched.

2018-05-08 21:22:58 - [MESSAGE][PASSED] - Actual text and expected text of test object 'Object Repository/Product page/cart amount label' are matched.

2018-05-08 21:22:58 - [TEST_STEP][PASSED] - delay: Delayed 1 second(s)

2018-05-08 21:22:59 - [MESSAGE][PASSED] - Delayed 1 second(s)

2018-05-08 21:22:59 - [TEST_STEP][PASSED] - Statement - buttonAddProduct = new com.kms.katalon.core.testobject.TestObject(): null

2018-05-08 21:22:59 - [TEST_STEP][PASSED] - Statement - buttonAddProduct.addProperty("xpath", EQUALS, "/html/body/app-root/app-product-list/div/div[2]/div/div[" + i + "]/a/div[2]/div[2]/button"): null

2018-05-08 21:22:59 - [TEST_STEP][PASSED] - verifyElementText: Actual text and expected text of test object '' are matched.

2018-05-08 21:23:00 - [MESSAGE][PASSED] - Actual text and expected text of test object '' are matched.

2018-05-08 21:23:00 - [TEST_STEP][PASSED] - click: Object: '' is clicked on

2018-05-08 21:23:00 - [MESSAGE][PASSED] - Object: '' is clicked on

2018-05-08 21:23:00 - [TEST_STEP][PASSED] - verifyElementText: Actual text and expected text of test object '' are matched.

2018-05-08 21:23:00 - [MESSAGE][PASSED] - Actual text and expected text of test object '' are matched.

2018-05-08 21:23:00 - [TEST_STEP][PASSED] - Statement - println(buttonAddProduct): null

2018-05-08 21:23:00 - [TEST_STEP][PASSED] - verifyElementText: Actual text and expected text of test object 'Object Repository/Product page/cart amount label' are matched.

2018-05-08 21:23:00 - [MESSAGE][PASSED] - Actual text and expected text of test object 'Object Repository/Product page/cart amount label' are matched.

2018-05-08 21:23:00 - [TEST_STEP][PASSED] - delay: Delayed 1 second(s)

2018-05-08 21:23:01 - [MESSAGE][PASSED] - Delayed 1 second(s)

2018-05-08 21:23:01 - [TEST_STEP][PASSED] - Statement - buttonAddProduct = new com.kms.katalon.core.testobject.TestObject(): null

2018-05-08 21:23:01 - [TEST_STEP][PASSED] - Statement - buttonAddProduct.addProperty("xpath", EQUALS, "/html/body/app-root/app-product-list/div/div[2]/div/div[" + i + "]/a/div[2]/div[2]/button"): null

2018-05-08 21:23:01 - [TEST_STEP][PASSED] - verifyElementText: Actual text and expected text of test object '' are matched.

2018-05-08 21:23:01 - [MESSAGE][PASSED] - Actual text and expected text of test object '' are matched.

2018-05-08 21:23:01 - [TEST_STEP][PASSED] - click: Object: '' is clicked on

2018-05-08 21:23:01 - [MESSAGE][PASSED] - Object: '' is clicked on

2018-05-08 21:23:01 - [TEST_STEP][PASSED] - verifyElementText: Actual text and expected text of test object '' are matched.

2018-05-08 21:23:01 - [MESSAGE][PASSED] - Actual text and expected text of test object '' are matched.

2018-05-08 21:23:01 - [TEST_STEP][PASSED] - Statement - println(buttonAddProduct): null

2018-05-08 21:23:01 - [TEST_STEP][PASSED] - verifyElementText: Actual text and expected text of test object 'Object Repository/Product page/cart amount label' are matched.

2018-05-08 21:23:01 - [MESSAGE][PASSED] - Actual text and expected text of test object 'Object Repository/Product page/cart amount label' are matched.

2018-05-08 21:23:01 - [TEST_STEP][PASSED] - delay: Delayed 1 second(s)

2018-05-08 21:23:02 - [MESSAGE][PASSED] - Delayed 1 second(s)

2018-05-08 21:23:02 - [TEST_STEP][PASSED] - Statement - buttonAddProduct = new com.kms.katalon.core.testobject.TestObject(): null

2018-05-08 21:23:02 - [TEST_STEP][PASSED] - Statement - buttonAddProduct.addProperty("xpath", EQUALS, "/html/body/app-root/app-product-list/div/div[2]/div/div[" + i + "]/a/div[2]/div[2]/button"): null

2018-05-08 21:23:02 - [TEST_STEP][PASSED] - verifyElementText: Actual text and expected text of test object '' are matched.

2018-05-08 21:23:02 - [MESSAGE][PASSED] - Actual text and expected text of test object '' are matched.

2018-05-08 21:23:02 - [TEST_STEP][PASSED] - click: Object: '' is clicked on

2018-05-08 21:23:02 - [MESSAGE][PASSED] - Object: '' is clicked on

2018-05-08 21:23:02 - [TEST_STEP][PASSED] - verifyElementText: Actual text and expected text of test object '' are matched.

2018-05-08 21:23:02 - [MESSAGE][PASSED] - Actual text and expected text of test object '' are matched.

2018-05-08 21:23:02 - [TEST_STEP][PASSED] - Statement - println(buttonAddProduct): null

2018-05-08 21:23:02 - [TEST_STEP][PASSED] - verifyElementText: Actual text and expected text of test object 'Object Repository/Product page/cart amount label' are matched.

2018-05-08 21:23:03 - [MESSAGE][PASSED] - Actual text and expected text of test object 'Object Repository/Product page/cart amount label' are matched.

2018-05-08 21:23:03 - [TEST_STEP][PASSED] - delay: Delayed 1 second(s)

2018-05-08 21:23:04 - [MESSAGE][PASSED] - Delayed 1 second(s)

2018-05-08 21:23:04 - [TEST_STEP][PASSED] - Statement - buttonAddProduct = new com.kms.katalon.core.testobject.TestObject(): null

2018-05-08 21:23:04 - [TEST_STEP][PASSED] - Statement - buttonAddProduct.addProperty("xpath", EQUALS, "/html/body/app-root/app-product-list/div/div[2]/div/div[" + i + "]/a/div[2]/div[2]/button"): null

2018-05-08 21:23:04 - [TEST_STEP][PASSED] - verifyElementText: Actual text and expected text of test object '' are matched.

2018-05-08 21:23:04 - [MESSAGE][PASSED] - Actual text and expected text of test object '' are matched.

2018-05-08 21:23:04 - [TEST_STEP][PASSED] - click: Object: '' is clicked on

2018-05-08 21:23:04 - [MESSAGE][PASSED] - Object: '' is clicked on

2018-05-08 21:23:04 - [TEST_STEP][PASSED] - verifyElementText: Actual text and expected text of test object '' are matched.

2018-05-08 21:23:04 - [MESSAGE][PASSED] - Actual text and expected text of test object '' are matched.

2018-05-08 21:23:04 - [TEST_STEP][PASSED] - Statement - println(buttonAddProduct): null

2018-05-08 21:23:04 - [TEST_STEP][PASSED] - verifyElementText: Actual text and expected text of test object 'Object Repository/Product page/cart amount label' are matched.

2018-05-08 21:23:04 - [MESSAGE][PASSED] - Actual text and expected text of test object 'Object Repository/Product page/cart amount label' are matched.

2018-05-08 21:23:04 - [TEST_STEP][PASSED] - delay: Delayed 1 second(s)

2018-05-08 21:23:05 - [MESSAGE][PASSED] - Delayed 1 second(s)

2018-05-08 21:23:05 - [TEST_STEP][PASSED] - delay: Delayed 2 second(s)

2018-05-08 21:23:07 - [MESSAGE][PASSED] - Delayed 2 second(s)

2018-05-08 21:23:07 - [TEST_STEP][PASSED] - click: Object: 'Object Repository/Main_Page/a_Carts' is clicked on

2018-05-08 21:23:07 - [MESSAGE][PASSED] - Object: 'Object Repository/Main_Page/a_Carts' is clicked on

2018-05-08 21:23:07 - [TEST_STEP][PASSED] - delay: Delayed 2 second(s)

2018-05-08 21:23:09 - [MESSAGE][PASSED] - Delayed 2 second(s)

2018-05-08 21:23:09 - [TEST_STEP][PASSED] - Statement - items = driver.findElement(org.openqa.selenium.By.xpath("/html/body/app-root/app-cart-list/div/div/table")): null

2018-05-08 21:23:09 - [TEST_STEP][PASSED] - Statement - itemInTable = items.findElements(org.openqa.selenium.By.tagName("tr")): null

2018-05-08 21:23:09 - [TEST_STEP][PASSED] - Statement - prices = []: null

2018-05-08 21:23:09 - [TEST_STEP][PASSED] - Statement - For ([i = 1, i < size, (i++)]): null

2018-05-08 21:23:09 - [TEST_STEP][PASSED] - Statement - product = new com.kms.katalon.core.testobject.TestObject(): null

2018-05-08 21:23:09 - [TEST_STEP][PASSED] - Statement - product.addProperty("xpath", EQUALS, "//*[@id="add-row"]/div/table/tbody/tr[" + i + "]/td[2]"): null

2018-05-08 21:23:09 - [TEST_STEP][PASSED] - Statement - prices[i] = java.lang.Integer.parseInt(com.kms.katalon.core.webui.keyword.WebUiBuiltInKeywords.getText(product).replace(" THB", "").replace(",", "")): Text of object '' is: '20,000 THB'

2018-05-08 21:23:09 - [MESSAGE][PASSED] - Text of object '' is: '20,000 THB'

2018-05-08 21:23:09 - [TEST_STEP][PASSED] - Statement - println("No:" + i + "price" + prices[i]): null

2018-05-08 21:23:09 - [TEST_STEP][PASSED] - Statement - product = new com.kms.katalon.core.testobject.TestObject(): null

2018-05-08 21:23:09 - [TEST_STEP][PASSED] - Statement - product.addProperty("xpath", EQUALS, "//*[@id="add-row"]/div/table/tbody/tr[" + i + "]/td[2]"): null

2018-05-08 21:23:09 - [TEST_STEP][PASSED] - Statement - prices[i] = java.lang.Integer.parseInt(com.kms.katalon.core.webui.keyword.WebUiBuiltInKeywords.getText(product).replace(" THB", "").replace(",", "")): Text of object '' is: '150 THB'

2018-05-08 21:23:09 - [MESSAGE][PASSED] - Text of object '' is: '150 THB'

2018-05-08 21:23:09 - [TEST_STEP][PASSED] - Statement - println("No:" + i + "price" + prices[i]): null

2018-05-08 21:23:09 - [TEST_STEP][PASSED] - Statement - product = new com.kms.katalon.core.testobject.TestObject(): null

2018-05-08 21:23:09 - [TEST_STEP][PASSED] - Statement - product.addProperty("xpath", EQUALS, "//*[@id="add-row"]/div/table/tbody/tr[" + i + "]/td[2]"): null

2018-05-08 21:23:09 - [TEST_STEP][PASSED] - Statement - prices[i] = java.lang.Integer.parseInt(com.kms.katalon.core.webui.keyword.WebUiBuiltInKeywords.getText(product).replace(" THB", "").replace(",", "")): Text of object '' is: '280 THB'

2018-05-08 21:23:09 - [MESSAGE][PASSED] - Text of object '' is: '280 THB'

2018-05-08 21:23:09 - [TEST_STEP][PASSED] - Statement - println("No:" + i + "price" + prices[i]): null

2018-05-08 21:23:09 - [TEST_STEP][PASSED] - Statement - product = new com.kms.katalon.core.testobject.TestObject(): null

2018-05-08 21:23:09 - [TEST_STEP][PASSED] - Statement - product.addProperty("xpath", EQUALS, "//*[@id="add-row"]/div/table/tbody/tr[" + i + "]/td[2]"): null

2018-05-08 21:23:09 - [TEST_STEP][PASSED] - Statement - prices[i] = java.lang.Integer.parseInt(com.kms.katalon.core.webui.keyword.WebUiBuiltInKeywords.getText(product).replace(" THB", "").replace(",", "")): Text of object '' is: '12 THB'

2018-05-08 21:23:10 - [MESSAGE][PASSED] - Text of object '' is: '12 THB'

2018-05-08 21:23:10 - [TEST_STEP][PASSED] - Statement - println("No:" + i + "price" + prices[i]): null

2018-05-08 21:23:10 - [TEST_STEP][PASSED] - Statement - product = new com.kms.katalon.core.testobject.TestObject(): null

2018-05-08 21:23:10 - [TEST_STEP][PASSED] - Statement - product.addProperty("xpath", EQUALS, "//*[@id="add-row"]/div/table/tbody/tr[" + i + "]/td[2]"): null

2018-05-08 21:23:10 - [TEST_STEP][PASSED] - Statement - prices[i] = java.lang.Integer.parseInt(com.kms.katalon.core.webui.keyword.WebUiBuiltInKeywords.getText(product).replace(" THB", "").replace(",", "")): Text of object '' is: '20 THB'

2018-05-08 21:23:10 - [MESSAGE][PASSED] - Text of object '' is: '20 THB'

2018-05-08 21:23:10 - [TEST_STEP][PASSED] - Statement - println("No:" + i + "price" + prices[i]): null

2018-05-08 21:23:10 - [TEST_STEP][PASSED] - setText: Finding Test Object with id 'Object Repository/carting/Page_ProjectBackend/item1']]></system-out>
         <system-err><![CDATA[2018-05-08 21:22:27 - [TEST_CASE][ERROR] - Test Cases/Get price: Test Cases/Get price FAILED because (of) groovy.lang.MissingMethodException: No signature of method: static com.kms.katalon.core.webui.keyword.WebUiBuiltInKeywords.setText() is applicable for argument types: (com.kms.katalon.core.testobject.TestObject, java.lang.Integer) values: [TestObject - 'Object Repository/carting/Page_ProjectBackend/item1', ...]
Possible solutions: setText(com.kms.katalon.core.testobject.TestObject, java.lang.String), getText(com.kms.katalon.core.testobject.TestObject), getText(com.kms.katalon.core.testobject.TestObject, com.kms.katalon.core.model.FailureHandling), setText(com.kms.katalon.core.testobject.TestObject, java.lang.String, com.kms.katalon.core.model.FailureHandling), clearText(com.kms.katalon.core.testobject.TestObject), clearText(com.kms.katalon.core.testobject.TestObject, com.kms.katalon.core.model.FailureHandling)]]></system-err>
      </testcase>
      <system-out><![CDATA[2018-05-08 21:22:26 - [TEST_SUITE][ERROR] - Test selecting and updating amount in cart page: Test Cases/Get price FAILED because (of) groovy.lang.MissingMethodException: No signature of method: static com.kms.katalon.core.webui.keyword.WebUiBuiltInKeywords.setText() is applicable for argument types: (com.kms.katalon.core.testobject.TestObject, java.lang.Integer) values: [TestObject - 'Object Repository/carting/Page_ProjectBackend/item1', ...]
Possible solutions: setText(com.kms.katalon.core.testobject.TestObject, java.lang.String), getText(com.kms.katalon.core.testobject.TestObject), getText(com.kms.katalon.core.testobject.TestObject, com.kms.katalon.core.model.FailureHandling), setText(com.kms.katalon.core.testobject.TestObject, java.lang.String, com.kms.katalon.core.model.FailureHandling), clearText(com.kms.katalon.core.testobject.TestObject), clearText(com.kms.katalon.core.testobject.TestObject, com.kms.katalon.core.model.FailureHandling)]]></system-out>
      <system-err><![CDATA[2018-05-08 21:22:26 - [TEST_SUITE][ERROR] - Test selecting and updating amount in cart page: Test Cases/Get price FAILED because (of) groovy.lang.MissingMethodException: No signature of method: static com.kms.katalon.core.webui.keyword.WebUiBuiltInKeywords.setText() is applicable for argument types: (com.kms.katalon.core.testobject.TestObject, java.lang.Integer) values: [TestObject - 'Object Repository/carting/Page_ProjectBackend/item1', ...]
Possible solutions: setText(com.kms.katalon.core.testobject.TestObject, java.lang.String), getText(com.kms.katalon.core.testobject.TestObject), getText(com.kms.katalon.core.testobject.TestObject, com.kms.katalon.core.model.FailureHandling), setText(com.kms.katalon.core.testobject.TestObject, java.lang.String, com.kms.katalon.core.model.FailureHandling), clearText(com.kms.katalon.core.testobject.TestObject), clearText(com.kms.katalon.core.testobject.TestObject, com.kms.katalon.core.model.FailureHandling)]]></system-err>
   </testsuite>
</testsuites>
