{"devicePlatform":"","logFolder":"C:\\Users\\Donut\\git\\234-project-katalon-test\\Reports\\Login as admin\\20180428_173048","runData":{"hostName":"Donut - DESKTOP-IGTTMO3","os":"Windows 10 64bit","katalonVersion":"5.3.1.1","browser":"Firefox 59.0","hostAddress":"172.20.10.2","sessionId":"cd1e4702-40af-4d1f-895b-f0733ebbb349","seleniumVersion":"3.7.1","proxyInformation":"ProxyInformation{proxyOption\u003dNO_PROXY, proxyServerType\u003dHTTP, password\u003d, proxyServerAddress\u003d, proxyServerPort\u003d0}","platform":"Windows 10"},"type":"TEST_SUITE","name":"Login as admin","id":"Test Suites/Login as admin","source":"","message":"Test Cases/Verify admin landing page FAILED because (of) Verify element text of test object \u0027Object Repository/Page_ProjectBackend/a_Total Transaction\u0027 FAILED. (Root cause: Actual text \u0027Total Transaction\u0027 and expected text \u0027Total Transactions\u0027 of test object \u0027Object Repository/Page_ProjectBackend/a_Total Transaction\u0027 are NOT matched.)","description":"","startTime":1524911450524,"endTime":1524911473531,"childRecords":[{"isOptional":false,"type":"TEST_CASE","name":"Test Cases/Navigate to web","id":"Test Cases/Navigate to web","source":"C:\\\\Users\\\\Donut\\\\git\\\\234-project-katalon-test\\\\Test Cases\\\\Navigate to web.tc","message":"Test Cases/Navigate to web","description":"Use to navigate to certain urls","startTime":1524911451019,"endTime":1524911470782,"childRecords":[{"testStatus":{"stackTrace":"","statusValue":"INFO"},"type":"MESSAGE","name":"","message":"Evaluating variables for test case","startTime":1524911451045,"endTime":0,"childRecords":[],"interuppted":false},{"index":1,"isIgnoredIfFailed":false,"type":"TEST_STEP","name":"openBrowser","message":"Browser is opened with url: \u0027\u0027","description":"","startTime":1524911451433,"endTime":1524911457240,"childRecords":[{"testStatus":{"stackTrace":"","statusValue":"PASSED"},"type":"MESSAGE","name":"","message":"Browser is opened with url: \u0027\u0027","startTime":1524911457234,"endTime":0,"childRecords":[],"interuppted":false}],"interuppted":false},{"index":2,"isIgnoredIfFailed":false,"type":"TEST_STEP","name":"navigateToUrl","message":"Navigate to \u0027http://54.71.80.147:8086/\u0027 successfully","description":"","startTime":1524911457240,"endTime":1524911470781,"childRecords":[{"testStatus":{"stackTrace":"","statusValue":"PASSED"},"type":"MESSAGE","name":"","message":"Navigate to \u0027http://54.71.80.147:8086/\u0027 successfully","startTime":1524911470780,"endTime":0,"childRecords":[],"interuppted":false}],"interuppted":false},{"testStatus":{"stackTrace":"","statusValue":"PASSED"},"type":"MESSAGE","name":"","message":"Test Cases/Navigate to web","startTime":1524911470781,"endTime":0,"childRecords":[],"interuppted":false}],"interuppted":false},{"isOptional":false,"type":"TEST_CASE","name":"Test Cases/Login with credentials","id":"Test Cases/Login with credentials","source":"C:\\\\Users\\\\Donut\\\\git\\\\234-project-katalon-test\\\\Test Cases\\\\Login with credentials.tc","message":"Test Cases/Login with credentials","description":"This test case will login with given infos","startTime":1524911470785,"endTime":1524911471689,"childRecords":[{"testStatus":{"stackTrace":"","statusValue":"INFO"},"type":"MESSAGE","name":"","message":"Evaluating variables for test case","startTime":1524911470800,"endTime":0,"childRecords":[],"interuppted":false},{"testStatus":{"stackTrace":"","statusValue":"INFO"},"type":"MESSAGE","name":"","message":"Variable \u0027Username\u0027 is set to admin","startTime":1524911470800,"endTime":0,"childRecords":[],"interuppted":false},{"testStatus":{"stackTrace":"","statusValue":"INFO"},"type":"MESSAGE","name":"","message":"Variable \u0027Password\u0027 is set to admin","startTime":1524911470800,"endTime":0,"childRecords":[],"interuppted":false},{"index":1,"isIgnoredIfFailed":false,"type":"TEST_STEP","name":"setText","message":"Text \u0027admin\u0027 is set on object \u0027Object Repository/Page_ProjectBackend/input_username\u0027","description":"","startTime":1524911471048,"endTime":1524911471262,"childRecords":[{"testStatus":{"stackTrace":"","statusValue":"PASSED"},"type":"MESSAGE","name":"","message":"Text \u0027admin\u0027 is set on object \u0027Object Repository/Page_ProjectBackend/input_username\u0027","startTime":1524911471247,"endTime":0,"childRecords":[],"interuppted":false}],"interuppted":false},{"index":2,"isIgnoredIfFailed":false,"type":"TEST_STEP","name":"setText","message":"Text \u0027admin\u0027 is set on object \u0027Object Repository/Page_ProjectBackend/input_password\u0027","description":"","startTime":1524911471262,"endTime":1524911471363,"childRecords":[{"testStatus":{"stackTrace":"","statusValue":"PASSED"},"type":"MESSAGE","name":"","message":"Text \u0027admin\u0027 is set on object \u0027Object Repository/Page_ProjectBackend/input_password\u0027","startTime":1524911471363,"endTime":0,"childRecords":[],"interuppted":false}],"interuppted":false},{"index":3,"isIgnoredIfFailed":false,"type":"TEST_STEP","name":"click","message":"Object: \u0027Object Repository/Page_ProjectBackend/button_Login\u0027 is clicked on","description":"","startTime":1524911471363,"endTime":1524911471689,"childRecords":[{"testStatus":{"stackTrace":"","statusValue":"PASSED"},"type":"MESSAGE","name":"","message":"Object: \u0027Object Repository/Page_ProjectBackend/button_Login\u0027 is clicked on","startTime":1524911471689,"endTime":0,"childRecords":[],"interuppted":false}],"interuppted":false},{"testStatus":{"stackTrace":"","statusValue":"PASSED"},"type":"MESSAGE","name":"","message":"Test Cases/Login with credentials","startTime":1524911471689,"endTime":0,"childRecords":[],"interuppted":false}],"interuppted":false},{"isOptional":false,"type":"TEST_CASE","name":"Test Cases/Verify admin landing page","id":"Test Cases/Verify admin landing page","source":"C:\\\\Users\\\\Donut\\\\git\\\\234-project-katalon-test\\\\Test Cases\\\\Verify admin landing page.tc","message":"Test Cases/Verify admin landing page FAILED because (of) Verify element text of test object \u0027Object Repository/Page_ProjectBackend/a_Total Transaction\u0027 FAILED. (Root cause: Actual text \u0027Total Transaction\u0027 and expected text \u0027Total Transactions\u0027 of test object \u0027Object Repository/Page_ProjectBackend/a_Total Transaction\u0027 are NOT matched.)","description":"Verify if logged in as admin","startTime":1524911471689,"endTime":1524911473228,"childRecords":[{"testStatus":{"stackTrace":"","statusValue":"INFO"},"type":"MESSAGE","name":"","message":"Evaluating variables for test case","startTime":1524911471705,"endTime":0,"childRecords":[],"interuppted":false},{"index":1,"isIgnoredIfFailed":false,"type":"TEST_STEP","name":"verifyElementText","message":"Actual text and expected text of test object \u0027Object Repository/Page_ProjectBackend/a_Products\u0027 are matched.","description":"","startTime":1524911471878,"endTime":1524911472955,"childRecords":[{"testStatus":{"stackTrace":"","statusValue":"PASSED"},"type":"MESSAGE","name":"","message":"Actual text and expected text of test object \u0027Object Repository/Page_ProjectBackend/a_Products\u0027 are matched.","startTime":1524911472955,"endTime":0,"childRecords":[],"interuppted":false}],"interuppted":false},{"attachment":"1524911473116.png","index":2,"isIgnoredIfFailed":false,"type":"TEST_STEP","name":"verifyElementText","message":"Verify element text of test object \u0027Object Repository/Page_ProjectBackend/a_Total Transaction\u0027 FAILED. (Root cause: Actual text \u0027Total Transaction\u0027 and expected text \u0027Total Transactions\u0027 of test object \u0027Object Repository/Page_ProjectBackend/a_Total Transaction\u0027 are NOT matched.)","description":"","startTime":1524911472955,"endTime":1524911473227,"childRecords":[{"testStatus":{"stackTrace":"","statusValue":"FAILED"},"attachment":"1524911472988.png","type":"MESSAGE","name":"","message":"Actual text \u0027Total Transaction\u0027 and expected text \u0027Total Transactions\u0027 of test object \u0027Object Repository/Page_ProjectBackend/a_Total Transaction\u0027 are NOT matched.","startTime":1524911473114,"endTime":0,"childRecords":[],"interuppted":false},{"testStatus":{"stackTrace":"","statusValue":"FAILED"},"attachment":"1524911473116.png","type":"MESSAGE","name":"","message":"Verify element text of test object \u0027Object Repository/Page_ProjectBackend/a_Total Transaction\u0027 FAILED. (Root cause: Actual text \u0027Total Transaction\u0027 and expected text \u0027Total Transactions\u0027 of test object \u0027Object Repository/Page_ProjectBackend/a_Total Transaction\u0027 are NOT matched.)","startTime":1524911473226,"endTime":0,"childRecords":[],"interuppted":false}],"interuppted":false},{"testStatus":{"stackTrace":"","statusValue":"FAILED"},"type":"MESSAGE","name":"","message":"Test Cases/Verify admin landing page FAILED because (of) Verify element text of test object \u0027Object Repository/Page_ProjectBackend/a_Total Transaction\u0027 FAILED. (Root cause: Actual text \u0027Total Transaction\u0027 and expected text \u0027Total Transactions\u0027 of test object \u0027Object Repository/Page_ProjectBackend/a_Total Transaction\u0027 are NOT matched.)","startTime":1524911473228,"endTime":0,"childRecords":[],"interuppted":false}],"interuppted":false}],"interuppted":false}