<?xml version="1.0" encoding="UTF-8"?>
<testsuites name="Test transaction update" time="33" tests="0" failures="1" errors="0">
   <testsuite name="Test transaction update" tests="0" failures="1" errors="0" time="33" timestamp="2018-05-09 20:41:08" hostname="Donut - 10.80.178.12" id="Test Suites/Test transaction update">
      <properties>
         <property name="deviceName" value=""/>
         <property name="devicePlatform" value=""/>
         <property name="logFolder" value="C:\\Users\\Donut\\git\\234-project-katalon-test\\Reports\\Test transaction update\\20180509_204106"/>
         <property name="logFiles" value="C:\\Users\\Donut\\git\\234-project-katalon-test\\Reports\\Test transaction update\\20180509_204106\\execution0.log"/>
         <property name="attachments" value="C:\\Users\\Donut\\git\\234-project-katalon-test\\Reports\\Test transaction update\\20180509_204106\\1525873300639.png, C:\\Users\\Donut\\git\\234-project-katalon-test\\Reports\\Test transaction update\\20180509_204106\\1525873301009.png"/>
         <property name="hostName" value="Donut - 10.80.178.12"/>
         <property name="os" value="Windows 10 64bit"/>
         <property name="katalonVersion" value="5.3.1.1"/>
         <property name="browser" value="Chrome 66.0.3359.139"/>
         <property name="hostAddress" value="10.80.178.12"/>
         <property name="sessionId" value="5f8f2ee1c3eea53c5df40a2560f3d8f3"/>
         <property name="seleniumVersion" value="3.7.1"/>
         <property name="proxyInformation" value="ProxyInformation{proxyOption=NO_PROXY, proxyServerType=HTTP, password=, proxyServerAddress=, proxyServerPort=0}"/>
         <property name="platform" value="Windows 10"/>
      </properties>
      <testcase name="Test Cases/Test transaction update" classname="Test Cases/Test transaction update" status="FAILED">
         <failure type="FAILED" message="Verify element text of test object 'Object Repository/Transaction page/Total Transaction Price' FAILED. (Root cause: Actual text 'Total price: 475,772 THB' and expected text 'Total price: 474,584 THB' of test object 'Object Repository/Transaction page/Total Transaction Price' are NOT matched.)"/>
         <system-out><![CDATA[2018-05-09 20:41:09 - [TEST_CASE][FAILED] - Test Cases/Test transaction update: Test Cases/Test transaction update FAILED because (of) Verify element text of test object 'Object Repository/Transaction page/Total Transaction Price' FAILED. (Root cause: Actual text 'Total price: 475,772 THB' and expected text 'Total price: 474,584 THB' of test object 'Object Repository/Transaction page/Total Transaction Price' are NOT matched.)

2018-05-09 20:41:09 - [TEST_STEP][PASSED] - openBrowser: Browser is opened with url: ''

2018-05-09 20:41:13 - [MESSAGE][PASSED] - Browser is opened with url: ''

2018-05-09 20:41:13 - [TEST_STEP][PASSED] - navigateToUrl: Navigate to 'http://54.71.80.147:8086/' successfully

2018-05-09 20:41:21 - [MESSAGE][PASSED] - Navigate to 'http://54.71.80.147:8086/' successfully

2018-05-09 20:41:21 - [TEST_STEP][PASSED] - setText: Text 'admin' is set on object 'Object Repository/Login_Page/input_username'

2018-05-09 20:41:21 - [MESSAGE][PASSED] - Text 'admin' is set on object 'Object Repository/Login_Page/input_username'

2018-05-09 20:41:21 - [TEST_STEP][PASSED] - setText: Text 'admin' is set on object 'Object Repository/Login_Page/input_password'

2018-05-09 20:41:22 - [MESSAGE][PASSED] - Text 'admin' is set on object 'Object Repository/Login_Page/input_password'

2018-05-09 20:41:22 - [TEST_STEP][PASSED] - click: Object: 'Object Repository/Login_Page/button_Login' is clicked on

2018-05-09 20:41:22 - [MESSAGE][PASSED] - Object: 'Object Repository/Login_Page/button_Login' is clicked on

2018-05-09 20:41:22 - [TEST_STEP][PASSED] - waitForElementNotPresent: Web element with id: 'Object Repository/Main_Page/Logout Button' located by 'By.xpath: //button[@type = 'button' and (text() = 'Logout' or . = 'Logout')]' is not present after '15' second(s)

2018-05-09 20:41:22 - [MESSAGE][PASSED] - Web element with id: 'Object Repository/Main_Page/Logout Button' located by 'By.xpath: //button[@type = 'button' and (text() = 'Logout' or . = 'Logout')]' is not present after '15' second(s)

2018-05-09 20:41:22 - [TEST_STEP][PASSED] - click: Object: 'Object Repository/Main_Page/a_Total Transaction' is clicked on

2018-05-09 20:41:23 - [MESSAGE][PASSED] - Object: 'Object Repository/Main_Page/a_Total Transaction' is clicked on

2018-05-09 20:41:23 - [TEST_STEP][PASSED] - delay: Delayed 2 second(s)

2018-05-09 20:41:25 - [MESSAGE][PASSED] - Delayed 2 second(s)

2018-05-09 20:41:25 - [TEST_STEP][PASSED] - Statement - driver = com.kms.katalon.core.webui.driver.DriverFactory.getWebDriver(): null

2018-05-09 20:41:25 - [TEST_STEP][PASSED] - Statement - TransactionsTable = driver.findElement(org.openqa.selenium.By.xpath("//*[@id="add-row"]/div/table")): null

2018-05-09 20:41:25 - [TEST_STEP][PASSED] - Statement - transactions = TransactionsTable.findElements(org.openqa.selenium.By.tagName("tr")): null

2018-05-09 20:41:25 - [TEST_STEP][PASSED] - Statement - println(transactions.size()): null

2018-05-09 20:41:25 - [TEST_STEP][PASSED] - Statement - transactionSizeBefore = transactions.size(): null

2018-05-09 20:41:25 - [TEST_STEP][PASSED] - Statement - totalPrice1 = new com.kms.katalon.core.testobject.TestObject(): null

2018-05-09 20:41:25 - [TEST_STEP][PASSED] - Statement - totalPrice1.addProperty("xpath", EQUALS, "//*[@id="add-row"]/div/div[2]/div/p"): null

2018-05-09 20:41:25 - [TEST_STEP][PASSED] - Statement - firstprice = java.lang.Integer.parseInt(com.kms.katalon.core.webui.keyword.WebUiBuiltInKeywords.getText(totalPrice1).replace(" THB", "").replace(",", "").replace("Total price: ", "")): Text of object '' is: 'Total price: 454,122 THB'

2018-05-09 20:41:25 - [MESSAGE][PASSED] - Text of object '' is: 'Total price: 454,122 THB'

2018-05-09 20:41:25 - [TEST_STEP][PASSED] - Statement - println(firstprice): null

2018-05-09 20:41:25 - [TEST_STEP][PASSED] - click: Object: 'Object Repository/Main_Page/Logout Button' is clicked on

2018-05-09 20:41:26 - [MESSAGE][PASSED] - Object: 'Object Repository/Main_Page/Logout Button' is clicked on

2018-05-09 20:41:26 - [TEST_STEP][PASSED] - verifyElementPresent: Object 'Object Repository/Login_Page/Login Header' is present

2018-05-09 20:41:26 - [MESSAGE][PASSED] - Object 'Object Repository/Login_Page/Login Header' is present

2018-05-09 20:41:26 - [TEST_STEP][PASSED] - setText: Text 'user' is set on object 'Object Repository/Login_Page/input_username'

2018-05-09 20:41:26 - [MESSAGE][PASSED] - Text 'user' is set on object 'Object Repository/Login_Page/input_username'

2018-05-09 20:41:26 - [TEST_STEP][PASSED] - setText: Text 'user' is set on object 'Object Repository/Login_Page/input_password'

2018-05-09 20:41:26 - [MESSAGE][PASSED] - Text 'user' is set on object 'Object Repository/Login_Page/input_password'

2018-05-09 20:41:26 - [TEST_STEP][PASSED] - click: Object: 'Object Repository/Login_Page/button_Login' is clicked on

2018-05-09 20:41:26 - [MESSAGE][PASSED] - Object: 'Object Repository/Login_Page/button_Login' is clicked on

2018-05-09 20:41:26 - [TEST_STEP][PASSED] - waitForElementPresent: Object 'Object Repository/Main_Page/h2_Products' is present

2018-05-09 20:41:27 - [MESSAGE][PASSED] - Object 'Object Repository/Main_Page/h2_Products' is present

2018-05-09 20:41:27 - [TEST_STEP][PASSED] - delay: Delayed 2 second(s)

2018-05-09 20:41:29 - [MESSAGE][PASSED] - Delayed 2 second(s)

2018-05-09 20:41:29 - [TEST_STEP][PASSED] - Statement - Products = driver.findElement(org.openqa.selenium.By.xpath("/html/body/app-root/app-product-list/div/div[2]/div")): null

2018-05-09 20:41:29 - [TEST_STEP][PASSED] - Statement - farmerCards = Products.findElements(org.openqa.selenium.By.className("farmer-card")): null

2018-05-09 20:41:29 - [TEST_STEP][PASSED] - Statement - For ([i = 1, i <= farmerCards.size(), (i++)]): Delayed 1 second(s)

2018-05-09 20:41:29 - [TEST_STEP][PASSED] - Statement - buttonAddProduct = new com.kms.katalon.core.testobject.TestObject(): null

2018-05-09 20:41:29 - [TEST_STEP][PASSED] - Statement - buttonAddProduct.addProperty("xpath", EQUALS, "/html/body/app-root/app-product-list/div/div[2]/div/div[" + i + "]/a/div[2]/div[2]/button"): null

2018-05-09 20:41:29 - [TEST_STEP][PASSED] - click: Object: '' is clicked on

2018-05-09 20:41:29 - [MESSAGE][PASSED] - Object: '' is clicked on

2018-05-09 20:41:29 - [TEST_STEP][PASSED] - delay: Delayed 1 second(s)

2018-05-09 20:41:30 - [MESSAGE][PASSED] - Delayed 1 second(s)

2018-05-09 20:41:30 - [TEST_STEP][PASSED] - Statement - buttonAddProduct = new com.kms.katalon.core.testobject.TestObject(): null

2018-05-09 20:41:30 - [TEST_STEP][PASSED] - Statement - buttonAddProduct.addProperty("xpath", EQUALS, "/html/body/app-root/app-product-list/div/div[2]/div/div[" + i + "]/a/div[2]/div[2]/button"): null

2018-05-09 20:41:30 - [TEST_STEP][PASSED] - click: Object: '' is clicked on

2018-05-09 20:41:30 - [MESSAGE][PASSED] - Object: '' is clicked on

2018-05-09 20:41:30 - [TEST_STEP][PASSED] - delay: Delayed 1 second(s)

2018-05-09 20:41:31 - [MESSAGE][PASSED] - Delayed 1 second(s)

2018-05-09 20:41:31 - [TEST_STEP][PASSED] - Statement - buttonAddProduct = new com.kms.katalon.core.testobject.TestObject(): null

2018-05-09 20:41:31 - [TEST_STEP][PASSED] - Statement - buttonAddProduct.addProperty("xpath", EQUALS, "/html/body/app-root/app-product-list/div/div[2]/div/div[" + i + "]/a/div[2]/div[2]/button"): null

2018-05-09 20:41:31 - [TEST_STEP][PASSED] - click: Object: '' is clicked on

2018-05-09 20:41:31 - [MESSAGE][PASSED] - Object: '' is clicked on

2018-05-09 20:41:31 - [TEST_STEP][PASSED] - delay: Delayed 1 second(s)

2018-05-09 20:41:32 - [MESSAGE][PASSED] - Delayed 1 second(s)

2018-05-09 20:41:32 - [TEST_STEP][PASSED] - Statement - buttonAddProduct = new com.kms.katalon.core.testobject.TestObject(): null

2018-05-09 20:41:32 - [TEST_STEP][PASSED] - Statement - buttonAddProduct.addProperty("xpath", EQUALS, "/html/body/app-root/app-product-list/div/div[2]/div/div[" + i + "]/a/div[2]/div[2]/button"): null

2018-05-09 20:41:32 - [TEST_STEP][PASSED] - click: Object: '' is clicked on

2018-05-09 20:41:32 - [MESSAGE][PASSED] - Object: '' is clicked on

2018-05-09 20:41:32 - [TEST_STEP][PASSED] - delay: Delayed 1 second(s)

2018-05-09 20:41:33 - [MESSAGE][PASSED] - Delayed 1 second(s)

2018-05-09 20:41:33 - [TEST_STEP][PASSED] - Statement - buttonAddProduct = new com.kms.katalon.core.testobject.TestObject(): null

2018-05-09 20:41:33 - [TEST_STEP][PASSED] - Statement - buttonAddProduct.addProperty("xpath", EQUALS, "/html/body/app-root/app-product-list/div/div[2]/div/div[" + i + "]/a/div[2]/div[2]/button"): null

2018-05-09 20:41:33 - [TEST_STEP][PASSED] - click: Object: '' is clicked on

2018-05-09 20:41:34 - [MESSAGE][PASSED] - Object: '' is clicked on

2018-05-09 20:41:34 - [TEST_STEP][PASSED] - delay: Delayed 1 second(s)

2018-05-09 20:41:35 - [MESSAGE][PASSED] - Delayed 1 second(s)

2018-05-09 20:41:35 - [TEST_STEP][PASSED] - click: Object: 'Object Repository/Main_Page/Link to Carts' is clicked on

2018-05-09 20:41:35 - [MESSAGE][PASSED] - Object: 'Object Repository/Main_Page/Link to Carts' is clicked on

2018-05-09 20:41:35 - [TEST_STEP][PASSED] - Statement - priceOfLatestTeansaction = java.lang.Integer.parseInt(com.kms.katalon.core.webui.keyword.WebUiBuiltInKeywords.getText(com.kms.katalon.core.testobject.ObjectRepository.findTestObject(Cart Page/Total price  label)).replace(" THB", "").replace(",", "").replace("Total price: ", "")): Text of object 'Object Repository/Cart Page/Total price  label' is: 'Total price: 20,462 THB'

2018-05-09 20:41:35 - [MESSAGE][PASSED] - Text of object 'Object Repository/Cart Page/Total price  label' is: 'Total price: 20,462 THB'

2018-05-09 20:41:35 - [TEST_STEP][PASSED] - Statement - println(priceOfLatestTeansaction): null

2018-05-09 20:41:35 - [TEST_STEP][PASSED] - setText: Text '1' is set on object 'Object Repository/Cart Page/item1'

2018-05-09 20:41:35 - [MESSAGE][PASSED] - Text '1' is set on object 'Object Repository/Cart Page/item1'

2018-05-09 20:41:35 - [TEST_STEP][PASSED] - setText: Text '3' is set on object 'Object Repository/Cart Page/item2'

2018-05-09 20:41:35 - [MESSAGE][PASSED] - Text '3' is set on object 'Object Repository/Cart Page/item2'

2018-05-09 20:41:35 - [TEST_STEP][PASSED] - setText: Text '4' is set on object 'Object Repository/Cart Page/item3'

2018-05-09 20:41:35 - [MESSAGE][PASSED] - Text '4' is set on object 'Object Repository/Cart Page/item3'

2018-05-09 20:41:35 - [TEST_STEP][PASSED] - setText: Text '5' is set on object 'Object Repository/Cart Page/item4'

2018-05-09 20:41:36 - [MESSAGE][PASSED] - Text '5' is set on object 'Object Repository/Cart Page/item4'

2018-05-09 20:41:36 - [TEST_STEP][PASSED] - setText: Text '1' is set on object 'Object Repository/Cart Page/item5'

2018-05-09 20:41:36 - [MESSAGE][PASSED] - Text '1' is set on object 'Object Repository/Cart Page/item5'

2018-05-09 20:41:36 - [TEST_STEP][PASSED] - delay: Delayed 2 second(s)

2018-05-09 20:41:38 - [MESSAGE][PASSED] - Delayed 2 second(s)

2018-05-09 20:41:38 - [TEST_STEP][PASSED] - click: Object: 'Object Repository/Cart Page/Confirm purchase button' is clicked on

2018-05-09 20:41:38 - [MESSAGE][PASSED] - Object: 'Object Repository/Cart Page/Confirm purchase button' is clicked on

2018-05-09 20:41:38 - [TEST_STEP][PASSED] - acceptAlert: Alert accepted

2018-05-09 20:41:38 - [MESSAGE][PASSED] - Alert accepted

2018-05-09 20:41:38 - [TEST_STEP][PASSED] - waitForElementPresent: Object 'Object Repository/Main_Page/Logout Button' is present

2018-05-09 20:41:38 - [MESSAGE][PASSED] - Object 'Object Repository/Main_Page/Logout Button' is present

2018-05-09 20:41:38 - [TEST_STEP][PASSED] - click: Object: 'Object Repository/Main_Page/Logout Button' is clicked on

2018-05-09 20:41:38 - [MESSAGE][PASSED] - Object: 'Object Repository/Main_Page/Logout Button' is clicked on

2018-05-09 20:41:38 - [TEST_STEP][PASSED] - waitForElementNotPresent: Web element with id: 'Object Repository/Main_Page/Logout Button' located by 'By.xpath: //button[@type = 'button' and (text() = 'Logout' or . = 'Logout')]' is not present after '15' second(s)

2018-05-09 20:41:38 - [MESSAGE][PASSED] - Web element with id: 'Object Repository/Main_Page/Logout Button' located by 'By.xpath: //button[@type = 'button' and (text() = 'Logout' or . = 'Logout')]' is not present after '15' second(s)

2018-05-09 20:41:38 - [TEST_STEP][PASSED] - delay: Delayed 1 second(s)

2018-05-09 20:41:39 - [MESSAGE][PASSED] - Delayed 1 second(s)

2018-05-09 20:41:39 - [TEST_STEP][PASSED] - setText: Text 'admin' is set on object 'Object Repository/Login_Page/input_username'

2018-05-09 20:41:40 - [MESSAGE][PASSED] - Text 'admin' is set on object 'Object Repository/Login_Page/input_username'

2018-05-09 20:41:40 - [TEST_STEP][PASSED] - setText: Text 'admin' is set on object 'Object Repository/Login_Page/input_password'

2018-05-09 20:41:40 - [MESSAGE][PASSED] - Text 'admin' is set on object 'Object Repository/Login_Page/input_password'

2018-05-09 20:41:40 - [TEST_STEP][PASSED] - click: Object: 'Object Repository/Login_Page/button_Login' is clicked on

2018-05-09 20:41:40 - [MESSAGE][PASSED] - Object: 'Object Repository/Login_Page/button_Login' is clicked on

2018-05-09 20:41:40 - [TEST_STEP][PASSED] - click: Object: 'Object Repository/Main_Page/a_Total Transaction' is clicked on

2018-05-09 20:41:40 - [MESSAGE][PASSED] - Object: 'Object Repository/Main_Page/a_Total Transaction' is clicked on

2018-05-09 20:41:40 - [TEST_STEP][PASSED] - Statement - verifyPrice = java.lang.String.format("%,d", firstprice + priceOfLatestTeansaction): null

2018-05-09 20:41:40 - [TEST_STEP][FAILED] - verifyElementText: Verify element text of test object 'Object Repository/Transaction page/Total Transaction Price' FAILED. (Root cause: Actual text 'Total price: 475,772 THB' and expected text 'Total price: 474,584 THB' of test object 'Object Repository/Transaction page/Total Transaction Price' are NOT matched.)

2018-05-09 20:41:41 - [MESSAGE][FAILED] - Actual text 'Total price: 475,772 THB' and expected text 'Total price: 474,584 THB' of test object 'Object Repository/Transaction page/Total Transaction Price' are NOT matched.
[[ATTACHMENT|C:\\Users\\Donut\\git\\234-project-katalon-test\\Reports\\Test transaction update\\20180509_204106\\1525873300639.png]]

2018-05-09 20:41:41 - [MESSAGE][FAILED] - Verify element text of test object 'Object Repository/Transaction page/Total Transaction Price' FAILED. (Root cause: Actual text 'Total price: 475,772 THB' and expected text 'Total price: 474,584 THB' of test object 'Object Repository/Transaction page/Total Transaction Price' are NOT matched.)
[[ATTACHMENT|C:\\Users\\Donut\\git\\234-project-katalon-test\\Reports\\Test transaction update\\20180509_204106\\1525873301009.png]]]]></system-out>
         <system-err><![CDATA[2018-05-09 20:41:09 - [TEST_CASE][FAILED] - Test Cases/Test transaction update: Test Cases/Test transaction update FAILED because (of) Verify element text of test object 'Object Repository/Transaction page/Total Transaction Price' FAILED. (Root cause: Actual text 'Total price: 475,772 THB' and expected text 'Total price: 474,584 THB' of test object 'Object Repository/Transaction page/Total Transaction Price' are NOT matched.)]]></system-err>
      </testcase>
      <system-out><![CDATA[2018-05-09 20:41:08 - [TEST_SUITE][FAILED] - Test transaction update: Test Cases/Test transaction update FAILED because (of) Verify element text of test object 'Object Repository/Transaction page/Total Transaction Price' FAILED. (Root cause: Actual text 'Total price: 475,772 THB' and expected text 'Total price: 474,584 THB' of test object 'Object Repository/Transaction page/Total Transaction Price' are NOT matched.)]]></system-out>
      <system-err><![CDATA[2018-05-09 20:41:08 - [TEST_SUITE][FAILED] - Test transaction update: Test Cases/Test transaction update FAILED because (of) Verify element text of test object 'Object Repository/Transaction page/Total Transaction Price' FAILED. (Root cause: Actual text 'Total price: 475,772 THB' and expected text 'Total price: 474,584 THB' of test object 'Object Repository/Transaction page/Total Transaction Price' are NOT matched.)]]></system-err>
   </testsuite>
</testsuites>
