<?xml version="1.0" encoding="UTF-8"?>
<testsuites name="Test selecting and updating amount in cart page" time="40" tests="0" failures="1" errors="0">
   <testsuite name="Test selecting and updating amount in cart page" tests="0" failures="1" errors="0" time="40" timestamp="2018-05-08 21:30:06" hostname="Donut - DESKTOP-IGTTMO3" id="Test Suites/Test selecting and updating amount in cart page">
      <properties>
         <property name="deviceName" value=""/>
         <property name="devicePlatform" value=""/>
         <property name="logFolder" value="C:\\Users\\Donut\\git\\234-project-katalon-test\\Reports\\Test selecting and updating amount in cart page\\20180508_213004"/>
         <property name="logFiles" value="C:\\Users\\Donut\\git\\234-project-katalon-test\\Reports\\Test selecting and updating amount in cart page\\20180508_213004\\execution0.log"/>
         <property name="attachments" value="C:\\Users\\Donut\\git\\234-project-katalon-test\\Reports\\Test selecting and updating amount in cart page\\20180508_213004\\1525789845231.png, C:\\Users\\Donut\\git\\234-project-katalon-test\\Reports\\Test selecting and updating amount in cart page\\20180508_213004\\1525789845584.png"/>
         <property name="hostName" value="Donut - DESKTOP-IGTTMO3"/>
         <property name="os" value="Windows 10 64bit"/>
         <property name="katalonVersion" value="5.3.1.1"/>
         <property name="browser" value="Chrome 66.0.3359.139"/>
         <property name="hostAddress" value="172.20.10.2"/>
         <property name="sessionId" value="dc35d8548ef052adaa4cf296842cea02"/>
         <property name="seleniumVersion" value="3.7.1"/>
         <property name="proxyInformation" value="ProxyInformation{proxyOption=NO_PROXY, proxyServerType=HTTP, password=, proxyServerAddress=, proxyServerPort=0}"/>
         <property name="platform" value="Windows 10"/>
      </properties>
      <testcase name="Test Cases/Get price" classname="Test Cases/Get price" status="FAILED">
         <failure type="FAILED" message="Verify element text of test object 'Object Repository/carting/Page_ProjectBackend/p_Total price  40450 THB' FAILED. (Root cause: Actual text 'Total price: 20,716 THB' and expected text 'Total price: 20716 THB' of test object 'Object Repository/carting/Page_ProjectBackend/p_Total price  40450 THB' are NOT matched.)"/>
         <system-out><![CDATA[2018-05-08 21:30:07 - [TEST_CASE][FAILED] - Test Cases/Get price: Test Cases/Get price FAILED because (of) Verify element text of test object 'Object Repository/carting/Page_ProjectBackend/p_Total price  40450 THB' FAILED. (Root cause: Actual text 'Total price: 20,716 THB' and expected text 'Total price: 20716 THB' of test object 'Object Repository/carting/Page_ProjectBackend/p_Total price  40450 THB' are NOT matched.)

2018-05-08 21:30:07 - [TEST_STEP][PASSED] - openBrowser: Browser is opened with url: ''

2018-05-08 21:30:11 - [MESSAGE][PASSED] - Browser is opened with url: ''

2018-05-08 21:30:11 - [TEST_STEP][PASSED] - navigateToUrl: Navigate to 'http://54.71.80.147:8086/' successfully

2018-05-08 21:30:24 - [MESSAGE][PASSED] - Navigate to 'http://54.71.80.147:8086/' successfully

2018-05-08 21:30:24 - [TEST_STEP][PASSED] - setText: Text 'user' is set on object 'Object Repository/Login_Page/input_username'

2018-05-08 21:30:24 - [MESSAGE][PASSED] - Text 'user' is set on object 'Object Repository/Login_Page/input_username'

2018-05-08 21:30:24 - [TEST_STEP][PASSED] - setText: Text 'user' is set on object 'Object Repository/Login_Page/input_password'

2018-05-08 21:30:25 - [MESSAGE][PASSED] - Text 'user' is set on object 'Object Repository/Login_Page/input_password'

2018-05-08 21:30:25 - [TEST_STEP][PASSED] - click: Object: 'Object Repository/Login_Page/button_Login' is clicked on

2018-05-08 21:30:25 - [MESSAGE][PASSED] - Object: 'Object Repository/Login_Page/button_Login' is clicked on

2018-05-08 21:30:25 - [TEST_STEP][PASSED] - delay: Delayed 2 second(s)

2018-05-08 21:30:27 - [MESSAGE][PASSED] - Delayed 2 second(s)

2018-05-08 21:30:27 - [TEST_STEP][PASSED] - waitForElementPresent: Object 'Object Repository/Main_Page/h2_Products' is present

2018-05-08 21:30:27 - [MESSAGE][PASSED] - Object 'Object Repository/Main_Page/h2_Products' is present

2018-05-08 21:30:27 - [TEST_STEP][PASSED] - delay: Delayed 5 second(s)

2018-05-08 21:30:32 - [MESSAGE][PASSED] - Delayed 5 second(s)

2018-05-08 21:30:32 - [TEST_STEP][PASSED] - Statement - driver = com.kms.katalon.core.webui.driver.DriverFactory.getWebDriver(): null

2018-05-08 21:30:32 - [TEST_STEP][PASSED] - Statement - Products = driver.findElement(org.openqa.selenium.By.xpath("/html/body/app-root/app-product-list/div/div[2]/div")): null

2018-05-08 21:30:32 - [TEST_STEP][PASSED] - Statement - farmerCards = Products.findElements(org.openqa.selenium.By.className("farmer-card")): null

2018-05-08 21:30:32 - [TEST_STEP][PASSED] - Statement - For ([i = 1, i <= farmerCards.size(), (i++)]): Delayed 1 second(s)

2018-05-08 21:30:32 - [TEST_STEP][PASSED] - Statement - buttonAddProduct = new com.kms.katalon.core.testobject.TestObject(): null

2018-05-08 21:30:32 - [TEST_STEP][PASSED] - Statement - buttonAddProduct.addProperty("xpath", EQUALS, "/html/body/app-root/app-product-list/div/div[2]/div/div[" + i + "]/a/div[2]/div[2]/button"): null

2018-05-08 21:30:32 - [TEST_STEP][PASSED] - verifyElementText: Actual text and expected text of test object '' are matched.

2018-05-08 21:30:32 - [MESSAGE][PASSED] - Actual text and expected text of test object '' are matched.

2018-05-08 21:30:32 - [TEST_STEP][PASSED] - click: Object: '' is clicked on

2018-05-08 21:30:32 - [MESSAGE][PASSED] - Object: '' is clicked on

2018-05-08 21:30:32 - [TEST_STEP][PASSED] - verifyElementText: Actual text and expected text of test object '' are matched.

2018-05-08 21:30:33 - [MESSAGE][PASSED] - Actual text and expected text of test object '' are matched.

2018-05-08 21:30:33 - [TEST_STEP][PASSED] - Statement - println(buttonAddProduct): null

2018-05-08 21:30:33 - [TEST_STEP][PASSED] - verifyElementText: Actual text and expected text of test object 'Object Repository/Product page/cart amount label' are matched.

2018-05-08 21:30:33 - [MESSAGE][PASSED] - Actual text and expected text of test object 'Object Repository/Product page/cart amount label' are matched.

2018-05-08 21:30:33 - [TEST_STEP][PASSED] - delay: Delayed 1 second(s)

2018-05-08 21:30:34 - [MESSAGE][PASSED] - Delayed 1 second(s)

2018-05-08 21:30:34 - [TEST_STEP][PASSED] - Statement - buttonAddProduct = new com.kms.katalon.core.testobject.TestObject(): null

2018-05-08 21:30:34 - [TEST_STEP][PASSED] - Statement - buttonAddProduct.addProperty("xpath", EQUALS, "/html/body/app-root/app-product-list/div/div[2]/div/div[" + i + "]/a/div[2]/div[2]/button"): null

2018-05-08 21:30:34 - [TEST_STEP][PASSED] - verifyElementText: Actual text and expected text of test object '' are matched.

2018-05-08 21:30:34 - [MESSAGE][PASSED] - Actual text and expected text of test object '' are matched.

2018-05-08 21:30:34 - [TEST_STEP][PASSED] - click: Object: '' is clicked on

2018-05-08 21:30:34 - [MESSAGE][PASSED] - Object: '' is clicked on

2018-05-08 21:30:34 - [TEST_STEP][PASSED] - verifyElementText: Actual text and expected text of test object '' are matched.

2018-05-08 21:30:34 - [MESSAGE][PASSED] - Actual text and expected text of test object '' are matched.

2018-05-08 21:30:34 - [TEST_STEP][PASSED] - Statement - println(buttonAddProduct): null

2018-05-08 21:30:34 - [TEST_STEP][PASSED] - verifyElementText: Actual text and expected text of test object 'Object Repository/Product page/cart amount label' are matched.

2018-05-08 21:30:34 - [MESSAGE][PASSED] - Actual text and expected text of test object 'Object Repository/Product page/cart amount label' are matched.

2018-05-08 21:30:34 - [TEST_STEP][PASSED] - delay: Delayed 1 second(s)

2018-05-08 21:30:35 - [MESSAGE][PASSED] - Delayed 1 second(s)

2018-05-08 21:30:35 - [TEST_STEP][PASSED] - Statement - buttonAddProduct = new com.kms.katalon.core.testobject.TestObject(): null

2018-05-08 21:30:35 - [TEST_STEP][PASSED] - Statement - buttonAddProduct.addProperty("xpath", EQUALS, "/html/body/app-root/app-product-list/div/div[2]/div/div[" + i + "]/a/div[2]/div[2]/button"): null

2018-05-08 21:30:35 - [TEST_STEP][PASSED] - verifyElementText: Actual text and expected text of test object '' are matched.

2018-05-08 21:30:35 - [MESSAGE][PASSED] - Actual text and expected text of test object '' are matched.

2018-05-08 21:30:35 - [TEST_STEP][PASSED] - click: Object: '' is clicked on

2018-05-08 21:30:35 - [MESSAGE][PASSED] - Object: '' is clicked on

2018-05-08 21:30:35 - [TEST_STEP][PASSED] - verifyElementText: Actual text and expected text of test object '' are matched.

2018-05-08 21:30:35 - [MESSAGE][PASSED] - Actual text and expected text of test object '' are matched.

2018-05-08 21:30:35 - [TEST_STEP][PASSED] - Statement - println(buttonAddProduct): null

2018-05-08 21:30:35 - [TEST_STEP][PASSED] - verifyElementText: Actual text and expected text of test object 'Object Repository/Product page/cart amount label' are matched.

2018-05-08 21:30:35 - [MESSAGE][PASSED] - Actual text and expected text of test object 'Object Repository/Product page/cart amount label' are matched.

2018-05-08 21:30:35 - [TEST_STEP][PASSED] - delay: Delayed 1 second(s)

2018-05-08 21:30:36 - [MESSAGE][PASSED] - Delayed 1 second(s)

2018-05-08 21:30:36 - [TEST_STEP][PASSED] - Statement - buttonAddProduct = new com.kms.katalon.core.testobject.TestObject(): null

2018-05-08 21:30:36 - [TEST_STEP][PASSED] - Statement - buttonAddProduct.addProperty("xpath", EQUALS, "/html/body/app-root/app-product-list/div/div[2]/div/div[" + i + "]/a/div[2]/div[2]/button"): null

2018-05-08 21:30:36 - [TEST_STEP][PASSED] - verifyElementText: Actual text and expected text of test object '' are matched.

2018-05-08 21:30:36 - [MESSAGE][PASSED] - Actual text and expected text of test object '' are matched.

2018-05-08 21:30:36 - [TEST_STEP][PASSED] - click: Object: '' is clicked on

2018-05-08 21:30:36 - [MESSAGE][PASSED] - Object: '' is clicked on

2018-05-08 21:30:36 - [TEST_STEP][PASSED] - verifyElementText: Actual text and expected text of test object '' are matched.

2018-05-08 21:30:37 - [MESSAGE][PASSED] - Actual text and expected text of test object '' are matched.

2018-05-08 21:30:37 - [TEST_STEP][PASSED] - Statement - println(buttonAddProduct): null

2018-05-08 21:30:37 - [TEST_STEP][PASSED] - verifyElementText: Actual text and expected text of test object 'Object Repository/Product page/cart amount label' are matched.

2018-05-08 21:30:37 - [MESSAGE][PASSED] - Actual text and expected text of test object 'Object Repository/Product page/cart amount label' are matched.

2018-05-08 21:30:37 - [TEST_STEP][PASSED] - delay: Delayed 1 second(s)

2018-05-08 21:30:38 - [MESSAGE][PASSED] - Delayed 1 second(s)

2018-05-08 21:30:38 - [TEST_STEP][PASSED] - Statement - buttonAddProduct = new com.kms.katalon.core.testobject.TestObject(): null

2018-05-08 21:30:38 - [TEST_STEP][PASSED] - Statement - buttonAddProduct.addProperty("xpath", EQUALS, "/html/body/app-root/app-product-list/div/div[2]/div/div[" + i + "]/a/div[2]/div[2]/button"): null

2018-05-08 21:30:38 - [TEST_STEP][PASSED] - verifyElementText: Actual text and expected text of test object '' are matched.

2018-05-08 21:30:38 - [MESSAGE][PASSED] - Actual text and expected text of test object '' are matched.

2018-05-08 21:30:38 - [TEST_STEP][PASSED] - click: Object: '' is clicked on

2018-05-08 21:30:38 - [MESSAGE][PASSED] - Object: '' is clicked on

2018-05-08 21:30:38 - [TEST_STEP][PASSED] - verifyElementText: Actual text and expected text of test object '' are matched.

2018-05-08 21:30:38 - [MESSAGE][PASSED] - Actual text and expected text of test object '' are matched.

2018-05-08 21:30:38 - [TEST_STEP][PASSED] - Statement - println(buttonAddProduct): null

2018-05-08 21:30:38 - [TEST_STEP][PASSED] - verifyElementText: Actual text and expected text of test object 'Object Repository/Product page/cart amount label' are matched.

2018-05-08 21:30:38 - [MESSAGE][PASSED] - Actual text and expected text of test object 'Object Repository/Product page/cart amount label' are matched.

2018-05-08 21:30:38 - [TEST_STEP][PASSED] - delay: Delayed 1 second(s)

2018-05-08 21:30:39 - [MESSAGE][PASSED] - Delayed 1 second(s)

2018-05-08 21:30:39 - [TEST_STEP][PASSED] - delay: Delayed 2 second(s)

2018-05-08 21:30:41 - [MESSAGE][PASSED] - Delayed 2 second(s)

2018-05-08 21:30:41 - [TEST_STEP][PASSED] - click: Object: 'Object Repository/Main_Page/a_Carts' is clicked on

2018-05-08 21:30:41 - [MESSAGE][PASSED] - Object: 'Object Repository/Main_Page/a_Carts' is clicked on

2018-05-08 21:30:41 - [TEST_STEP][PASSED] - delay: Delayed 2 second(s)

2018-05-08 21:30:43 - [MESSAGE][PASSED] - Delayed 2 second(s)

2018-05-08 21:30:43 - [TEST_STEP][PASSED] - Statement - items = driver.findElement(org.openqa.selenium.By.xpath("/html/body/app-root/app-cart-list/div/div/table")): null

2018-05-08 21:30:43 - [TEST_STEP][PASSED] - Statement - itemInTable = items.findElements(org.openqa.selenium.By.tagName("tr")): null

2018-05-08 21:30:43 - [TEST_STEP][PASSED] - Statement - prices = []: null

2018-05-08 21:30:43 - [TEST_STEP][PASSED] - Statement - For ([i = 1, i < size, (i++)]): null

2018-05-08 21:30:43 - [TEST_STEP][PASSED] - Statement - product = new com.kms.katalon.core.testobject.TestObject(): null

2018-05-08 21:30:43 - [TEST_STEP][PASSED] - Statement - product.addProperty("xpath", EQUALS, "//*[@id="add-row"]/div/table/tbody/tr[" + i + "]/td[2]"): null

2018-05-08 21:30:43 - [TEST_STEP][PASSED] - Statement - prices[i] = java.lang.Integer.parseInt(com.kms.katalon.core.webui.keyword.WebUiBuiltInKeywords.getText(product).replace(" THB", "").replace(",", "")): Text of object '' is: '20,000 THB'

2018-05-08 21:30:43 - [MESSAGE][PASSED] - Text of object '' is: '20,000 THB'

2018-05-08 21:30:43 - [TEST_STEP][PASSED] - Statement - println("No:" + i + "price" + prices[i]): null

2018-05-08 21:30:43 - [TEST_STEP][PASSED] - Statement - product = new com.kms.katalon.core.testobject.TestObject(): null

2018-05-08 21:30:43 - [TEST_STEP][PASSED] - Statement - product.addProperty("xpath", EQUALS, "//*[@id="add-row"]/div/table/tbody/tr[" + i + "]/td[2]"): null

2018-05-08 21:30:43 - [TEST_STEP][PASSED] - Statement - prices[i] = java.lang.Integer.parseInt(com.kms.katalon.core.webui.keyword.WebUiBuiltInKeywords.getText(product).replace(" THB", "").replace(",", "")): Text of object '' is: '150 THB'

2018-05-08 21:30:43 - [MESSAGE][PASSED] - Text of object '' is: '150 THB'

2018-05-08 21:30:43 - [TEST_STEP][PASSED] - Statement - println("No:" + i + "price" + prices[i]): null

2018-05-08 21:30:43 - [TEST_STEP][PASSED] - Statement - product = new com.kms.katalon.core.testobject.TestObject(): null

2018-05-08 21:30:43 - [TEST_STEP][PASSED] - Statement - product.addProperty("xpath", EQUALS, "//*[@id="add-row"]/div/table/tbody/tr[" + i + "]/td[2]"): null

2018-05-08 21:30:43 - [TEST_STEP][PASSED] - Statement - prices[i] = java.lang.Integer.parseInt(com.kms.katalon.core.webui.keyword.WebUiBuiltInKeywords.getText(product).replace(" THB", "").replace(",", "")): Text of object '' is: '280 THB'

2018-05-08 21:30:44 - [MESSAGE][PASSED] - Text of object '' is: '280 THB'

2018-05-08 21:30:44 - [TEST_STEP][PASSED] - Statement - println("No:" + i + "price" + prices[i]): null

2018-05-08 21:30:44 - [TEST_STEP][PASSED] - Statement - product = new com.kms.katalon.core.testobject.TestObject(): null

2018-05-08 21:30:44 - [TEST_STEP][PASSED] - Statement - product.addProperty("xpath", EQUALS, "//*[@id="add-row"]/div/table/tbody/tr[" + i + "]/td[2]"): null

2018-05-08 21:30:44 - [TEST_STEP][PASSED] - Statement - prices[i] = java.lang.Integer.parseInt(com.kms.katalon.core.webui.keyword.WebUiBuiltInKeywords.getText(product).replace(" THB", "").replace(",", "")): Text of object '' is: '12 THB'

2018-05-08 21:30:44 - [MESSAGE][PASSED] - Text of object '' is: '12 THB'

2018-05-08 21:30:44 - [TEST_STEP][PASSED] - Statement - println("No:" + i + "price" + prices[i]): null

2018-05-08 21:30:44 - [TEST_STEP][PASSED] - Statement - product = new com.kms.katalon.core.testobject.TestObject(): null

2018-05-08 21:30:44 - [TEST_STEP][PASSED] - Statement - product.addProperty("xpath", EQUALS, "//*[@id="add-row"]/div/table/tbody/tr[" + i + "]/td[2]"): null

2018-05-08 21:30:44 - [TEST_STEP][PASSED] - Statement - prices[i] = java.lang.Integer.parseInt(com.kms.katalon.core.webui.keyword.WebUiBuiltInKeywords.getText(product).replace(" THB", "").replace(",", "")): Text of object '' is: '20 THB'

2018-05-08 21:30:44 - [MESSAGE][PASSED] - Text of object '' is: '20 THB'

2018-05-08 21:30:44 - [TEST_STEP][PASSED] - Statement - println("No:" + i + "price" + prices[i]): null

2018-05-08 21:30:44 - [TEST_STEP][PASSED] - setText: Text '1' is set on object 'Object Repository/carting/Page_ProjectBackend/item1'

2018-05-08 21:30:44 - [MESSAGE][PASSED] - Text '1' is set on object 'Object Repository/carting/Page_ProjectBackend/item1'

2018-05-08 21:30:44 - [TEST_STEP][PASSED] - setText: Text '2' is set on object 'Object Repository/carting/Page_ProjectBackend/item2'

2018-05-08 21:30:44 - [MESSAGE][PASSED] - Text '2' is set on object 'Object Repository/carting/Page_ProjectBackend/item2'

2018-05-08 21:30:44 - [TEST_STEP][PASSED] - setText: Text '1' is set on object 'Object Repository/carting/Page_ProjectBackend/item3'

2018-05-08 21:30:44 - [MESSAGE][PASSED] - Text '1' is set on object 'Object Repository/carting/Page_ProjectBackend/item3'

2018-05-08 21:30:44 - [TEST_STEP][PASSED] - setText: Text '3' is set on object 'Object Repository/carting/Page_ProjectBackend/item4'

2018-05-08 21:30:44 - [MESSAGE][PASSED] - Text '3' is set on object 'Object Repository/carting/Page_ProjectBackend/item4'

2018-05-08 21:30:44 - [TEST_STEP][PASSED] - setText: Text '5' is set on object 'Object Repository/carting/Page_ProjectBackend/item5'

2018-05-08 21:30:45 - [MESSAGE][PASSED] - Text '5' is set on object 'Object Repository/carting/Page_ProjectBackend/item5'

2018-05-08 21:30:45 - [TEST_STEP][PASSED] - Statement - finalPrice = finalPrice + item_1_amount * prices[1]: null

2018-05-08 21:30:45 - [TEST_STEP][PASSED] - Statement - finalPrice = finalPrice + item_2_amount * prices[2]: null

2018-05-08 21:30:45 - [TEST_STEP][PASSED] - Statement - finalPrice = finalPrice + item_3_amount * prices[3]: null

2018-05-08 21:30:45 - [TEST_STEP][PASSED] - Statement - finalPrice = finalPrice + item_4_amount * prices[4]: null

2018-05-08 21:30:45 - [TEST_STEP][PASSED] - Statement - finalPrice = finalPrice + item_5_amount * prices[5]: null

2018-05-08 21:30:45 - [TEST_STEP][PASSED] - Statement - java.lang.String.format("%,d", finalPrice): null

2018-05-08 21:30:45 - [TEST_STEP][PASSED] - Statement - println(finalPrice): null

2018-05-08 21:30:45 - [TEST_STEP][FAILED] - verifyElementText: Verify element text of test object 'Object Repository/carting/Page_ProjectBackend/p_Total price  40450 THB' FAILED. (Root cause: Actual text 'Total price: 20,716 THB' and expected text 'Total price: 20716 THB' of test object 'Object Repository/carting/Page_ProjectBackend/p_Total price  40450 THB' are NOT matched.)

2018-05-08 21:30:45 - [MESSAGE][FAILED] - Actual text 'Total price: 20,716 THB' and expected text 'Total price: 20716 THB' of test object 'Object Repository/carting/Page_ProjectBackend/p_Total price  40450 THB' are NOT matched.
[[ATTACHMENT|C:\\Users\\Donut\\git\\234-project-katalon-test\\Reports\\Test selecting and updating amount in cart page\\20180508_213004\\1525789845231.png]]

2018-05-08 21:30:45 - [MESSAGE][FAILED] - Verify element text of test object 'Object Repository/carting/Page_ProjectBackend/p_Total price  40450 THB' FAILED. (Root cause: Actual text 'Total price: 20,716 THB' and expected text 'Total price: 20716 THB' of test object 'Object Repository/carting/Page_ProjectBackend/p_Total price  40450 THB' are NOT matched.)
[[ATTACHMENT|C:\\Users\\Donut\\git\\234-project-katalon-test\\Reports\\Test selecting and updating amount in cart page\\20180508_213004\\1525789845584.png]]]]></system-out>
         <system-err><![CDATA[2018-05-08 21:30:07 - [TEST_CASE][FAILED] - Test Cases/Get price: Test Cases/Get price FAILED because (of) Verify element text of test object 'Object Repository/carting/Page_ProjectBackend/p_Total price  40450 THB' FAILED. (Root cause: Actual text 'Total price: 20,716 THB' and expected text 'Total price: 20716 THB' of test object 'Object Repository/carting/Page_ProjectBackend/p_Total price  40450 THB' are NOT matched.)]]></system-err>
      </testcase>
      <system-out><![CDATA[2018-05-08 21:30:06 - [TEST_SUITE][FAILED] - Test selecting and updating amount in cart page: Test Cases/Get price FAILED because (of) Verify element text of test object 'Object Repository/carting/Page_ProjectBackend/p_Total price  40450 THB' FAILED. (Root cause: Actual text 'Total price: 20,716 THB' and expected text 'Total price: 20716 THB' of test object 'Object Repository/carting/Page_ProjectBackend/p_Total price  40450 THB' are NOT matched.)]]></system-out>
      <system-err><![CDATA[2018-05-08 21:30:06 - [TEST_SUITE][FAILED] - Test selecting and updating amount in cart page: Test Cases/Get price FAILED because (of) Verify element text of test object 'Object Repository/carting/Page_ProjectBackend/p_Total price  40450 THB' FAILED. (Root cause: Actual text 'Total price: 20,716 THB' and expected text 'Total price: 20716 THB' of test object 'Object Repository/carting/Page_ProjectBackend/p_Total price  40450 THB' are NOT matched.)]]></system-err>
   </testsuite>
</testsuites>
