<?xml version="1.0" encoding="UTF-8"?>
<testsuites name="Test transaction update" time="167" tests="4" failures="1" errors="0">
   <testsuite name="Test transaction update" tests="4" failures="1" errors="0" time="167" timestamp="2018-05-09 20:46:04" hostname="Donut - 10.80.178.12" id="Test Suites/Test transaction update">
      <properties>
         <property name="deviceName" value=""/>
         <property name="devicePlatform" value=""/>
         <property name="logFolder" value="C:\\Users\\Donut\\git\\234-project-katalon-test\\Reports\\Test transaction update\\20180509_204602"/>
         <property name="logFiles" value="C:\\Users\\Donut\\git\\234-project-katalon-test\\Reports\\Test transaction update\\20180509_204602\\execution0.log"/>
         <property name="attachments" value="C:\\Users\\Donut\\git\\234-project-katalon-test\\Reports\\Test transaction update\\20180509_204602\\1525873583501.png"/>
         <property name="hostName" value="Donut - 10.80.178.12"/>
         <property name="os" value="Windows 10 64bit"/>
         <property name="katalonVersion" value="5.3.1.1"/>
         <property name="browser" value="Chrome 66.0.3359.139"/>
         <property name="hostAddress" value="10.80.178.12"/>
         <property name="sessionId" value="29fb034034e4fcbd99970c75cd1fbb0f"/>
         <property name="seleniumVersion" value="3.7.1"/>
         <property name="proxyInformation" value="ProxyInformation{proxyOption=NO_PROXY, proxyServerType=HTTP, password=, proxyServerAddress=, proxyServerPort=0}"/>
         <property name="platform" value="Windows 10"/>
      </properties>
      <testcase name="Test Cases/Test transaction update" classname="Test Cases/Test transaction update" status="FAILED">
         <failure type="FAILED" message="Unable to click on object 'Object Repository/Main_Page/Logout Button' (Root cause: org.openqa.selenium.WebDriverException: unknown error: Element &lt;button _ngcontent-c1=&quot;&quot; class=&quot;btn btn-primary my-2 my-sm-0&quot; type=&quot;button&quot;>...&lt;/button> is not clickable at point (933, 19). Other element would receive the click: &lt;div _ngcontent-c4=&quot;&quot; id=&quot;add-row&quot;>...&lt;/div>
  (Session info: chrome=66.0.3359.139)
  (Driver info: chromedriver=2.35.528161 (5b82f2d2aae0ca24b877009200ced9065a772e73),platform=Windows NT 10.0.16299 x86_64) (WARNING: The server did not provide any stacktrace information)
Command duration or timeout: 0 milliseconds
Build info: version: '3.7.1', revision: '8a0099a', time: '2017-11-06T21:07:36.161Z'
System info: host: 'DESKTOP-IGTTMO3', ip: '10.80.178.12', os.name: 'Windows 10', os.arch: 'amd64', os.version: '10.0', java.version: '1.8.0_102'
Driver info: com.kms.katalon.selenium.driver.CChromeDriver
Capabilities {acceptInsecureCerts: false, acceptSslCerts: false, applicationCacheEnabled: false, browserConnectionEnabled: false, browserName: chrome, chrome: {chromedriverVersion: 2.35.528161 (5b82f2d2aae0ca..., userDataDir: C:\Users\Donut\AppData\Loca...}, cssSelectorsEnabled: true, databaseEnabled: false, handlesAlerts: true, hasTouchScreen: false, javascriptEnabled: true, locationContextEnabled: true, mobileEmulationEnabled: false, nativeEvents: true, networkConnectionEnabled: false, pageLoadStrategy: normal, platform: XP, platformName: XP, rotatable: false, setWindowRect: true, takesHeapSnapshot: true, takesScreenshot: true, unexpectedAlertBehaviour: , unhandledPromptBehavior: , version: 66.0.3359.139, webStorageEnabled: true}
Session ID: a2ce2c26a823741eaaf39adb50c45d01)"/>
         <system-out><![CDATA[2018-05-09 20:46:05 - [TEST_CASE][FAILED] - Test Cases/Test transaction update: Test Cases/Test transaction update FAILED because (of) Unable to click on object 'Object Repository/Main_Page/Logout Button' (Root cause: org.openqa.selenium.WebDriverException: unknown error: Element <button _ngcontent-c1="" class="btn btn-primary my-2 my-sm-0" type="button">...</button> is not clickable at point (933, 19). Other element would receive the click: <div _ngcontent-c4="" id="add-row">...</div>
  (Session info: chrome=66.0.3359.139)
  (Driver info: chromedriver=2.35.528161 (5b82f2d2aae0ca24b877009200ced9065a772e73),platform=Windows NT 10.0.16299 x86_64) (WARNING: The server did not provide any stacktrace information)
Command duration or timeout: 0 milliseconds
Build info: version: '3.7.1', revision: '8a0099a', time: '2017-11-06T21:07:36.161Z'
System info: host: 'DESKTOP-IGTTMO3', ip: '10.80.178.12', os.name: 'Windows 10', os.arch: 'amd64', os.version: '10.0', java.version: '1.8.0_102'
Driver info: com.kms.katalon.selenium.driver.CChromeDriver
Capabilities {acceptInsecureCerts: false, acceptSslCerts: false, applicationCacheEnabled: false, browserConnectionEnabled: false, browserName: chrome, chrome: {chromedriverVersion: 2.35.528161 (5b82f2d2aae0ca..., userDataDir: C:\Users\Donut\AppData\Loca...}, cssSelectorsEnabled: true, databaseEnabled: false, handlesAlerts: true, hasTouchScreen: false, javascriptEnabled: true, locationContextEnabled: true, mobileEmulationEnabled: false, nativeEvents: true, networkConnectionEnabled: false, pageLoadStrategy: normal, platform: XP, platformName: XP, rotatable: false, setWindowRect: true, takesHeapSnapshot: true, takesScreenshot: true, unexpectedAlertBehaviour: , unhandledPromptBehavior: , version: 66.0.3359.139, webStorageEnabled: true}
Session ID: a2ce2c26a823741eaaf39adb50c45d01)

2018-05-09 20:46:05 - [TEST_STEP][PASSED] - openBrowser: Browser is opened with url: ''

2018-05-09 20:46:09 - [MESSAGE][PASSED] - Browser is opened with url: ''

2018-05-09 20:46:09 - [TEST_STEP][PASSED] - navigateToUrl: Navigate to 'http://54.71.80.147:8086/' successfully

2018-05-09 20:46:19 - [MESSAGE][PASSED] - Navigate to 'http://54.71.80.147:8086/' successfully

2018-05-09 20:46:19 - [TEST_STEP][PASSED] - setText: Text 'admin' is set on object 'Object Repository/Login_Page/input_username'

2018-05-09 20:46:19 - [MESSAGE][PASSED] - Text 'admin' is set on object 'Object Repository/Login_Page/input_username'

2018-05-09 20:46:19 - [TEST_STEP][PASSED] - setText: Text 'admin' is set on object 'Object Repository/Login_Page/input_password'

2018-05-09 20:46:19 - [MESSAGE][PASSED] - Text 'admin' is set on object 'Object Repository/Login_Page/input_password'

2018-05-09 20:46:19 - [TEST_STEP][PASSED] - click: Object: 'Object Repository/Login_Page/button_Login' is clicked on

2018-05-09 20:46:19 - [MESSAGE][PASSED] - Object: 'Object Repository/Login_Page/button_Login' is clicked on

2018-05-09 20:46:19 - [TEST_STEP][PASSED] - waitForElementNotPresent: Web element with id: 'Object Repository/Main_Page/Logout Button' located by 'By.xpath: //button[@type = 'button' and (text() = 'Logout' or . = 'Logout')]' is not present after '15' second(s)

2018-05-09 20:46:19 - [MESSAGE][PASSED] - Web element with id: 'Object Repository/Main_Page/Logout Button' located by 'By.xpath: //button[@type = 'button' and (text() = 'Logout' or . = 'Logout')]' is not present after '15' second(s)

2018-05-09 20:46:19 - [TEST_STEP][PASSED] - click: Object: 'Object Repository/Main_Page/a_Total Transaction' is clicked on

2018-05-09 20:46:21 - [MESSAGE][PASSED] - Object: 'Object Repository/Main_Page/a_Total Transaction' is clicked on

2018-05-09 20:46:21 - [TEST_STEP][PASSED] - delay: Delayed 2 second(s)

2018-05-09 20:46:23 - [MESSAGE][PASSED] - Delayed 2 second(s)

2018-05-09 20:46:23 - [TEST_STEP][PASSED] - Statement - driver = com.kms.katalon.core.webui.driver.DriverFactory.getWebDriver(): null

2018-05-09 20:46:23 - [TEST_STEP][PASSED] - Statement - TransactionsTable = driver.findElement(org.openqa.selenium.By.xpath("//*[@id="add-row"]/div/table")): null

2018-05-09 20:46:23 - [TEST_STEP][PASSED] - Statement - transactions = TransactionsTable.findElements(org.openqa.selenium.By.tagName("tr")): null

2018-05-09 20:46:23 - [TEST_STEP][PASSED] - Statement - println(transactions.size()): null

2018-05-09 20:46:23 - [TEST_STEP][PASSED] - Statement - transactionSizeBefore = transactions.size(): null

2018-05-09 20:46:23 - [TEST_STEP][PASSED] - Statement - totalPrice1 = new com.kms.katalon.core.testobject.TestObject(): null

2018-05-09 20:46:23 - [TEST_STEP][PASSED] - Statement - totalPrice1.addProperty("xpath", EQUALS, "//*[@id="add-row"]/div/div[2]/div/p"): null

2018-05-09 20:46:23 - [TEST_STEP][PASSED] - Statement - firstprice = java.lang.Integer.parseInt(com.kms.katalon.core.webui.keyword.WebUiBuiltInKeywords.getText(totalPrice1).replace(" THB", "").replace(",", "").replace("Total price: ", "")): Text of object '' is: 'Total price: 497,422 THB'

2018-05-09 20:46:23 - [MESSAGE][PASSED] - Text of object '' is: 'Total price: 497,422 THB'

2018-05-09 20:46:23 - [TEST_STEP][PASSED] - Statement - println(firstprice): null

2018-05-09 20:46:23 - [TEST_STEP][FAILED] - click: Unable to click on object 'Object Repository/Main_Page/Logout Button' (Root cause: org.openqa.selenium.WebDriverException: unknown error: Element <button _ngcontent-c1="" class="btn btn-primary my-2 my-sm-0" type="button">...</button> is not clickable at point (933, 19). Other element would receive the click: <div _ngcontent-c4="" id="add-row">...</div>
  (Session info: chrome=66.0.3359.139)
  (Driver info: chromedriver=2.35.528161 (5b82f2d2aae0ca24b877009200ced9065a772e73),platform=Windows NT 10.0.16299 x86_64) (WARNING: The server did not provide any stacktrace information)
Command duration or timeout: 0 milliseconds
Build info: version: '3.7.1', revision: '8a0099a', time: '2017-11-06T21:07:36.161Z'
System info: host: 'DESKTOP-IGTTMO3', ip: '10.80.178.12', os.name: 'Windows 10', os.arch: 'amd64', os.version: '10.0', java.version: '1.8.0_102'
Driver info: com.kms.katalon.selenium.driver.CChromeDriver
Capabilities {acceptInsecureCerts: false, acceptSslCerts: false, applicationCacheEnabled: false, browserConnectionEnabled: false, browserName: chrome, chrome: {chromedriverVersion: 2.35.528161 (5b82f2d2aae0ca..., userDataDir: C:\Users\Donut\AppData\Loca...}, cssSelectorsEnabled: true, databaseEnabled: false, handlesAlerts: true, hasTouchScreen: false, javascriptEnabled: true, locationContextEnabled: true, mobileEmulationEnabled: false, nativeEvents: true, networkConnectionEnabled: false, pageLoadStrategy: normal, platform: XP, platformName: XP, rotatable: false, setWindowRect: true, takesHeapSnapshot: true, takesScreenshot: true, unexpectedAlertBehaviour: , unhandledPromptBehavior: , version: 66.0.3359.139, webStorageEnabled: true}
Session ID: a2ce2c26a823741eaaf39adb50c45d01)

2018-05-09 20:46:23 - [MESSAGE][FAILED] - Unable to click on object 'Object Repository/Main_Page/Logout Button' (Root cause: org.openqa.selenium.WebDriverException: unknown error: Element <button _ngcontent-c1="" class="btn btn-primary my-2 my-sm-0" type="button">...</button> is not clickable at point (933, 19). Other element would receive the click: <div _ngcontent-c4="" id="add-row">...</div>
  (Session info: chrome=66.0.3359.139)
  (Driver info: chromedriver=2.35.528161 (5b82f2d2aae0ca24b877009200ced9065a772e73),platform=Windows NT 10.0.16299 x86_64) (WARNING: The server did not provide any stacktrace information)
Command duration or timeout: 0 milliseconds
Build info: version: '3.7.1', revision: '8a0099a', time: '2017-11-06T21:07:36.161Z'
System info: host: 'DESKTOP-IGTTMO3', ip: '10.80.178.12', os.name: 'Windows 10', os.arch: 'amd64', os.version: '10.0', java.version: '1.8.0_102'
Driver info: com.kms.katalon.selenium.driver.CChromeDriver
Capabilities {acceptInsecureCerts: false, acceptSslCerts: false, applicationCacheEnabled: false, browserConnectionEnabled: false, browserName: chrome, chrome: {chromedriverVersion: 2.35.528161 (5b82f2d2aae0ca..., userDataDir: C:\Users\Donut\AppData\Loca...}, cssSelectorsEnabled: true, databaseEnabled: false, handlesAlerts: true, hasTouchScreen: false, javascriptEnabled: true, locationContextEnabled: true, mobileEmulationEnabled: false, nativeEvents: true, networkConnectionEnabled: false, pageLoadStrategy: normal, platform: XP, platformName: XP, rotatable: false, setWindowRect: true, takesHeapSnapshot: true, takesScreenshot: true, unexpectedAlertBehaviour: , unhandledPromptBehavior: , version: 66.0.3359.139, webStorageEnabled: true}
Session ID: a2ce2c26a823741eaaf39adb50c45d01)
[[ATTACHMENT|C:\\Users\\Donut\\git\\234-project-katalon-test\\Reports\\Test transaction update\\20180509_204602\\1525873583501.png]]]]></system-out>
         <system-err><![CDATA[2018-05-09 20:46:05 - [TEST_CASE][FAILED] - Test Cases/Test transaction update: Test Cases/Test transaction update FAILED because (of) Unable to click on object 'Object Repository/Main_Page/Logout Button' (Root cause: org.openqa.selenium.WebDriverException: unknown error: Element <button _ngcontent-c1="" class="btn btn-primary my-2 my-sm-0" type="button">...</button> is not clickable at point (933, 19). Other element would receive the click: <div _ngcontent-c4="" id="add-row">...</div>
  (Session info: chrome=66.0.3359.139)
  (Driver info: chromedriver=2.35.528161 (5b82f2d2aae0ca24b877009200ced9065a772e73),platform=Windows NT 10.0.16299 x86_64) (WARNING: The server did not provide any stacktrace information)
Command duration or timeout: 0 milliseconds
Build info: version: '3.7.1', revision: '8a0099a', time: '2017-11-06T21:07:36.161Z'
System info: host: 'DESKTOP-IGTTMO3', ip: '10.80.178.12', os.name: 'Windows 10', os.arch: 'amd64', os.version: '10.0', java.version: '1.8.0_102'
Driver info: com.kms.katalon.selenium.driver.CChromeDriver
Capabilities {acceptInsecureCerts: false, acceptSslCerts: false, applicationCacheEnabled: false, browserConnectionEnabled: false, browserName: chrome, chrome: {chromedriverVersion: 2.35.528161 (5b82f2d2aae0ca..., userDataDir: C:\Users\Donut\AppData\Loca...}, cssSelectorsEnabled: true, databaseEnabled: false, handlesAlerts: true, hasTouchScreen: false, javascriptEnabled: true, locationContextEnabled: true, mobileEmulationEnabled: false, nativeEvents: true, networkConnectionEnabled: false, pageLoadStrategy: normal, platform: XP, platformName: XP, rotatable: false, setWindowRect: true, takesHeapSnapshot: true, takesScreenshot: true, unexpectedAlertBehaviour: , unhandledPromptBehavior: , version: 66.0.3359.139, webStorageEnabled: true}
Session ID: a2ce2c26a823741eaaf39adb50c45d01)]]></system-err>
      </testcase>
      <testcase name="Test Cases/Test transaction update" classname="Test Cases/Test transaction update" status="PASSED">
         <system-out><![CDATA[2018-05-09 20:46:23 - [TEST_CASE][PASSED] - Test Cases/Test transaction update: Test Cases/Test transaction update

2018-05-09 20:46:23 - [TEST_STEP][PASSED] - openBrowser: Browser is opened with url: ''

2018-05-09 20:46:23 - [MESSAGE][WARNING] - A browser is already opened. Closing browser and opening a new one

2018-05-09 20:46:26 - [MESSAGE][PASSED] - Browser is opened with url: ''

2018-05-09 20:46:26 - [TEST_STEP][PASSED] - navigateToUrl: Navigate to 'http://54.71.80.147:8086/' successfully

2018-05-09 20:46:36 - [MESSAGE][PASSED] - Navigate to 'http://54.71.80.147:8086/' successfully

2018-05-09 20:46:36 - [TEST_STEP][PASSED] - setText: Text 'admin' is set on object 'Object Repository/Login_Page/input_username'

2018-05-09 20:46:37 - [MESSAGE][PASSED] - Text 'admin' is set on object 'Object Repository/Login_Page/input_username'

2018-05-09 20:46:37 - [TEST_STEP][PASSED] - setText: Text 'admin' is set on object 'Object Repository/Login_Page/input_password'

2018-05-09 20:46:37 - [MESSAGE][PASSED] - Text 'admin' is set on object 'Object Repository/Login_Page/input_password'

2018-05-09 20:46:37 - [TEST_STEP][PASSED] - click: Object: 'Object Repository/Login_Page/button_Login' is clicked on

2018-05-09 20:46:37 - [MESSAGE][PASSED] - Object: 'Object Repository/Login_Page/button_Login' is clicked on

2018-05-09 20:46:37 - [TEST_STEP][PASSED] - waitForElementNotPresent: Web element with id: 'Object Repository/Main_Page/Logout Button' located by 'By.xpath: //button[@type = 'button' and (text() = 'Logout' or . = 'Logout')]' is not present after '15' second(s)

2018-05-09 20:46:37 - [MESSAGE][PASSED] - Web element with id: 'Object Repository/Main_Page/Logout Button' located by 'By.xpath: //button[@type = 'button' and (text() = 'Logout' or . = 'Logout')]' is not present after '15' second(s)

2018-05-09 20:46:37 - [TEST_STEP][PASSED] - click: Object: 'Object Repository/Main_Page/a_Total Transaction' is clicked on

2018-05-09 20:46:38 - [MESSAGE][PASSED] - Object: 'Object Repository/Main_Page/a_Total Transaction' is clicked on

2018-05-09 20:46:38 - [TEST_STEP][PASSED] - delay: Delayed 2 second(s)

2018-05-09 20:46:40 - [MESSAGE][PASSED] - Delayed 2 second(s)

2018-05-09 20:46:40 - [TEST_STEP][PASSED] - Statement - driver = com.kms.katalon.core.webui.driver.DriverFactory.getWebDriver(): null

2018-05-09 20:46:40 - [TEST_STEP][PASSED] - Statement - TransactionsTable = driver.findElement(org.openqa.selenium.By.xpath("//*[@id="add-row"]/div/table")): null

2018-05-09 20:46:40 - [TEST_STEP][PASSED] - Statement - transactions = TransactionsTable.findElements(org.openqa.selenium.By.tagName("tr")): null

2018-05-09 20:46:40 - [TEST_STEP][PASSED] - Statement - println(transactions.size()): null

2018-05-09 20:46:40 - [TEST_STEP][PASSED] - Statement - transactionSizeBefore = transactions.size(): null

2018-05-09 20:46:40 - [TEST_STEP][PASSED] - Statement - totalPrice1 = new com.kms.katalon.core.testobject.TestObject(): null

2018-05-09 20:46:40 - [TEST_STEP][PASSED] - Statement - totalPrice1.addProperty("xpath", EQUALS, "//*[@id="add-row"]/div/div[2]/div/p"): null

2018-05-09 20:46:40 - [TEST_STEP][PASSED] - Statement - firstprice = java.lang.Integer.parseInt(com.kms.katalon.core.webui.keyword.WebUiBuiltInKeywords.getText(totalPrice1).replace(" THB", "").replace(",", "").replace("Total price: ", "")): Text of object '' is: 'Total price: 497,422 THB'

2018-05-09 20:46:40 - [MESSAGE][PASSED] - Text of object '' is: 'Total price: 497,422 THB'

2018-05-09 20:46:40 - [TEST_STEP][PASSED] - Statement - println(firstprice): null

2018-05-09 20:46:40 - [TEST_STEP][PASSED] - click: Object: 'Object Repository/Main_Page/Logout Button' is clicked on

2018-05-09 20:46:41 - [MESSAGE][PASSED] - Object: 'Object Repository/Main_Page/Logout Button' is clicked on

2018-05-09 20:46:41 - [TEST_STEP][PASSED] - verifyElementPresent: Object 'Object Repository/Login_Page/Login Header' is present

2018-05-09 20:46:41 - [MESSAGE][PASSED] - Object 'Object Repository/Login_Page/Login Header' is present

2018-05-09 20:46:41 - [TEST_STEP][PASSED] - setText: Text 'user' is set on object 'Object Repository/Login_Page/input_username'

2018-05-09 20:46:41 - [MESSAGE][PASSED] - Text 'user' is set on object 'Object Repository/Login_Page/input_username'

2018-05-09 20:46:41 - [TEST_STEP][PASSED] - setText: Text 'user' is set on object 'Object Repository/Login_Page/input_password'

2018-05-09 20:46:41 - [MESSAGE][PASSED] - Text 'user' is set on object 'Object Repository/Login_Page/input_password'

2018-05-09 20:46:41 - [TEST_STEP][PASSED] - click: Object: 'Object Repository/Login_Page/button_Login' is clicked on

2018-05-09 20:46:41 - [MESSAGE][PASSED] - Object: 'Object Repository/Login_Page/button_Login' is clicked on

2018-05-09 20:46:41 - [TEST_STEP][PASSED] - waitForElementPresent: Object 'Object Repository/Main_Page/h2_Products' is present

2018-05-09 20:46:42 - [MESSAGE][PASSED] - Object 'Object Repository/Main_Page/h2_Products' is present

2018-05-09 20:46:42 - [TEST_STEP][PASSED] - delay: Delayed 2 second(s)

2018-05-09 20:46:44 - [MESSAGE][PASSED] - Delayed 2 second(s)

2018-05-09 20:46:44 - [TEST_STEP][PASSED] - Statement - Products = driver.findElement(org.openqa.selenium.By.xpath("/html/body/app-root/app-product-list/div/div[2]/div")): null

2018-05-09 20:46:44 - [TEST_STEP][PASSED] - Statement - farmerCards = Products.findElements(org.openqa.selenium.By.className("farmer-card")): null

2018-05-09 20:46:44 - [TEST_STEP][PASSED] - Statement - For ([i = 1, i <= farmerCards.size(), (i++)]): Delayed 1 second(s)

2018-05-09 20:46:44 - [TEST_STEP][PASSED] - Statement - buttonAddProduct = new com.kms.katalon.core.testobject.TestObject(): null

2018-05-09 20:46:44 - [TEST_STEP][PASSED] - Statement - buttonAddProduct.addProperty("xpath", EQUALS, "/html/body/app-root/app-product-list/div/div[2]/div/div[" + i + "]/a/div[2]/div[2]/button"): null

2018-05-09 20:46:44 - [TEST_STEP][PASSED] - click: Object: '' is clicked on

2018-05-09 20:46:44 - [MESSAGE][PASSED] - Object: '' is clicked on

2018-05-09 20:46:44 - [TEST_STEP][PASSED] - delay: Delayed 1 second(s)

2018-05-09 20:46:45 - [MESSAGE][PASSED] - Delayed 1 second(s)

2018-05-09 20:46:45 - [TEST_STEP][PASSED] - Statement - buttonAddProduct = new com.kms.katalon.core.testobject.TestObject(): null

2018-05-09 20:46:45 - [TEST_STEP][PASSED] - Statement - buttonAddProduct.addProperty("xpath", EQUALS, "/html/body/app-root/app-product-list/div/div[2]/div/div[" + i + "]/a/div[2]/div[2]/button"): null

2018-05-09 20:46:45 - [TEST_STEP][PASSED] - click: Object: '' is clicked on

2018-05-09 20:46:45 - [MESSAGE][PASSED] - Object: '' is clicked on

2018-05-09 20:46:45 - [TEST_STEP][PASSED] - delay: Delayed 1 second(s)

2018-05-09 20:46:46 - [MESSAGE][PASSED] - Delayed 1 second(s)

2018-05-09 20:46:46 - [TEST_STEP][PASSED] - Statement - buttonAddProduct = new com.kms.katalon.core.testobject.TestObject(): null

2018-05-09 20:46:46 - [TEST_STEP][PASSED] - Statement - buttonAddProduct.addProperty("xpath", EQUALS, "/html/body/app-root/app-product-list/div/div[2]/div/div[" + i + "]/a/div[2]/div[2]/button"): null

2018-05-09 20:46:46 - [TEST_STEP][PASSED] - click: Object: '' is clicked on

2018-05-09 20:46:46 - [MESSAGE][PASSED] - Object: '' is clicked on

2018-05-09 20:46:46 - [TEST_STEP][PASSED] - delay: Delayed 1 second(s)

2018-05-09 20:46:47 - [MESSAGE][PASSED] - Delayed 1 second(s)

2018-05-09 20:46:47 - [TEST_STEP][PASSED] - Statement - buttonAddProduct = new com.kms.katalon.core.testobject.TestObject(): null

2018-05-09 20:46:47 - [TEST_STEP][PASSED] - Statement - buttonAddProduct.addProperty("xpath", EQUALS, "/html/body/app-root/app-product-list/div/div[2]/div/div[" + i + "]/a/div[2]/div[2]/button"): null

2018-05-09 20:46:47 - [TEST_STEP][PASSED] - click: Object: '' is clicked on

2018-05-09 20:46:47 - [MESSAGE][PASSED] - Object: '' is clicked on

2018-05-09 20:46:47 - [TEST_STEP][PASSED] - delay: Delayed 1 second(s)

2018-05-09 20:46:48 - [MESSAGE][PASSED] - Delayed 1 second(s)

2018-05-09 20:46:48 - [TEST_STEP][PASSED] - Statement - buttonAddProduct = new com.kms.katalon.core.testobject.TestObject(): null

2018-05-09 20:46:48 - [TEST_STEP][PASSED] - Statement - buttonAddProduct.addProperty("xpath", EQUALS, "/html/body/app-root/app-product-list/div/div[2]/div/div[" + i + "]/a/div[2]/div[2]/button"): null

2018-05-09 20:46:48 - [TEST_STEP][PASSED] - click: Object: '' is clicked on

2018-05-09 20:46:49 - [MESSAGE][PASSED] - Object: '' is clicked on

2018-05-09 20:46:49 - [TEST_STEP][PASSED] - delay: Delayed 1 second(s)

2018-05-09 20:46:50 - [MESSAGE][PASSED] - Delayed 1 second(s)

2018-05-09 20:46:50 - [TEST_STEP][PASSED] - click: Object: 'Object Repository/Main_Page/Link to Carts' is clicked on

2018-05-09 20:46:50 - [MESSAGE][PASSED] - Object: 'Object Repository/Main_Page/Link to Carts' is clicked on

2018-05-09 20:46:50 - [TEST_STEP][PASSED] - delay: Delayed 1 second(s)

2018-05-09 20:46:51 - [MESSAGE][PASSED] - Delayed 1 second(s)

2018-05-09 20:46:51 - [TEST_STEP][PASSED] - setText: Text '2' is set on object 'Object Repository/Cart Page/item1'

2018-05-09 20:46:51 - [MESSAGE][PASSED] - Text '2' is set on object 'Object Repository/Cart Page/item1'

2018-05-09 20:46:51 - [TEST_STEP][PASSED] - setText: Text '4' is set on object 'Object Repository/Cart Page/item2'

2018-05-09 20:46:51 - [MESSAGE][PASSED] - Text '4' is set on object 'Object Repository/Cart Page/item2'

2018-05-09 20:46:51 - [TEST_STEP][PASSED] - setText: Text '2' is set on object 'Object Repository/Cart Page/item3'

2018-05-09 20:46:51 - [MESSAGE][PASSED] - Text '2' is set on object 'Object Repository/Cart Page/item3'

2018-05-09 20:46:51 - [TEST_STEP][PASSED] - setText: Text '3' is set on object 'Object Repository/Cart Page/item4'

2018-05-09 20:46:51 - [MESSAGE][PASSED] - Text '3' is set on object 'Object Repository/Cart Page/item4'

2018-05-09 20:46:51 - [TEST_STEP][PASSED] - setText: Text '8' is set on object 'Object Repository/Cart Page/item5'

2018-05-09 20:46:52 - [MESSAGE][PASSED] - Text '8' is set on object 'Object Repository/Cart Page/item5'

2018-05-09 20:46:52 - [TEST_STEP][PASSED] - Statement - priceOfLatestTeansaction = java.lang.Integer.parseInt(com.kms.katalon.core.webui.keyword.WebUiBuiltInKeywords.getText(com.kms.katalon.core.testobject.ObjectRepository.findTestObject(Cart Page/Total price  label)).replace(" THB", "").replace(",", "").replace("Total price: ", "")): Text of object 'Object Repository/Cart Page/Total price  label' is: 'Total price: 41,356 THB'

2018-05-09 20:46:52 - [MESSAGE][PASSED] - Text of object 'Object Repository/Cart Page/Total price  label' is: 'Total price: 41,356 THB'

2018-05-09 20:46:52 - [TEST_STEP][PASSED] - Statement - println(priceOfLatestTeansaction): null

2018-05-09 20:46:52 - [TEST_STEP][PASSED] - delay: Delayed 2 second(s)

2018-05-09 20:46:54 - [MESSAGE][PASSED] - Delayed 2 second(s)

2018-05-09 20:46:54 - [TEST_STEP][PASSED] - click: Object: 'Object Repository/Cart Page/Confirm purchase button' is clicked on

2018-05-09 20:46:54 - [MESSAGE][PASSED] - Object: 'Object Repository/Cart Page/Confirm purchase button' is clicked on

2018-05-09 20:46:54 - [TEST_STEP][PASSED] - acceptAlert: Alert accepted

2018-05-09 20:46:54 - [MESSAGE][PASSED] - Alert accepted

2018-05-09 20:46:54 - [TEST_STEP][PASSED] - waitForElementPresent: Object 'Object Repository/Main_Page/Logout Button' is present

2018-05-09 20:46:54 - [MESSAGE][PASSED] - Object 'Object Repository/Main_Page/Logout Button' is present

2018-05-09 20:46:54 - [TEST_STEP][PASSED] - click: Object: 'Object Repository/Main_Page/Logout Button' is clicked on

2018-05-09 20:46:54 - [MESSAGE][PASSED] - Object: 'Object Repository/Main_Page/Logout Button' is clicked on

2018-05-09 20:46:54 - [TEST_STEP][PASSED] - waitForElementNotPresent: Web element with id: 'Object Repository/Main_Page/Logout Button' located by 'By.xpath: //button[@type = 'button' and (text() = 'Logout' or . = 'Logout')]' is not present after '15' second(s)

2018-05-09 20:46:54 - [MESSAGE][PASSED] - Web element with id: 'Object Repository/Main_Page/Logout Button' located by 'By.xpath: //button[@type = 'button' and (text() = 'Logout' or . = 'Logout')]' is not present after '15' second(s)

2018-05-09 20:46:54 - [TEST_STEP][PASSED] - delay: Delayed 1 second(s)

2018-05-09 20:46:55 - [MESSAGE][PASSED] - Delayed 1 second(s)

2018-05-09 20:46:55 - [TEST_STEP][PASSED] - setText: Text 'admin' is set on object 'Object Repository/Login_Page/input_username'

2018-05-09 20:46:55 - [MESSAGE][PASSED] - Text 'admin' is set on object 'Object Repository/Login_Page/input_username'

2018-05-09 20:46:55 - [TEST_STEP][PASSED] - setText: Text 'admin' is set on object 'Object Repository/Login_Page/input_password'

2018-05-09 20:46:56 - [MESSAGE][PASSED] - Text 'admin' is set on object 'Object Repository/Login_Page/input_password'

2018-05-09 20:46:56 - [TEST_STEP][PASSED] - click: Object: 'Object Repository/Login_Page/button_Login' is clicked on

2018-05-09 20:46:56 - [MESSAGE][PASSED] - Object: 'Object Repository/Login_Page/button_Login' is clicked on

2018-05-09 20:46:56 - [TEST_STEP][PASSED] - click: Object: 'Object Repository/Main_Page/a_Total Transaction' is clicked on

2018-05-09 20:46:56 - [MESSAGE][PASSED] - Object: 'Object Repository/Main_Page/a_Total Transaction' is clicked on

2018-05-09 20:46:56 - [TEST_STEP][PASSED] - Statement - verifyPrice = java.lang.String.format("%,d", firstprice + priceOfLatestTeansaction): null

2018-05-09 20:46:56 - [TEST_STEP][PASSED] - verifyElementText: Actual text and expected text of test object 'Object Repository/Transaction page/Total Transaction Price' are matched.

2018-05-09 20:46:56 - [MESSAGE][PASSED] - Actual text and expected text of test object 'Object Repository/Transaction page/Total Transaction Price' are matched.

2018-05-09 20:46:56 - [TEST_STEP][PASSED] - Statement - TransactionsTable = driver.findElement(org.openqa.selenium.By.xpath("//*[@id="add-row"]/div/table")): null

2018-05-09 20:46:56 - [TEST_STEP][PASSED] - Statement - transactions = TransactionsTable.findElements(org.openqa.selenium.By.tagName("tr")): null

2018-05-09 20:46:56 - [TEST_STEP][PASSED] - Statement - transactionSizeAfter = transactions.size(): null

2018-05-09 20:46:56 - [TEST_STEP][PASSED] - delay: Delayed 2 second(s)

2018-05-09 20:46:58 - [MESSAGE][PASSED] - Delayed 2 second(s)

2018-05-09 20:46:58 - [TEST_STEP][PASSED] - verifyEqual: Actual object '19' and expected object '19' are equal

2018-05-09 20:46:58 - [MESSAGE][PASSED] - Actual object '19' and expected object '19' are equal

2018-05-09 20:46:58 - [TEST_STEP][PASSED] - delay: Delayed 1 second(s)

2018-05-09 20:46:59 - [MESSAGE][PASSED] - Delayed 1 second(s)]]></system-out>
         <system-err><![CDATA[]]></system-err>
      </testcase>
      <testcase name="Test Cases/Test transaction update" classname="Test Cases/Test transaction update" status="PASSED">
         <system-out><![CDATA[2018-05-09 20:46:59 - [TEST_CASE][PASSED] - Test Cases/Test transaction update: Test Cases/Test transaction update

2018-05-09 20:46:59 - [TEST_STEP][PASSED] - openBrowser: Browser is opened with url: ''

2018-05-09 20:46:59 - [MESSAGE][WARNING] - A browser is already opened. Closing browser and opening a new one

2018-05-09 20:47:02 - [MESSAGE][PASSED] - Browser is opened with url: ''

2018-05-09 20:47:02 - [TEST_STEP][PASSED] - navigateToUrl: Navigate to 'http://54.71.80.147:8086/' successfully

2018-05-09 20:47:16 - [MESSAGE][PASSED] - Navigate to 'http://54.71.80.147:8086/' successfully

2018-05-09 20:47:16 - [TEST_STEP][PASSED] - setText: Text 'admin' is set on object 'Object Repository/Login_Page/input_username'

2018-05-09 20:47:16 - [MESSAGE][PASSED] - Text 'admin' is set on object 'Object Repository/Login_Page/input_username'

2018-05-09 20:47:16 - [TEST_STEP][PASSED] - setText: Text 'admin' is set on object 'Object Repository/Login_Page/input_password'

2018-05-09 20:47:16 - [MESSAGE][PASSED] - Text 'admin' is set on object 'Object Repository/Login_Page/input_password'

2018-05-09 20:47:16 - [TEST_STEP][PASSED] - click: Object: 'Object Repository/Login_Page/button_Login' is clicked on

2018-05-09 20:47:16 - [MESSAGE][PASSED] - Object: 'Object Repository/Login_Page/button_Login' is clicked on

2018-05-09 20:47:16 - [TEST_STEP][PASSED] - waitForElementNotPresent: Web element with id: 'Object Repository/Main_Page/Logout Button' located by 'By.xpath: //button[@type = 'button' and (text() = 'Logout' or . = 'Logout')]' is not present after '15' second(s)

2018-05-09 20:47:17 - [MESSAGE][PASSED] - Web element with id: 'Object Repository/Main_Page/Logout Button' located by 'By.xpath: //button[@type = 'button' and (text() = 'Logout' or . = 'Logout')]' is not present after '15' second(s)

2018-05-09 20:47:17 - [TEST_STEP][PASSED] - click: Object: 'Object Repository/Main_Page/a_Total Transaction' is clicked on

2018-05-09 20:47:18 - [MESSAGE][PASSED] - Object: 'Object Repository/Main_Page/a_Total Transaction' is clicked on

2018-05-09 20:47:18 - [TEST_STEP][PASSED] - delay: Delayed 2 second(s)

2018-05-09 20:47:20 - [MESSAGE][PASSED] - Delayed 2 second(s)

2018-05-09 20:47:20 - [TEST_STEP][PASSED] - Statement - driver = com.kms.katalon.core.webui.driver.DriverFactory.getWebDriver(): null

2018-05-09 20:47:20 - [TEST_STEP][PASSED] - Statement - TransactionsTable = driver.findElement(org.openqa.selenium.By.xpath("//*[@id="add-row"]/div/table")): null

2018-05-09 20:47:20 - [TEST_STEP][PASSED] - Statement - transactions = TransactionsTable.findElements(org.openqa.selenium.By.tagName("tr")): null

2018-05-09 20:47:20 - [TEST_STEP][PASSED] - Statement - println(transactions.size()): null

2018-05-09 20:47:20 - [TEST_STEP][PASSED] - Statement - transactionSizeBefore = transactions.size(): null

2018-05-09 20:47:20 - [TEST_STEP][PASSED] - Statement - totalPrice1 = new com.kms.katalon.core.testobject.TestObject(): null

2018-05-09 20:47:20 - [TEST_STEP][PASSED] - Statement - totalPrice1.addProperty("xpath", EQUALS, "//*[@id="add-row"]/div/div[2]/div/p"): null

2018-05-09 20:47:20 - [TEST_STEP][PASSED] - Statement - firstprice = java.lang.Integer.parseInt(com.kms.katalon.core.webui.keyword.WebUiBuiltInKeywords.getText(totalPrice1).replace(" THB", "").replace(",", "").replace("Total price: ", "")): Text of object '' is: 'Total price: 538,778 THB'

2018-05-09 20:47:20 - [MESSAGE][PASSED] - Text of object '' is: 'Total price: 538,778 THB'

2018-05-09 20:47:20 - [TEST_STEP][PASSED] - Statement - println(firstprice): null

2018-05-09 20:47:20 - [TEST_STEP][PASSED] - click: Object: 'Object Repository/Main_Page/Logout Button' is clicked on

2018-05-09 20:47:20 - [MESSAGE][PASSED] - Object: 'Object Repository/Main_Page/Logout Button' is clicked on

2018-05-09 20:47:20 - [TEST_STEP][PASSED] - verifyElementPresent: Object 'Object Repository/Login_Page/Login Header' is present

2018-05-09 20:47:20 - [MESSAGE][PASSED] - Object 'Object Repository/Login_Page/Login Header' is present

2018-05-09 20:47:20 - [TEST_STEP][PASSED] - setText: Text 'hello' is set on object 'Object Repository/Login_Page/input_username'

2018-05-09 20:47:20 - [MESSAGE][PASSED] - Text 'hello' is set on object 'Object Repository/Login_Page/input_username'

2018-05-09 20:47:20 - [TEST_STEP][PASSED] - setText: Text 'hello' is set on object 'Object Repository/Login_Page/input_password'

2018-05-09 20:47:21 - [MESSAGE][PASSED] - Text 'hello' is set on object 'Object Repository/Login_Page/input_password'

2018-05-09 20:47:21 - [TEST_STEP][PASSED] - click: Object: 'Object Repository/Login_Page/button_Login' is clicked on

2018-05-09 20:47:21 - [MESSAGE][PASSED] - Object: 'Object Repository/Login_Page/button_Login' is clicked on

2018-05-09 20:47:21 - [TEST_STEP][PASSED] - waitForElementPresent: Object 'Object Repository/Main_Page/h2_Products' is present

2018-05-09 20:47:21 - [MESSAGE][PASSED] - Object 'Object Repository/Main_Page/h2_Products' is present

2018-05-09 20:47:21 - [TEST_STEP][PASSED] - delay: Delayed 2 second(s)

2018-05-09 20:47:23 - [MESSAGE][PASSED] - Delayed 2 second(s)

2018-05-09 20:47:23 - [TEST_STEP][PASSED] - Statement - Products = driver.findElement(org.openqa.selenium.By.xpath("/html/body/app-root/app-product-list/div/div[2]/div")): null

2018-05-09 20:47:23 - [TEST_STEP][PASSED] - Statement - farmerCards = Products.findElements(org.openqa.selenium.By.className("farmer-card")): null

2018-05-09 20:47:23 - [TEST_STEP][PASSED] - Statement - For ([i = 1, i <= farmerCards.size(), (i++)]): Delayed 1 second(s)

2018-05-09 20:47:23 - [TEST_STEP][PASSED] - Statement - buttonAddProduct = new com.kms.katalon.core.testobject.TestObject(): null

2018-05-09 20:47:23 - [TEST_STEP][PASSED] - Statement - buttonAddProduct.addProperty("xpath", EQUALS, "/html/body/app-root/app-product-list/div/div[2]/div/div[" + i + "]/a/div[2]/div[2]/button"): null

2018-05-09 20:47:23 - [TEST_STEP][PASSED] - click: Object: '' is clicked on

2018-05-09 20:47:23 - [MESSAGE][PASSED] - Object: '' is clicked on

2018-05-09 20:47:23 - [TEST_STEP][PASSED] - delay: Delayed 1 second(s)

2018-05-09 20:47:24 - [MESSAGE][PASSED] - Delayed 1 second(s)

2018-05-09 20:47:24 - [TEST_STEP][PASSED] - Statement - buttonAddProduct = new com.kms.katalon.core.testobject.TestObject(): null

2018-05-09 20:47:24 - [TEST_STEP][PASSED] - Statement - buttonAddProduct.addProperty("xpath", EQUALS, "/html/body/app-root/app-product-list/div/div[2]/div/div[" + i + "]/a/div[2]/div[2]/button"): null

2018-05-09 20:47:24 - [TEST_STEP][PASSED] - click: Object: '' is clicked on

2018-05-09 20:47:25 - [MESSAGE][PASSED] - Object: '' is clicked on

2018-05-09 20:47:25 - [TEST_STEP][PASSED] - delay: Delayed 1 second(s)

2018-05-09 20:47:26 - [MESSAGE][PASSED] - Delayed 1 second(s)

2018-05-09 20:47:26 - [TEST_STEP][PASSED] - Statement - buttonAddProduct = new com.kms.katalon.core.testobject.TestObject(): null

2018-05-09 20:47:26 - [TEST_STEP][PASSED] - Statement - buttonAddProduct.addProperty("xpath", EQUALS, "/html/body/app-root/app-product-list/div/div[2]/div/div[" + i + "]/a/div[2]/div[2]/button"): null

2018-05-09 20:47:26 - [TEST_STEP][PASSED] - click: Object: '' is clicked on

2018-05-09 20:47:26 - [MESSAGE][PASSED] - Object: '' is clicked on

2018-05-09 20:47:26 - [TEST_STEP][PASSED] - delay: Delayed 1 second(s)

2018-05-09 20:47:27 - [MESSAGE][PASSED] - Delayed 1 second(s)

2018-05-09 20:47:27 - [TEST_STEP][PASSED] - Statement - buttonAddProduct = new com.kms.katalon.core.testobject.TestObject(): null

2018-05-09 20:47:27 - [TEST_STEP][PASSED] - Statement - buttonAddProduct.addProperty("xpath", EQUALS, "/html/body/app-root/app-product-list/div/div[2]/div/div[" + i + "]/a/div[2]/div[2]/button"): null

2018-05-09 20:47:27 - [TEST_STEP][PASSED] - click: Object: '' is clicked on

2018-05-09 20:47:27 - [MESSAGE][PASSED] - Object: '' is clicked on

2018-05-09 20:47:27 - [TEST_STEP][PASSED] - delay: Delayed 1 second(s)

2018-05-09 20:47:28 - [MESSAGE][PASSED] - Delayed 1 second(s)

2018-05-09 20:47:28 - [TEST_STEP][PASSED] - Statement - buttonAddProduct = new com.kms.katalon.core.testobject.TestObject(): null

2018-05-09 20:47:28 - [TEST_STEP][PASSED] - Statement - buttonAddProduct.addProperty("xpath", EQUALS, "/html/body/app-root/app-product-list/div/div[2]/div/div[" + i + "]/a/div[2]/div[2]/button"): null

2018-05-09 20:47:28 - [TEST_STEP][PASSED] - click: Object: '' is clicked on

2018-05-09 20:47:28 - [MESSAGE][PASSED] - Object: '' is clicked on

2018-05-09 20:47:28 - [TEST_STEP][PASSED] - delay: Delayed 1 second(s)

2018-05-09 20:47:29 - [MESSAGE][PASSED] - Delayed 1 second(s)

2018-05-09 20:47:29 - [TEST_STEP][PASSED] - click: Object: 'Object Repository/Main_Page/Link to Carts' is clicked on

2018-05-09 20:47:29 - [MESSAGE][PASSED] - Object: 'Object Repository/Main_Page/Link to Carts' is clicked on

2018-05-09 20:47:29 - [TEST_STEP][PASSED] - delay: Delayed 1 second(s)

2018-05-09 20:47:30 - [MESSAGE][PASSED] - Delayed 1 second(s)

2018-05-09 20:47:30 - [TEST_STEP][PASSED] - setText: Text '1' is set on object 'Object Repository/Cart Page/item1'

2018-05-09 20:47:30 - [MESSAGE][PASSED] - Text '1' is set on object 'Object Repository/Cart Page/item1'

2018-05-09 20:47:30 - [TEST_STEP][PASSED] - setText: Text '5' is set on object 'Object Repository/Cart Page/item2'

2018-05-09 20:47:31 - [MESSAGE][PASSED] - Text '5' is set on object 'Object Repository/Cart Page/item2'

2018-05-09 20:47:31 - [TEST_STEP][PASSED] - setText: Text '4' is set on object 'Object Repository/Cart Page/item3'

2018-05-09 20:47:31 - [MESSAGE][PASSED] - Text '4' is set on object 'Object Repository/Cart Page/item3'

2018-05-09 20:47:31 - [TEST_STEP][PASSED] - setText: Text '9' is set on object 'Object Repository/Cart Page/item4'

2018-05-09 20:47:31 - [MESSAGE][PASSED] - Text '9' is set on object 'Object Repository/Cart Page/item4'

2018-05-09 20:47:31 - [TEST_STEP][PASSED] - setText: Text '6' is set on object 'Object Repository/Cart Page/item5'

2018-05-09 20:47:31 - [MESSAGE][PASSED] - Text '6' is set on object 'Object Repository/Cart Page/item5'

2018-05-09 20:47:31 - [TEST_STEP][PASSED] - Statement - priceOfLatestTeansaction = java.lang.Integer.parseInt(com.kms.katalon.core.webui.keyword.WebUiBuiltInKeywords.getText(com.kms.katalon.core.testobject.ObjectRepository.findTestObject(Cart Page/Total price  label)).replace(" THB", "").replace(",", "").replace("Total price: ", "")): Text of object 'Object Repository/Cart Page/Total price  label' is: 'Total price: 22,098 THB'

2018-05-09 20:47:31 - [MESSAGE][PASSED] - Text of object 'Object Repository/Cart Page/Total price  label' is: 'Total price: 22,098 THB'

2018-05-09 20:47:31 - [TEST_STEP][PASSED] - Statement - println(priceOfLatestTeansaction): null

2018-05-09 20:47:31 - [TEST_STEP][PASSED] - delay: Delayed 2 second(s)

2018-05-09 20:47:33 - [MESSAGE][PASSED] - Delayed 2 second(s)

2018-05-09 20:47:33 - [TEST_STEP][PASSED] - click: Object: 'Object Repository/Cart Page/Confirm purchase button' is clicked on

2018-05-09 20:47:33 - [MESSAGE][PASSED] - Object: 'Object Repository/Cart Page/Confirm purchase button' is clicked on

2018-05-09 20:47:33 - [TEST_STEP][PASSED] - acceptAlert: Alert accepted

2018-05-09 20:47:33 - [MESSAGE][PASSED] - Alert accepted

2018-05-09 20:47:33 - [TEST_STEP][PASSED] - waitForElementPresent: Object 'Object Repository/Main_Page/Logout Button' is present

2018-05-09 20:47:33 - [MESSAGE][PASSED] - Object 'Object Repository/Main_Page/Logout Button' is present

2018-05-09 20:47:33 - [TEST_STEP][PASSED] - click: Object: 'Object Repository/Main_Page/Logout Button' is clicked on

2018-05-09 20:47:34 - [MESSAGE][PASSED] - Object: 'Object Repository/Main_Page/Logout Button' is clicked on

2018-05-09 20:47:34 - [TEST_STEP][PASSED] - waitForElementNotPresent: Web element with id: 'Object Repository/Main_Page/Logout Button' located by 'By.xpath: //button[@type = 'button' and (text() = 'Logout' or . = 'Logout')]' is not present after '15' second(s)

2018-05-09 20:47:34 - [MESSAGE][PASSED] - Web element with id: 'Object Repository/Main_Page/Logout Button' located by 'By.xpath: //button[@type = 'button' and (text() = 'Logout' or . = 'Logout')]' is not present after '15' second(s)

2018-05-09 20:47:34 - [TEST_STEP][PASSED] - delay: Delayed 1 second(s)

2018-05-09 20:47:35 - [MESSAGE][PASSED] - Delayed 1 second(s)

2018-05-09 20:47:35 - [TEST_STEP][PASSED] - setText: Text 'admin' is set on object 'Object Repository/Login_Page/input_username'

2018-05-09 20:47:35 - [MESSAGE][PASSED] - Text 'admin' is set on object 'Object Repository/Login_Page/input_username'

2018-05-09 20:47:35 - [TEST_STEP][PASSED] - setText: Text 'admin' is set on object 'Object Repository/Login_Page/input_password'

2018-05-09 20:47:35 - [MESSAGE][PASSED] - Text 'admin' is set on object 'Object Repository/Login_Page/input_password'

2018-05-09 20:47:35 - [TEST_STEP][PASSED] - click: Object: 'Object Repository/Login_Page/button_Login' is clicked on

2018-05-09 20:47:35 - [MESSAGE][PASSED] - Object: 'Object Repository/Login_Page/button_Login' is clicked on

2018-05-09 20:47:35 - [TEST_STEP][PASSED] - click: Object: 'Object Repository/Main_Page/a_Total Transaction' is clicked on

2018-05-09 20:47:35 - [MESSAGE][PASSED] - Object: 'Object Repository/Main_Page/a_Total Transaction' is clicked on

2018-05-09 20:47:35 - [TEST_STEP][PASSED] - Statement - verifyPrice = java.lang.String.format("%,d", firstprice + priceOfLatestTeansaction): null

2018-05-09 20:47:35 - [TEST_STEP][PASSED] - verifyElementText: Actual text and expected text of test object 'Object Repository/Transaction page/Total Transaction Price' are matched.

2018-05-09 20:47:35 - [MESSAGE][PASSED] - Actual text and expected text of test object 'Object Repository/Transaction page/Total Transaction Price' are matched.

2018-05-09 20:47:35 - [TEST_STEP][PASSED] - Statement - TransactionsTable = driver.findElement(org.openqa.selenium.By.xpath("//*[@id="add-row"]/div/table")): null

2018-05-09 20:47:35 - [TEST_STEP][PASSED] - Statement - transactions = TransactionsTable.findElements(org.openqa.selenium.By.tagName("tr")): null

2018-05-09 20:47:35 - [TEST_STEP][PASSED] - Statement - transactionSizeAfter = transactions.size(): null

2018-05-09 20:47:35 - [TEST_STEP][PASSED] - delay: Delayed 2 second(s)

2018-05-09 20:47:37 - [MESSAGE][PASSED] - Delayed 2 second(s)

2018-05-09 20:47:37 - [TEST_STEP][PASSED] - verifyEqual: Actual object '20' and expected object '20' are equal

2018-05-09 20:47:37 - [MESSAGE][PASSED] - Actual object '20' and expected object '20' are equal

2018-05-09 20:47:37 - [TEST_STEP][PASSED] - delay: Delayed 1 second(s)

2018-05-09 20:47:38 - [MESSAGE][PASSED] - Delayed 1 second(s)]]></system-out>
         <system-err><![CDATA[]]></system-err>
      </testcase>
      <testcase name="Test Cases/Test transaction update" classname="Test Cases/Test transaction update" status="PASSED">
         <system-out><![CDATA[2018-05-09 20:47:38 - [TEST_CASE][PASSED] - Test Cases/Test transaction update: Test Cases/Test transaction update

2018-05-09 20:47:39 - [TEST_STEP][PASSED] - openBrowser: Browser is opened with url: ''

2018-05-09 20:47:39 - [MESSAGE][WARNING] - A browser is already opened. Closing browser and opening a new one

2018-05-09 20:47:41 - [MESSAGE][PASSED] - Browser is opened with url: ''

2018-05-09 20:47:41 - [TEST_STEP][PASSED] - navigateToUrl: Navigate to 'http://54.71.80.147:8086/' successfully

2018-05-09 20:47:53 - [MESSAGE][PASSED] - Navigate to 'http://54.71.80.147:8086/' successfully

2018-05-09 20:47:53 - [TEST_STEP][PASSED] - setText: Text 'admin' is set on object 'Object Repository/Login_Page/input_username'

2018-05-09 20:47:53 - [MESSAGE][PASSED] - Text 'admin' is set on object 'Object Repository/Login_Page/input_username'

2018-05-09 20:47:53 - [TEST_STEP][PASSED] - setText: Text 'admin' is set on object 'Object Repository/Login_Page/input_password'

2018-05-09 20:47:53 - [MESSAGE][PASSED] - Text 'admin' is set on object 'Object Repository/Login_Page/input_password'

2018-05-09 20:47:53 - [TEST_STEP][PASSED] - click: Object: 'Object Repository/Login_Page/button_Login' is clicked on

2018-05-09 20:47:53 - [MESSAGE][PASSED] - Object: 'Object Repository/Login_Page/button_Login' is clicked on

2018-05-09 20:47:53 - [TEST_STEP][PASSED] - waitForElementNotPresent: Web element with id: 'Object Repository/Main_Page/Logout Button' located by 'By.xpath: //button[@type = 'button' and (text() = 'Logout' or . = 'Logout')]' is not present after '15' second(s)

2018-05-09 20:47:53 - [MESSAGE][PASSED] - Web element with id: 'Object Repository/Main_Page/Logout Button' located by 'By.xpath: //button[@type = 'button' and (text() = 'Logout' or . = 'Logout')]' is not present after '15' second(s)

2018-05-09 20:47:53 - [TEST_STEP][PASSED] - click: Object: 'Object Repository/Main_Page/a_Total Transaction' is clicked on

2018-05-09 20:47:55 - [MESSAGE][PASSED] - Object: 'Object Repository/Main_Page/a_Total Transaction' is clicked on

2018-05-09 20:47:55 - [TEST_STEP][PASSED] - delay: Delayed 2 second(s)

2018-05-09 20:47:57 - [MESSAGE][PASSED] - Delayed 2 second(s)

2018-05-09 20:47:57 - [TEST_STEP][PASSED] - Statement - driver = com.kms.katalon.core.webui.driver.DriverFactory.getWebDriver(): null

2018-05-09 20:47:57 - [TEST_STEP][PASSED] - Statement - TransactionsTable = driver.findElement(org.openqa.selenium.By.xpath("//*[@id="add-row"]/div/table")): null

2018-05-09 20:47:57 - [TEST_STEP][PASSED] - Statement - transactions = TransactionsTable.findElements(org.openqa.selenium.By.tagName("tr")): null

2018-05-09 20:47:57 - [TEST_STEP][PASSED] - Statement - println(transactions.size()): null

2018-05-09 20:47:57 - [TEST_STEP][PASSED] - Statement - transactionSizeBefore = transactions.size(): null

2018-05-09 20:47:57 - [TEST_STEP][PASSED] - Statement - totalPrice1 = new com.kms.katalon.core.testobject.TestObject(): null

2018-05-09 20:47:57 - [TEST_STEP][PASSED] - Statement - totalPrice1.addProperty("xpath", EQUALS, "//*[@id="add-row"]/div/div[2]/div/p"): null

2018-05-09 20:47:57 - [TEST_STEP][PASSED] - Statement - firstprice = java.lang.Integer.parseInt(com.kms.katalon.core.webui.keyword.WebUiBuiltInKeywords.getText(totalPrice1).replace(" THB", "").replace(",", "").replace("Total price: ", "")): Text of object '' is: 'Total price: 560,876 THB'

2018-05-09 20:47:57 - [MESSAGE][PASSED] - Text of object '' is: 'Total price: 560,876 THB'

2018-05-09 20:47:57 - [TEST_STEP][PASSED] - Statement - println(firstprice): null

2018-05-09 20:47:57 - [TEST_STEP][PASSED] - click: Object: 'Object Repository/Main_Page/Logout Button' is clicked on

2018-05-09 20:47:57 - [MESSAGE][PASSED] - Object: 'Object Repository/Main_Page/Logout Button' is clicked on

2018-05-09 20:47:57 - [TEST_STEP][PASSED] - verifyElementPresent: Object 'Object Repository/Login_Page/Login Header' is present

2018-05-09 20:47:57 - [MESSAGE][PASSED] - Object 'Object Repository/Login_Page/Login Header' is present

2018-05-09 20:47:57 - [TEST_STEP][PASSED] - setText: Text 'hello' is set on object 'Object Repository/Login_Page/input_username'

2018-05-09 20:47:57 - [MESSAGE][PASSED] - Text 'hello' is set on object 'Object Repository/Login_Page/input_username'

2018-05-09 20:47:57 - [TEST_STEP][PASSED] - setText: Text 'hello' is set on object 'Object Repository/Login_Page/input_password'

2018-05-09 20:47:57 - [MESSAGE][PASSED] - Text 'hello' is set on object 'Object Repository/Login_Page/input_password'

2018-05-09 20:47:57 - [TEST_STEP][PASSED] - click: Object: 'Object Repository/Login_Page/button_Login' is clicked on

2018-05-09 20:47:57 - [MESSAGE][PASSED] - Object: 'Object Repository/Login_Page/button_Login' is clicked on

2018-05-09 20:47:57 - [TEST_STEP][PASSED] - waitForElementPresent: Object 'Object Repository/Main_Page/h2_Products' is present

2018-05-09 20:47:58 - [MESSAGE][PASSED] - Object 'Object Repository/Main_Page/h2_Products' is present

2018-05-09 20:47:58 - [TEST_STEP][PASSED] - delay: Delayed 2 second(s)

2018-05-09 20:48:00 - [MESSAGE][PASSED] - Delayed 2 second(s)

2018-05-09 20:48:00 - [TEST_STEP][PASSED] - Statement - Products = driver.findElement(org.openqa.selenium.By.xpath("/html/body/app-root/app-product-list/div/div[2]/div")): null

2018-05-09 20:48:01 - [TEST_STEP][PASSED] - Statement - farmerCards = Products.findElements(org.openqa.selenium.By.className("farmer-card")): null

2018-05-09 20:48:01 - [TEST_STEP][PASSED] - Statement - For ([i = 1, i <= farmerCards.size(), (i++)]): Delayed 1 second(s)

2018-05-09 20:48:01 - [TEST_STEP][PASSED] - Statement - buttonAddProduct = new com.kms.katalon.core.testobject.TestObject(): null

2018-05-09 20:48:01 - [TEST_STEP][PASSED] - Statement - buttonAddProduct.addProperty("xpath", EQUALS, "/html/body/app-root/app-product-list/div/div[2]/div/div[" + i + "]/a/div[2]/div[2]/button"): null

2018-05-09 20:48:01 - [TEST_STEP][PASSED] - click: Object: '' is clicked on

2018-05-09 20:48:01 - [MESSAGE][PASSED] - Object: '' is clicked on

2018-05-09 20:48:01 - [TEST_STEP][PASSED] - delay: Delayed 1 second(s)

2018-05-09 20:48:02 - [MESSAGE][PASSED] - Delayed 1 second(s)

2018-05-09 20:48:02 - [TEST_STEP][PASSED] - Statement - buttonAddProduct = new com.kms.katalon.core.testobject.TestObject(): null

2018-05-09 20:48:02 - [TEST_STEP][PASSED] - Statement - buttonAddProduct.addProperty("xpath", EQUALS, "/html/body/app-root/app-product-list/div/div[2]/div/div[" + i + "]/a/div[2]/div[2]/button"): null

2018-05-09 20:48:02 - [TEST_STEP][PASSED] - click: Object: '' is clicked on

2018-05-09 20:48:02 - [MESSAGE][PASSED] - Object: '' is clicked on

2018-05-09 20:48:02 - [TEST_STEP][PASSED] - delay: Delayed 1 second(s)

2018-05-09 20:48:03 - [MESSAGE][PASSED] - Delayed 1 second(s)

2018-05-09 20:48:03 - [TEST_STEP][PASSED] - Statement - buttonAddProduct = new com.kms.katalon.core.testobject.TestObject(): null

2018-05-09 20:48:03 - [TEST_STEP][PASSED] - Statement - buttonAddProduct.addProperty("xpath", EQUALS, "/html/body/app-root/app-product-list/div/div[2]/div/div[" + i + "]/a/div[2]/div[2]/button"): null

2018-05-09 20:48:03 - [TEST_STEP][PASSED] - click: Object: '' is clicked on

2018-05-09 20:48:03 - [MESSAGE][PASSED] - Object: '' is clicked on

2018-05-09 20:48:03 - [TEST_STEP][PASSED] - delay: Delayed 1 second(s)

2018-05-09 20:48:04 - [MESSAGE][PASSED] - Delayed 1 second(s)

2018-05-09 20:48:04 - [TEST_STEP][PASSED] - Statement - buttonAddProduct = new com.kms.katalon.core.testobject.TestObject(): null

2018-05-09 20:48:04 - [TEST_STEP][PASSED] - Statement - buttonAddProduct.addProperty("xpath", EQUALS, "/html/body/app-root/app-product-list/div/div[2]/div/div[" + i + "]/a/div[2]/div[2]/button"): null

2018-05-09 20:48:04 - [TEST_STEP][PASSED] - click: Object: '' is clicked on

2018-05-09 20:48:04 - [MESSAGE][PASSED] - Object: '' is clicked on

2018-05-09 20:48:04 - [TEST_STEP][PASSED] - delay: Delayed 1 second(s)

2018-05-09 20:48:05 - [MESSAGE][PASSED] - Delayed 1 second(s)

2018-05-09 20:48:05 - [TEST_STEP][PASSED] - Statement - buttonAddProduct = new com.kms.katalon.core.testobject.TestObject(): null

2018-05-09 20:48:05 - [TEST_STEP][PASSED] - Statement - buttonAddProduct.addProperty("xpath", EQUALS, "/html/body/app-root/app-product-list/div/div[2]/div/div[" + i + "]/a/div[2]/div[2]/button"): null

2018-05-09 20:48:05 - [TEST_STEP][PASSED] - click: Object: '' is clicked on

2018-05-09 20:48:05 - [MESSAGE][PASSED] - Object: '' is clicked on

2018-05-09 20:48:05 - [TEST_STEP][PASSED] - delay: Delayed 1 second(s)

2018-05-09 20:48:06 - [MESSAGE][PASSED] - Delayed 1 second(s)

2018-05-09 20:48:06 - [TEST_STEP][PASSED] - click: Object: 'Object Repository/Main_Page/Link to Carts' is clicked on

2018-05-09 20:48:06 - [MESSAGE][PASSED] - Object: 'Object Repository/Main_Page/Link to Carts' is clicked on

2018-05-09 20:48:06 - [TEST_STEP][PASSED] - delay: Delayed 1 second(s)

2018-05-09 20:48:07 - [MESSAGE][PASSED] - Delayed 1 second(s)

2018-05-09 20:48:07 - [TEST_STEP][PASSED] - setText: Text '4' is set on object 'Object Repository/Cart Page/item1'

2018-05-09 20:48:08 - [MESSAGE][PASSED] - Text '4' is set on object 'Object Repository/Cart Page/item1'

2018-05-09 20:48:08 - [TEST_STEP][PASSED] - setText: Text '5' is set on object 'Object Repository/Cart Page/item2'

2018-05-09 20:48:08 - [MESSAGE][PASSED] - Text '5' is set on object 'Object Repository/Cart Page/item2'

2018-05-09 20:48:08 - [TEST_STEP][PASSED] - setText: Text '6' is set on object 'Object Repository/Cart Page/item3'

2018-05-09 20:48:08 - [MESSAGE][PASSED] - Text '6' is set on object 'Object Repository/Cart Page/item3'

2018-05-09 20:48:08 - [TEST_STEP][PASSED] - setText: Text '8' is set on object 'Object Repository/Cart Page/item4'

2018-05-09 20:48:08 - [MESSAGE][PASSED] - Text '8' is set on object 'Object Repository/Cart Page/item4'

2018-05-09 20:48:08 - [TEST_STEP][PASSED] - setText: Text '7' is set on object 'Object Repository/Cart Page/item5'

2018-05-09 20:48:08 - [MESSAGE][PASSED] - Text '7' is set on object 'Object Repository/Cart Page/item5'

2018-05-09 20:48:08 - [TEST_STEP][PASSED] - Statement - priceOfLatestTeansaction = java.lang.Integer.parseInt(com.kms.katalon.core.webui.keyword.WebUiBuiltInKeywords.getText(com.kms.katalon.core.testobject.ObjectRepository.findTestObject(Cart Page/Total price  label)).replace(" THB", "").replace(",", "").replace("Total price: ", "")): Text of object 'Object Repository/Cart Page/Total price  label' is: 'Total price: 82,666 THB'

2018-05-09 20:48:08 - [MESSAGE][PASSED] - Text of object 'Object Repository/Cart Page/Total price  label' is: 'Total price: 82,666 THB'

2018-05-09 20:48:08 - [TEST_STEP][PASSED] - Statement - println(priceOfLatestTeansaction): null

2018-05-09 20:48:08 - [TEST_STEP][PASSED] - delay: Delayed 2 second(s)

2018-05-09 20:48:10 - [MESSAGE][PASSED] - Delayed 2 second(s)

2018-05-09 20:48:10 - [TEST_STEP][PASSED] - click: Object: 'Object Repository/Cart Page/Confirm purchase button' is clicked on

2018-05-09 20:48:11 - [MESSAGE][PASSED] - Object: 'Object Repository/Cart Page/Confirm purchase button' is clicked on

2018-05-09 20:48:11 - [TEST_STEP][PASSED] - acceptAlert: Alert accepted

2018-05-09 20:48:11 - [MESSAGE][PASSED] - Alert accepted

2018-05-09 20:48:11 - [TEST_STEP][PASSED] - waitForElementPresent: Object 'Object Repository/Main_Page/Logout Button' is present

2018-05-09 20:48:11 - [MESSAGE][PASSED] - Object 'Object Repository/Main_Page/Logout Button' is present

2018-05-09 20:48:11 - [TEST_STEP][PASSED] - click: Object: 'Object Repository/Main_Page/Logout Button' is clicked on

2018-05-09 20:48:11 - [MESSAGE][PASSED] - Object: 'Object Repository/Main_Page/Logout Button' is clicked on

2018-05-09 20:48:11 - [TEST_STEP][PASSED] - waitForElementNotPresent: Web element with id: 'Object Repository/Main_Page/Logout Button' located by 'By.xpath: //button[@type = 'button' and (text() = 'Logout' or . = 'Logout')]' is not present after '15' second(s)

2018-05-09 20:48:11 - [MESSAGE][PASSED] - Web element with id: 'Object Repository/Main_Page/Logout Button' located by 'By.xpath: //button[@type = 'button' and (text() = 'Logout' or . = 'Logout')]' is not present after '15' second(s)

2018-05-09 20:48:11 - [TEST_STEP][PASSED] - delay: Delayed 1 second(s)

2018-05-09 20:48:12 - [MESSAGE][PASSED] - Delayed 1 second(s)

2018-05-09 20:48:12 - [TEST_STEP][PASSED] - setText: Text 'admin' is set on object 'Object Repository/Login_Page/input_username'

2018-05-09 20:48:12 - [MESSAGE][PASSED] - Text 'admin' is set on object 'Object Repository/Login_Page/input_username'

2018-05-09 20:48:12 - [TEST_STEP][PASSED] - setText: Text 'admin' is set on object 'Object Repository/Login_Page/input_password'

2018-05-09 20:48:12 - [MESSAGE][PASSED] - Text 'admin' is set on object 'Object Repository/Login_Page/input_password'

2018-05-09 20:48:12 - [TEST_STEP][PASSED] - click: Object: 'Object Repository/Login_Page/button_Login' is clicked on

2018-05-09 20:48:12 - [MESSAGE][PASSED] - Object: 'Object Repository/Login_Page/button_Login' is clicked on

2018-05-09 20:48:12 - [TEST_STEP][PASSED] - click: Object: 'Object Repository/Main_Page/a_Total Transaction' is clicked on

2018-05-09 20:48:13 - [MESSAGE][PASSED] - Object: 'Object Repository/Main_Page/a_Total Transaction' is clicked on

2018-05-09 20:48:13 - [TEST_STEP][PASSED] - Statement - verifyPrice = java.lang.String.format("%,d", firstprice + priceOfLatestTeansaction): null

2018-05-09 20:48:13 - [TEST_STEP][PASSED] - verifyElementText: Actual text and expected text of test object 'Object Repository/Transaction page/Total Transaction Price' are matched.

2018-05-09 20:48:13 - [MESSAGE][PASSED] - Actual text and expected text of test object 'Object Repository/Transaction page/Total Transaction Price' are matched.

2018-05-09 20:48:13 - [TEST_STEP][PASSED] - Statement - TransactionsTable = driver.findElement(org.openqa.selenium.By.xpath("//*[@id="add-row"]/div/table")): null

2018-05-09 20:48:13 - [TEST_STEP][PASSED] - Statement - transactions = TransactionsTable.findElements(org.openqa.selenium.By.tagName("tr")): null

2018-05-09 20:48:13 - [TEST_STEP][PASSED] - Statement - transactionSizeAfter = transactions.size(): null

2018-05-09 20:48:13 - [TEST_STEP][PASSED] - delay: Delayed 2 second(s)

2018-05-09 20:48:15 - [MESSAGE][PASSED] - Delayed 2 second(s)

2018-05-09 20:48:15 - [TEST_STEP][PASSED] - verifyEqual: Actual object '21' and expected object '21' are equal

2018-05-09 20:48:15 - [MESSAGE][PASSED] - Actual object '21' and expected object '21' are equal

2018-05-09 20:48:15 - [TEST_STEP][PASSED] - delay: Delayed 1 second(s)

2018-05-09 20:48:16 - [MESSAGE][PASSED] - Delayed 1 second(s)]]></system-out>
         <system-err><![CDATA[]]></system-err>
      </testcase>
      <testcase name="Test Cases/Test transaction update" classname="Test Cases/Test transaction update" status="PASSED">
         <system-out><![CDATA[2018-05-09 20:48:16 - [TEST_CASE][PASSED] - Test Cases/Test transaction update: Test Cases/Test transaction update

2018-05-09 20:48:16 - [TEST_STEP][PASSED] - openBrowser: Browser is opened with url: ''

2018-05-09 20:48:16 - [MESSAGE][WARNING] - A browser is already opened. Closing browser and opening a new one

2018-05-09 20:48:18 - [MESSAGE][PASSED] - Browser is opened with url: ''

2018-05-09 20:48:18 - [TEST_STEP][PASSED] - navigateToUrl: Navigate to 'http://54.71.80.147:8086/' successfully

2018-05-09 20:48:28 - [MESSAGE][PASSED] - Navigate to 'http://54.71.80.147:8086/' successfully

2018-05-09 20:48:28 - [TEST_STEP][PASSED] - setText: Text 'admin' is set on object 'Object Repository/Login_Page/input_username'

2018-05-09 20:48:28 - [MESSAGE][PASSED] - Text 'admin' is set on object 'Object Repository/Login_Page/input_username'

2018-05-09 20:48:28 - [TEST_STEP][PASSED] - setText: Text 'admin' is set on object 'Object Repository/Login_Page/input_password'

2018-05-09 20:48:29 - [MESSAGE][PASSED] - Text 'admin' is set on object 'Object Repository/Login_Page/input_password'

2018-05-09 20:48:29 - [TEST_STEP][PASSED] - click: Object: 'Object Repository/Login_Page/button_Login' is clicked on

2018-05-09 20:48:29 - [MESSAGE][PASSED] - Object: 'Object Repository/Login_Page/button_Login' is clicked on

2018-05-09 20:48:29 - [TEST_STEP][PASSED] - waitForElementNotPresent: Web element with id: 'Object Repository/Main_Page/Logout Button' located by 'By.xpath: //button[@type = 'button' and (text() = 'Logout' or . = 'Logout')]' is not present after '15' second(s)

2018-05-09 20:48:29 - [MESSAGE][PASSED] - Web element with id: 'Object Repository/Main_Page/Logout Button' located by 'By.xpath: //button[@type = 'button' and (text() = 'Logout' or . = 'Logout')]' is not present after '15' second(s)

2018-05-09 20:48:29 - [TEST_STEP][PASSED] - click: Object: 'Object Repository/Main_Page/a_Total Transaction' is clicked on

2018-05-09 20:48:30 - [MESSAGE][PASSED] - Object: 'Object Repository/Main_Page/a_Total Transaction' is clicked on

2018-05-09 20:48:30 - [TEST_STEP][PASSED] - delay: Delayed 2 second(s)

2018-05-09 20:48:32 - [MESSAGE][PASSED] - Delayed 2 second(s)

2018-05-09 20:48:32 - [TEST_STEP][PASSED] - Statement - driver = com.kms.katalon.core.webui.driver.DriverFactory.getWebDriver(): null

2018-05-09 20:48:32 - [TEST_STEP][PASSED] - Statement - TransactionsTable = driver.findElement(org.openqa.selenium.By.xpath("//*[@id="add-row"]/div/table")): null

2018-05-09 20:48:32 - [TEST_STEP][PASSED] - Statement - transactions = TransactionsTable.findElements(org.openqa.selenium.By.tagName("tr")): null

2018-05-09 20:48:32 - [TEST_STEP][PASSED] - Statement - println(transactions.size()): null

2018-05-09 20:48:32 - [TEST_STEP][PASSED] - Statement - transactionSizeBefore = transactions.size(): null

2018-05-09 20:48:32 - [TEST_STEP][PASSED] - Statement - totalPrice1 = new com.kms.katalon.core.testobject.TestObject(): null

2018-05-09 20:48:32 - [TEST_STEP][PASSED] - Statement - totalPrice1.addProperty("xpath", EQUALS, "//*[@id="add-row"]/div/div[2]/div/p"): null

2018-05-09 20:48:32 - [TEST_STEP][PASSED] - Statement - firstprice = java.lang.Integer.parseInt(com.kms.katalon.core.webui.keyword.WebUiBuiltInKeywords.getText(totalPrice1).replace(" THB", "").replace(",", "").replace("Total price: ", "")): Text of object '' is: 'Total price: 643,542 THB'

2018-05-09 20:48:32 - [MESSAGE][PASSED] - Text of object '' is: 'Total price: 643,542 THB'

2018-05-09 20:48:32 - [TEST_STEP][PASSED] - Statement - println(firstprice): null

2018-05-09 20:48:32 - [TEST_STEP][PASSED] - click: Object: 'Object Repository/Main_Page/Logout Button' is clicked on

2018-05-09 20:48:32 - [MESSAGE][PASSED] - Object: 'Object Repository/Main_Page/Logout Button' is clicked on

2018-05-09 20:48:32 - [TEST_STEP][PASSED] - verifyElementPresent: Object 'Object Repository/Login_Page/Login Header' is present

2018-05-09 20:48:32 - [MESSAGE][PASSED] - Object 'Object Repository/Login_Page/Login Header' is present

2018-05-09 20:48:32 - [TEST_STEP][PASSED] - setText: Text 'user' is set on object 'Object Repository/Login_Page/input_username'

2018-05-09 20:48:32 - [MESSAGE][PASSED] - Text 'user' is set on object 'Object Repository/Login_Page/input_username'

2018-05-09 20:48:32 - [TEST_STEP][PASSED] - setText: Text 'user' is set on object 'Object Repository/Login_Page/input_password'

2018-05-09 20:48:33 - [MESSAGE][PASSED] - Text 'user' is set on object 'Object Repository/Login_Page/input_password'

2018-05-09 20:48:33 - [TEST_STEP][PASSED] - click: Object: 'Object Repository/Login_Page/button_Login' is clicked on

2018-05-09 20:48:33 - [MESSAGE][PASSED] - Object: 'Object Repository/Login_Page/button_Login' is clicked on

2018-05-09 20:48:33 - [TEST_STEP][PASSED] - waitForElementPresent: Object 'Object Repository/Main_Page/h2_Products' is present

2018-05-09 20:48:33 - [MESSAGE][PASSED] - Object 'Object Repository/Main_Page/h2_Products' is present

2018-05-09 20:48:33 - [TEST_STEP][PASSED] - delay: Delayed 2 second(s)

2018-05-09 20:48:35 - [MESSAGE][PASSED] - Delayed 2 second(s)

2018-05-09 20:48:35 - [TEST_STEP][PASSED] - Statement - Products = driver.findElement(org.openqa.selenium.By.xpath("/html/body/app-root/app-product-list/div/div[2]/div")): null

2018-05-09 20:48:35 - [TEST_STEP][PASSED] - Statement - farmerCards = Products.findElements(org.openqa.selenium.By.className("farmer-card")): null

2018-05-09 20:48:35 - [TEST_STEP][PASSED] - Statement - For ([i = 1, i <= farmerCards.size(), (i++)]): Delayed 1 second(s)

2018-05-09 20:48:35 - [TEST_STEP][PASSED] - Statement - buttonAddProduct = new com.kms.katalon.core.testobject.TestObject(): null

2018-05-09 20:48:35 - [TEST_STEP][PASSED] - Statement - buttonAddProduct.addProperty("xpath", EQUALS, "/html/body/app-root/app-product-list/div/div[2]/div/div[" + i + "]/a/div[2]/div[2]/button"): null

2018-05-09 20:48:35 - [TEST_STEP][PASSED] - click: Object: '' is clicked on

2018-05-09 20:48:36 - [MESSAGE][PASSED] - Object: '' is clicked on

2018-05-09 20:48:36 - [TEST_STEP][PASSED] - delay: Delayed 1 second(s)

2018-05-09 20:48:37 - [MESSAGE][PASSED] - Delayed 1 second(s)

2018-05-09 20:48:37 - [TEST_STEP][PASSED] - Statement - buttonAddProduct = new com.kms.katalon.core.testobject.TestObject(): null

2018-05-09 20:48:37 - [TEST_STEP][PASSED] - Statement - buttonAddProduct.addProperty("xpath", EQUALS, "/html/body/app-root/app-product-list/div/div[2]/div/div[" + i + "]/a/div[2]/div[2]/button"): null

2018-05-09 20:48:37 - [TEST_STEP][PASSED] - click: Object: '' is clicked on

2018-05-09 20:48:37 - [MESSAGE][PASSED] - Object: '' is clicked on

2018-05-09 20:48:37 - [TEST_STEP][PASSED] - delay: Delayed 1 second(s)

2018-05-09 20:48:38 - [MESSAGE][PASSED] - Delayed 1 second(s)

2018-05-09 20:48:38 - [TEST_STEP][PASSED] - Statement - buttonAddProduct = new com.kms.katalon.core.testobject.TestObject(): null

2018-05-09 20:48:38 - [TEST_STEP][PASSED] - Statement - buttonAddProduct.addProperty("xpath", EQUALS, "/html/body/app-root/app-product-list/div/div[2]/div/div[" + i + "]/a/div[2]/div[2]/button"): null

2018-05-09 20:48:38 - [TEST_STEP][PASSED] - click: Object: '' is clicked on

2018-05-09 20:48:38 - [MESSAGE][PASSED] - Object: '' is clicked on

2018-05-09 20:48:38 - [TEST_STEP][PASSED] - delay: Delayed 1 second(s)

2018-05-09 20:48:39 - [MESSAGE][PASSED] - Delayed 1 second(s)

2018-05-09 20:48:39 - [TEST_STEP][PASSED] - Statement - buttonAddProduct = new com.kms.katalon.core.testobject.TestObject(): null

2018-05-09 20:48:39 - [TEST_STEP][PASSED] - Statement - buttonAddProduct.addProperty("xpath", EQUALS, "/html/body/app-root/app-product-list/div/div[2]/div/div[" + i + "]/a/div[2]/div[2]/button"): null

2018-05-09 20:48:39 - [TEST_STEP][PASSED] - click: Object: '' is clicked on

2018-05-09 20:48:39 - [MESSAGE][PASSED] - Object: '' is clicked on

2018-05-09 20:48:39 - [TEST_STEP][PASSED] - delay: Delayed 1 second(s)

2018-05-09 20:48:40 - [MESSAGE][PASSED] - Delayed 1 second(s)

2018-05-09 20:48:40 - [TEST_STEP][PASSED] - Statement - buttonAddProduct = new com.kms.katalon.core.testobject.TestObject(): null

2018-05-09 20:48:40 - [TEST_STEP][PASSED] - Statement - buttonAddProduct.addProperty("xpath", EQUALS, "/html/body/app-root/app-product-list/div/div[2]/div/div[" + i + "]/a/div[2]/div[2]/button"): null

2018-05-09 20:48:40 - [TEST_STEP][PASSED] - click: Object: '' is clicked on

2018-05-09 20:48:40 - [MESSAGE][PASSED] - Object: '' is clicked on

2018-05-09 20:48:40 - [TEST_STEP][PASSED] - delay: Delayed 1 second(s)

2018-05-09 20:48:41 - [MESSAGE][PASSED] - Delayed 1 second(s)

2018-05-09 20:48:41 - [TEST_STEP][PASSED] - click: Object: 'Object Repository/Main_Page/Link to Carts' is clicked on

2018-05-09 20:48:41 - [MESSAGE][PASSED] - Object: 'Object Repository/Main_Page/Link to Carts' is clicked on

2018-05-09 20:48:41 - [TEST_STEP][PASSED] - delay: Delayed 1 second(s)

2018-05-09 20:48:42 - [MESSAGE][PASSED] - Delayed 1 second(s)

2018-05-09 20:48:42 - [TEST_STEP][PASSED] - setText: Text '2' is set on object 'Object Repository/Cart Page/item1'

2018-05-09 20:48:42 - [MESSAGE][PASSED] - Text '2' is set on object 'Object Repository/Cart Page/item1'

2018-05-09 20:48:42 - [TEST_STEP][PASSED] - setText: Text '3' is set on object 'Object Repository/Cart Page/item2'

2018-05-09 20:48:43 - [MESSAGE][PASSED] - Text '3' is set on object 'Object Repository/Cart Page/item2'

2018-05-09 20:48:43 - [TEST_STEP][PASSED] - setText: Text '6' is set on object 'Object Repository/Cart Page/item3'

2018-05-09 20:48:43 - [MESSAGE][PASSED] - Text '6' is set on object 'Object Repository/Cart Page/item3'

2018-05-09 20:48:43 - [TEST_STEP][PASSED] - setText: Text '4' is set on object 'Object Repository/Cart Page/item4'

2018-05-09 20:48:43 - [MESSAGE][PASSED] - Text '4' is set on object 'Object Repository/Cart Page/item4'

2018-05-09 20:48:43 - [TEST_STEP][PASSED] - setText: Text '5' is set on object 'Object Repository/Cart Page/item5'

2018-05-09 20:48:43 - [MESSAGE][PASSED] - Text '5' is set on object 'Object Repository/Cart Page/item5'

2018-05-09 20:48:43 - [TEST_STEP][PASSED] - Statement - priceOfLatestTeansaction = java.lang.Integer.parseInt(com.kms.katalon.core.webui.keyword.WebUiBuiltInKeywords.getText(com.kms.katalon.core.testobject.ObjectRepository.findTestObject(Cart Page/Total price  label)).replace(" THB", "").replace(",", "").replace("Total price: ", "")): Text of object 'Object Repository/Cart Page/Total price  label' is: 'Total price: 42,278 THB'

2018-05-09 20:48:43 - [MESSAGE][PASSED] - Text of object 'Object Repository/Cart Page/Total price  label' is: 'Total price: 42,278 THB'

2018-05-09 20:48:43 - [TEST_STEP][PASSED] - Statement - println(priceOfLatestTeansaction): null

2018-05-09 20:48:43 - [TEST_STEP][PASSED] - delay: Delayed 2 second(s)

2018-05-09 20:48:45 - [MESSAGE][PASSED] - Delayed 2 second(s)

2018-05-09 20:48:45 - [TEST_STEP][PASSED] - click: Object: 'Object Repository/Cart Page/Confirm purchase button' is clicked on

2018-05-09 20:48:46 - [MESSAGE][PASSED] - Object: 'Object Repository/Cart Page/Confirm purchase button' is clicked on

2018-05-09 20:48:46 - [TEST_STEP][PASSED] - acceptAlert: Alert accepted

2018-05-09 20:48:46 - [MESSAGE][PASSED] - Alert accepted

2018-05-09 20:48:46 - [TEST_STEP][PASSED] - waitForElementPresent: Object 'Object Repository/Main_Page/Logout Button' is present

2018-05-09 20:48:46 - [MESSAGE][PASSED] - Object 'Object Repository/Main_Page/Logout Button' is present

2018-05-09 20:48:46 - [TEST_STEP][PASSED] - click: Object: 'Object Repository/Main_Page/Logout Button' is clicked on

2018-05-09 20:48:46 - [MESSAGE][PASSED] - Object: 'Object Repository/Main_Page/Logout Button' is clicked on

2018-05-09 20:48:46 - [TEST_STEP][PASSED] - waitForElementNotPresent: Web element with id: 'Object Repository/Main_Page/Logout Button' located by 'By.xpath: //button[@type = 'button' and (text() = 'Logout' or . = 'Logout')]' is not present after '15' second(s)

2018-05-09 20:48:46 - [MESSAGE][PASSED] - Web element with id: 'Object Repository/Main_Page/Logout Button' located by 'By.xpath: //button[@type = 'button' and (text() = 'Logout' or . = 'Logout')]' is not present after '15' second(s)

2018-05-09 20:48:46 - [TEST_STEP][PASSED] - delay: Delayed 1 second(s)

2018-05-09 20:48:47 - [MESSAGE][PASSED] - Delayed 1 second(s)

2018-05-09 20:48:47 - [TEST_STEP][PASSED] - setText: Text 'admin' is set on object 'Object Repository/Login_Page/input_username'

2018-05-09 20:48:47 - [MESSAGE][PASSED] - Text 'admin' is set on object 'Object Repository/Login_Page/input_username'

2018-05-09 20:48:47 - [TEST_STEP][PASSED] - setText: Text 'admin' is set on object 'Object Repository/Login_Page/input_password'

2018-05-09 20:48:47 - [MESSAGE][PASSED] - Text 'admin' is set on object 'Object Repository/Login_Page/input_password'

2018-05-09 20:48:47 - [TEST_STEP][PASSED] - click: Object: 'Object Repository/Login_Page/button_Login' is clicked on

2018-05-09 20:48:47 - [MESSAGE][PASSED] - Object: 'Object Repository/Login_Page/button_Login' is clicked on

2018-05-09 20:48:47 - [TEST_STEP][PASSED] - click: Object: 'Object Repository/Main_Page/a_Total Transaction' is clicked on

2018-05-09 20:48:47 - [MESSAGE][PASSED] - Object: 'Object Repository/Main_Page/a_Total Transaction' is clicked on

2018-05-09 20:48:47 - [TEST_STEP][PASSED] - Statement - verifyPrice = java.lang.String.format("%,d", firstprice + priceOfLatestTeansaction): null

2018-05-09 20:48:47 - [TEST_STEP][PASSED] - verifyElementText: Actual text and expected text of test object 'Object Repository/Transaction page/Total Transaction Price' are matched.

2018-05-09 20:48:48 - [MESSAGE][PASSED] - Actual text and expected text of test object 'Object Repository/Transaction page/Total Transaction Price' are matched.

2018-05-09 20:48:48 - [TEST_STEP][PASSED] - Statement - TransactionsTable = driver.findElement(org.openqa.selenium.By.xpath("//*[@id="add-row"]/div/table")): null

2018-05-09 20:48:48 - [TEST_STEP][PASSED] - Statement - transactions = TransactionsTable.findElements(org.openqa.selenium.By.tagName("tr")): null

2018-05-09 20:48:48 - [TEST_STEP][PASSED] - Statement - transactionSizeAfter = transactions.size(): null

2018-05-09 20:48:48 - [TEST_STEP][PASSED] - delay: Delayed 2 second(s)

2018-05-09 20:48:50 - [MESSAGE][PASSED] - Delayed 2 second(s)

2018-05-09 20:48:50 - [TEST_STEP][PASSED] - verifyEqual: Actual object '22' and expected object '22' are equal

2018-05-09 20:48:50 - [MESSAGE][PASSED] - Actual object '22' and expected object '22' are equal

2018-05-09 20:48:50 - [TEST_STEP][PASSED] - delay: Delayed 1 second(s)

2018-05-09 20:48:51 - [MESSAGE][PASSED] - Delayed 1 second(s)]]></system-out>
         <system-err><![CDATA[]]></system-err>
      </testcase>
      <system-out><![CDATA[2018-05-09 20:46:04 - [TEST_SUITE][FAILED] - Test transaction update: Test Cases/Test transaction update FAILED because (of) Unable to click on object 'Object Repository/Main_Page/Logout Button' (Root cause: org.openqa.selenium.WebDriverException: unknown error: Element <button _ngcontent-c1="" class="btn btn-primary my-2 my-sm-0" type="button">...</button> is not clickable at point (933, 19). Other element would receive the click: <div _ngcontent-c4="" id="add-row">...</div>
  (Session info: chrome=66.0.3359.139)
  (Driver info: chromedriver=2.35.528161 (5b82f2d2aae0ca24b877009200ced9065a772e73),platform=Windows NT 10.0.16299 x86_64) (WARNING: The server did not provide any stacktrace information)
Command duration or timeout: 0 milliseconds
Build info: version: '3.7.1', revision: '8a0099a', time: '2017-11-06T21:07:36.161Z'
System info: host: 'DESKTOP-IGTTMO3', ip: '10.80.178.12', os.name: 'Windows 10', os.arch: 'amd64', os.version: '10.0', java.version: '1.8.0_102'
Driver info: com.kms.katalon.selenium.driver.CChromeDriver
Capabilities {acceptInsecureCerts: false, acceptSslCerts: false, applicationCacheEnabled: false, browserConnectionEnabled: false, browserName: chrome, chrome: {chromedriverVersion: 2.35.528161 (5b82f2d2aae0ca..., userDataDir: C:\Users\Donut\AppData\Loca...}, cssSelectorsEnabled: true, databaseEnabled: false, handlesAlerts: true, hasTouchScreen: false, javascriptEnabled: true, locationContextEnabled: true, mobileEmulationEnabled: false, nativeEvents: true, networkConnectionEnabled: false, pageLoadStrategy: normal, platform: XP, platformName: XP, rotatable: false, setWindowRect: true, takesHeapSnapshot: true, takesScreenshot: true, unexpectedAlertBehaviour: , unhandledPromptBehavior: , version: 66.0.3359.139, webStorageEnabled: true}
Session ID: a2ce2c26a823741eaaf39adb50c45d01)]]></system-out>
      <system-err><![CDATA[2018-05-09 20:46:04 - [TEST_SUITE][FAILED] - Test transaction update: Test Cases/Test transaction update FAILED because (of) Unable to click on object 'Object Repository/Main_Page/Logout Button' (Root cause: org.openqa.selenium.WebDriverException: unknown error: Element <button _ngcontent-c1="" class="btn btn-primary my-2 my-sm-0" type="button">...</button> is not clickable at point (933, 19). Other element would receive the click: <div _ngcontent-c4="" id="add-row">...</div>
  (Session info: chrome=66.0.3359.139)
  (Driver info: chromedriver=2.35.528161 (5b82f2d2aae0ca24b877009200ced9065a772e73),platform=Windows NT 10.0.16299 x86_64) (WARNING: The server did not provide any stacktrace information)
Command duration or timeout: 0 milliseconds
Build info: version: '3.7.1', revision: '8a0099a', time: '2017-11-06T21:07:36.161Z'
System info: host: 'DESKTOP-IGTTMO3', ip: '10.80.178.12', os.name: 'Windows 10', os.arch: 'amd64', os.version: '10.0', java.version: '1.8.0_102'
Driver info: com.kms.katalon.selenium.driver.CChromeDriver
Capabilities {acceptInsecureCerts: false, acceptSslCerts: false, applicationCacheEnabled: false, browserConnectionEnabled: false, browserName: chrome, chrome: {chromedriverVersion: 2.35.528161 (5b82f2d2aae0ca..., userDataDir: C:\Users\Donut\AppData\Loca...}, cssSelectorsEnabled: true, databaseEnabled: false, handlesAlerts: true, hasTouchScreen: false, javascriptEnabled: true, locationContextEnabled: true, mobileEmulationEnabled: false, nativeEvents: true, networkConnectionEnabled: false, pageLoadStrategy: normal, platform: XP, platformName: XP, rotatable: false, setWindowRect: true, takesHeapSnapshot: true, takesScreenshot: true, unexpectedAlertBehaviour: , unhandledPromptBehavior: , version: 66.0.3359.139, webStorageEnabled: true}
Session ID: a2ce2c26a823741eaaf39adb50c45d01)]]></system-err>
   </testsuite>
</testsuites>
